            Reporte de la Compañía FUTURA for Período 1

Estado de Ingresos         % Ventas  Reporte de Operaciones
------------------           ------  ----------------------
Ventas             $  16077    100%  Decisiones:Precio     $    69
CBV                $  -4194     26%             Producción     420 unid.
                  --------- -------             Marketing  $  9000
Margen Bruto       $  11883     74%             Inversión  $  1000
Marketing          $  -9000     56%             I & D      $  5000
Depreciación       $  -1050      7%
I & D              $  -5000     31%
Carga Social       $      0      0%  Reporte de Producción:
Cargo Inventario   $      0      0%  Producción                420 unid.
Interés            $   -503      3%  Capacid. de Fábrica       525 unid.
                  --------- -------  Capacid. Utilizada        80%
Utilid.ant.de Imp. $  -3670    -22%  Produc.Costo/Unidad   $ 18.00
Impuestos          $      0      0%  Inventario                187 unid.
                  --------- -------  Empleados                  84 trabaj.
Utilidad Neta      $  -3670    -22%

Hoja de Balance             % Total  Reporte de Marketing:
---------------             -------  Ordenes Recibidas         233 unid.
Efectivo           $  15442     39%  Ventas Realizadas         233 unid.
Inventario         $   3366      8%  Ordenes no Realizadas       0 unid.
Inver. de Capital  $  20950     53%  Precio/Unid. Vendida  $ 69.00
                  --------- -------  Tot. Costo/Unid Vend. $ 84.75
Total Activo       $  39758    100%  Margen/Unid.Vendida   $-15.75

Préstamos          $  18289     46%  Reporte de Inversión:
Ganancias Reten.   $  -1369     -2%  Capacid.de Fabr. $  21000     525 unid.
Capital            $  22838     57%  Inversión Neta   $    -50      -1 unid.
                  --------- -------                   --------- ------
Pasivo+Patrimonio  $  39758    100%  Próx. Capacidad  $  20950     524 unid.

Flujo de Caja
---------
Caja Inicial       $  11879
Utilidad Neta      $  -3670
Depreciación       $   1050
Invers. de Capital $  -1000
Cambio de Invent.  $  -3366
Préstamo Neto      $   9631
                  ---------
Caja Final         $  15442

 La producción (cantidad ofertada) fue mayor que la demanda.
--Puede incrementar la cantidad demandada con un precio m s bajo.
--Puede incrementar la demanda (la curva de la demanda cambia a la derecha) 
 inviertiendo m s en el marketing e I & D.
--Puede reducir la cantidad ofertada produciendo menos.

 En este período su inventario excede 10 23607e su producción. Remember
there is an opportunity cost to carrying inventory. 
¿Es esto parte de su estrategia a largo plazo?

