            Reporte de la Compañía CEO for Período 1

Estado de Ingresos         % Ventas  Reporte de Operaciones
------------------           ------  ----------------------
Ventas             $  21000    100%  Decisiones:Precio     $    50
CBV                $  -7560     36%             Producción     420 unid.
                  --------- -------             Marketing  $  8000
Margen Bruto       $  13440     64%             Inversión  $  8050
Marketing          $  -8000     38%             I & D      $  9000
Depreciación       $  -1050      5%
I & D              $  -9000     43%
Carga Social       $      0      0%  Reporte de Producción:
Cargo Inventario   $      0      0%  Producción                420 unid.
Interés            $   -779      4%  Capacid. de Fábrica       525 unid.
                  --------- -------  Capacid. Utilizada        80%
Utilid.ant.de Imp. $  -5389    -25%  Produc.Costo/Unidad   $ 18.00
Impuestos          $      0      0%  Inventario                  0 unid.
                  --------- -------  Empleados                  84 trabaj.
Utilidad Neta      $  -5389    -25%

Hoja de Balance             % Total  Reporte de Marketing:
---------------             -------  Ordenes Recibidas         580 unid.
Efectivo           $  20518     42%  Ventas Realizadas         420 unid.
Inventario         $      0      0%  Ordenes no Realizadas     160 unid.
Inver. de Capital  $  28000     58%  Precio/Unid. Vendida  $ 50.00
                  --------- -------  Tot. Costo/Unid Vend. $ 62.83
Total Activo       $  48518    100%  Margen/Unid.Vendida   $-12.83

Préstamos          $  28339     58%  Reporte de Inversión:
Ganancias Reten.   $  -2659     -4%  Capacid.de Fabr. $  21000     525 unid.
Capital            $  22838     47%  Inversión Neta   $   7000     175 unid.
                  --------- -------                   --------- ------
Pasivo+Patrimonio  $  48518    100%  Próx. Capacidad  $  28000     700 unid.

Flujo de Caja
---------
Caja Inicial       $  11879
Utilidad Neta      $  -5389
Depreciación       $   1050
Invers. de Capital $  -8050
Cambio de Invent.  $      0
Préstamo Neto      $  19681
                  ---------
Caja Final         $  20518

 La cantidad demandada fue mayor que la producción (cantidad ofertada).
--Puede reducir la cantidad demandada con un precio m s alto.
--Puede reducir la demanda (la curva de la demanda cambiar a la izquierda)
 con menos marketing y/o menos I&D.
--Puede incrementar la cantidad ofertada con más producción.

