            Reporte de la Compañía ZEUS for Período 1

Estado de Ingresos         % Ventas  Reporte de Operaciones
------------------           ------  ----------------------
Ventas             $  16800    100%  Decisiones:Precio     $    40
CBV                $  -7560     45%             Producción     420 unid.
                  --------- -------             Marketing  $  1800
Margen Bruto       $   9240     55%             Inversión  $  2500
Marketing          $  -1800     11%             I & D      $  2000
Depreciación       $  -1050      6%
I & D              $  -2000     12%
Carga Social       $      0      0%  Reporte de Producción:
Cargo Inventario   $      0      0%  Producción                420 unid.
Interés            $   -264      2%  Capacid. de Fábrica       525 unid.
                  --------- -------  Capacid. Utilizada        80%
Utilid.ant.de Imp. $   4126     25%  Produc.Costo/Unidad   $ 18.00
Impuestos          $  -1032      6%  Inventario                  0 unid.
                  --------- -------  Empleados                  84 trabaj.
Utilidad Neta      $   3094     18%

Hoja de Balance             % Total  Reporte de Marketing:
---------------             -------  Ordenes Recibidas         628 unid.
Efectivo           $  14454     39%  Ventas Realizadas         420 unid.
Inventario         $      0      0%  Ordenes no Realizadas     208 unid.
Inver. de Capital  $  22450     61%  Precio/Unid. Vendida  $ 40.00
                  --------- -------  Tot. Costo/Unid Vend. $ 30.18
Total Activo       $  36904    100%  Margen/Unid.Vendida   $  9.82

Préstamos          $   9589     26%  Reporte de Inversión:
Ganancias Reten.   $   4477     12%  Capacid.de Fabr. $  21000     525 unid.
Capital            $  22838     62%  Inversión Neta   $   1450      36 unid.
                  --------- -------                   --------- ------
Pasivo+Patrimonio  $  36904    100%  Próx. Capacidad  $  22450     561 unid.

Flujo de Caja
---------
Caja Inicial       $  11879
Utilidad Neta      $   3094
Depreciación       $   1050
Invers. de Capital $  -2500
Cambio de Invent.  $      0
Préstamo Neto      $    931
                  ---------
Caja Final         $  14454

 La cantidad demandada fue mayor que la producción (cantidad ofertada).
--Puede reducir la cantidad demandada con un precio m s alto.
--Puede reducir la demanda (la curva de la demanda cambiar a la izquierda)
 con menos marketing y/o menos I&D.
--Puede incrementar la cantidad ofertada con más producción.

