            Reporte de la Compañía INFINITE for Período 1

Estado de Ingresos         % Ventas  Reporte de Operaciones
------------------           ------  ----------------------
Ventas             $  11790    100%  Decisiones:Precio     $    30
CBV                $  -7215     61%             Producción     393 unid.
                  --------- -------             Marketing  $  1050
Margen Bruto       $   4575     39%             Inversión  $  1050
Marketing          $  -1050      9%             I & D      $   393
Depreciación       $  -1050      9%
I & D              $   -393      3%
Carga Social       $      0      0%  Reporte de Producción:
Cargo Inventario   $      0      0%  Producción                393 unid.
Interés            $   -150      1%  Capacid. de Fábrica       525 unid.
                  --------- -------  Capacid. Utilizada        75%
Utilid.ant.de Imp. $   1932     16%  Produc.Costo/Unidad   $ 18.36
Impuestos          $   -483      4%  Inventario                  0 unid.
                  --------- -------  Empleados                  79 trabaj.
Utilidad Neta      $   1449     12%

Hoja de Balance             % Total  Reporte de Marketing:
---------------             -------  Ordenes Recibidas        1138 unid.
Efectivo           $  10108     32%  Ventas Realizadas         393 unid.
Inventario         $      0      0%  Ordenes no Realizadas     745 unid.
Inver. de Capital  $  21000     68%  Precio/Unid. Vendida  $ 30.00
                  --------- -------  Tot. Costo/Unid Vend. $ 25.08
Total Activo       $  31108    100%  Margen/Unid.Vendida   $  4.92

Préstamos          $   5437     17%  Reporte de Inversión:
Ganancias Reten.   $   2832      9%  Capacid.de Fabr. $  21000     525 unid.
Capital            $  22838     73%  Inversión Neta   $      0       0 unid.
                  --------- -------                   --------- ------
Pasivo+Patrimonio  $  31107    100%  Próx. Capacidad  $  21000     525 unid.

Flujo de Caja
---------
Caja Inicial       $  11879
Utilidad Neta      $   1449
Depreciación       $   1050
Invers. de Capital $  -1050
Cambio de Invent.  $      0
Préstamo Neto      $  -3221
                  ---------
Caja Final         $  10108

 La cantidad demandada fue mayor que la producción (cantidad ofertada).
--Puede reducir la cantidad demandada con un precio m s alto.
--Puede reducir la demanda (la curva de la demanda cambiar a la izquierda)
 con menos marketing y/o menos I&D.
--Puede incrementar la cantidad ofertada con más producción.

