            Reporte de la Compañía VERITAS for Período 1

Estado de Ingresos         % Ventas  Reporte de Operaciones
------------------           ------  ----------------------
Ventas             $  17840    100%  Decisiones:Precio     $    40
CBV                $  -8104     45%             Producción     446 unid.
                  --------- -------             Marketing  $  3500
Margen Bruto       $   9736     55%             Inversión  $ 12000
Marketing          $  -3500     20%             I & D      $   500
Depreciación       $  -1050      6%
I & D              $   -500      3%
Carga Social       $      0      0%  Reporte de Producción:
Cargo Inventario   $      0      0%  Producción                446 unid.
Interés            $   -545      3%  Capacid. de Fábrica       525 unid.
                  --------- -------  Capacid. Utilizada        85%
Utilid.ant.de Imp. $   4141     23%  Produc.Costo/Unidad   $ 18.17
Impuestos          $  -1035      6%  Inventario                  0 unid.
                  --------- -------  Empleados                  89 trabaj.
Utilidad Neta      $   3106     17%

Hoja de Balance             % Total  Reporte de Marketing:
---------------             -------  Ordenes Recibidas         576 unid.
Efectivo           $  15210     32%  Ventas Realizadas         446 unid.
Inventario         $      0      0%  Ordenes no Realizadas     130 unid.
Inver. de Capital  $  31950     68%  Precio/Unid. Vendida  $ 40.00
                  --------- -------  Tot. Costo/Unid Vend. $ 30.72
Total Activo       $  47160    100%  Margen/Unid.Vendida   $  9.28

Préstamos          $  19833     42%  Reporte de Inversión:
Ganancias Reten.   $   4489     10%  Capacid.de Fabr. $  21000     525 unid.
Capital            $  22838     48%  Inversión Neta   $  10950     274 unid.
                  --------- -------                   --------- ------
Pasivo+Patrimonio  $  47160    100%  Próx. Capacidad  $  31950     799 unid.

Flujo de Caja
---------
Caja Inicial       $  11879
Utilidad Neta      $   3106
Depreciación       $   1050
Invers. de Capital $ -12000
Cambio de Invent.  $      0
Préstamo Neto      $  11175
                  ---------
Caja Final         $  15210

 La cantidad demandada fue mayor que la producción (cantidad ofertada).
--Puede reducir la cantidad demandada con un precio m s alto.
--Puede reducir la demanda (la curva de la demanda cambiar a la izquierda)
 con menos marketing y/o menos I&D.
--Puede incrementar la cantidad ofertada con más producción.

