            Reporte de la Compañía TEODEG3 for Período 1

Estado de Ingresos         % Ventas  Reporte de Operaciones
------------------           ------  ----------------------
Ventas             $  21840    100%  Decisiones:Precio     $    52
CBV                $  -7560     35%             Producción     420 unid.
                  --------- -------             Marketing  $  8700
Margen Bruto       $  14280     65%             Inversión  $ 12000
Marketing          $  -8700     40%             I & D      $ 10000
Depreciación       $  -1050      5%
I & D              $ -10000     46%
Carga Social       $      0      0%  Reporte de Producción:
Cargo Inventario   $      0      0%  Producción                420 unid.
Interés            $   -935      4%  Capacid. de Fábrica       525 unid.
                  --------- -------  Capacid. Utilizada        80%
Utilid.ant.de Imp. $  -6405    -28%  Produc.Costo/Unidad   $ 18.00
Impuestos          $      0      0%  Inventario                  0 unid.
                  --------- -------  Empleados                  84 trabaj.
Utilidad Neta      $  -6405    -28%

Hoja de Balance             % Total  Reporte de Marketing:
---------------             -------  Ordenes Recibidas         535 unid.
Efectivo           $  21456     40%  Ventas Realizadas         420 unid.
Inventario         $      0      0%  Ordenes no Realizadas     115 unid.
Inver. de Capital  $  31950     60%  Precio/Unid. Vendida  $ 52.00
                  --------- -------  Tot. Costo/Unid Vend. $ 67.25
Total Activo       $  53406    100%  Margen/Unid.Vendida   $-15.25

Préstamos          $  33989     64%  Reporte de Inversión:
Ganancias Reten.   $  -3421     -5%  Capacid.de Fabr. $  21000     525 unid.
Capital            $  22838     43%  Inversión Neta   $  10950     274 unid.
                  --------- -------                   --------- ------
Pasivo+Patrimonio  $  53406    100%  Próx. Capacidad  $  31950     799 unid.

Flujo de Caja
---------
Caja Inicial       $  11879
Utilidad Neta      $  -6405
Depreciación       $   1050
Invers. de Capital $ -12000
Cambio de Invent.  $      0
Préstamo Neto      $  25331
                  ---------
Caja Final         $  21456

 La cantidad demandada fue mayor que la producción (cantidad ofertada).
--Puede reducir la cantidad demandada con un precio m s alto.
--Puede reducir la demanda (la curva de la demanda cambiar a la izquierda)
 con menos marketing y/o menos I&D.
--Puede incrementar la cantidad ofertada con más producción.

