            Reporte de la Compañía FACTORIZ for Período 1

Estado de Ingresos         % Ventas  Reporte de Operaciones
------------------           ------  ----------------------
Ventas             $  17394    100%  Decisiones:Precio     $    39
CBV                $  -8104     47%             Producción     446 unid.
                  --------- -------             Marketing  $  5000
Margen Bruto       $   9290     53%             Inversión  $  6000
Marketing          $  -5000     29%             I & D      $  4499
Depreciación       $  -1050      6%
I & D              $  -4499     26%
Carga Social       $      0      0%  Reporte de Producción:
Cargo Inventario   $      0      0%  Producción                446 unid.
Interés            $   -532      3%  Capacid. de Fábrica       525 unid.
                  --------- -------  Capacid. Utilizada        85%
Utilid.ant.de Imp. $  -1791     -9%  Produc.Costo/Unidad   $ 18.17
Impuestos          $      0      0%  Inventario                  0 unid.
                  --------- -------  Empleados                  89 trabaj.
Utilidad Neta      $  -1791     -9%

Hoja de Balance             % Total  Reporte de Marketing:
---------------             -------  Ordenes Recibidas         776 unid.
Efectivo           $  16260     39%  Ventas Realizadas         446 unid.
Inventario         $      0      0%  Ordenes no Realizadas     330 unid.
Inver. de Capital  $  25950     61%  Precio/Unid. Vendida  $ 39.00
                  --------- -------  Tot. Costo/Unid Vend. $ 43.02
Total Activo       $  42210    100%  Margen/Unid.Vendida   $ -4.02

Préstamos          $  19332     46%  Reporte de Inversión:
Ganancias Reten.   $     40      0%  Capacid.de Fabr. $  21000     525 unid.
Capital            $  22838     54%  Inversión Neta   $   4950     124 unid.
                  --------- -------                   --------- ------
Pasivo+Patrimonio  $  42210    100%  Próx. Capacidad  $  25950     649 unid.

Flujo de Caja
---------
Caja Inicial       $  11879
Utilidad Neta      $  -1791
Depreciación       $   1050
Invers. de Capital $  -6000
Cambio de Invent.  $      0
Préstamo Neto      $  10674
                  ---------
Caja Final         $  16260

 La cantidad demandada fue mayor que la producción (cantidad ofertada).
--Puede reducir la cantidad demandada con un precio m s alto.
--Puede reducir la demanda (la curva de la demanda cambiar a la izquierda)
 con menos marketing y/o menos I&D.
--Puede incrementar la cantidad ofertada con más producción.

