            Reporte de la Compañía HEFESTO for Período 1

Estado de Ingresos         % Ventas  Reporte de Operaciones
------------------           ------  ----------------------
Ventas             $  16800    100%  Decisiones:Precio     $    40
CBV                $  -7560     45%             Producción     420 unid.
                  --------- -------             Marketing  $  3500
Margen Bruto       $   9240     55%             Inversión  $ 12000
Marketing          $  -3500     21%             I & D      $  6500
Depreciación       $  -1050      6%
I & D              $  -6500     39%
Carga Social       $      0      0%  Reporte de Producción:
Cargo Inventario   $      0      0%  Producción                420 unid.
Interés            $   -695      4%  Capacid. de Fábrica       525 unid.
                  --------- -------  Capacid. Utilizada        80%
Utilid.ant.de Imp. $  -2505    -14%  Produc.Costo/Unidad   $ 18.00
Impuestos          $      0      0%  Inventario                  0 unid.
                  --------- -------  Empleados                  84 trabaj.
Utilidad Neta      $  -2505    -14%

Hoja de Balance             % Total  Reporte de Marketing:
---------------             -------  Ordenes Recibidas         714 unid.
Efectivo           $  15681     33%  Ventas Realizadas         420 unid.
Inventario         $      0      0%  Ordenes no Realizadas     294 unid.
Inver. de Capital  $  31950     67%  Precio/Unid. Vendida  $ 40.00
                  --------- -------  Tot. Costo/Unid Vend. $ 45.96
Total Activo       $  47631    100%  Margen/Unid.Vendida   $ -5.96

Préstamos          $  25289     53%  Reporte de Inversión:
Ganancias Reten.   $   -496      0%  Capacid.de Fabr. $  21000     525 unid.
Capital            $  22838     48%  Inversión Neta   $  10950     274 unid.
                  --------- -------                   --------- ------
Pasivo+Patrimonio  $  47631    100%  Próx. Capacidad  $  31950     799 unid.

Flujo de Caja
---------
Caja Inicial       $  11879
Utilidad Neta      $  -2505
Depreciación       $   1050
Invers. de Capital $ -12000
Cambio de Invent.  $      0
Préstamo Neto      $  16631
                  ---------
Caja Final         $  15681

 La cantidad demandada fue mayor que la producción (cantidad ofertada).
--Puede reducir la cantidad demandada con un precio m s alto.
--Puede reducir la demanda (la curva de la demanda cambiar a la izquierda)
 con menos marketing y/o menos I&D.
--Puede incrementar la cantidad ofertada con más producción.

