            Reporte de la Compañía IFEI2 for Período 1

Estado de Ingresos         % Ventas  Reporte de Operaciones
------------------           ------  ----------------------
Ventas             $  17160    100%  Decisiones:Precio     $    55
CBV                $  -5616     33%             Producción     420 unid.
                  --------- -------             Marketing  $  3000
Margen Bruto       $  11544     67%             Inversión  $ 12000
Marketing          $  -3000     17%             I & D      $  7000
Depreciación       $  -1050      6%
I & D              $  -7000     41%
Carga Social       $      0      0%  Reporte de Producción:
Cargo Inventario   $      0      0%  Producción                420 unid.
Interés            $   -695      4%  Capacid. de Fábrica       525 unid.
                  --------- -------  Capacid. Utilizada        80%
Utilid.ant.de Imp. $   -201      0%  Produc.Costo/Unidad   $ 18.00
Impuestos          $      0      0%  Inventario                108 unid.
                  --------- -------  Empleados                  84 trabaj.
Utilidad Neta      $   -201      0%

Hoja de Balance             % Total  Reporte de Marketing:
---------------             -------  Ordenes Recibidas         312 unid.
Efectivo           $  15465     31%  Ventas Realizadas         312 unid.
Inventario         $   1944      4%  Ordenes no Realizadas       0 unid.
Inver. de Capital  $  31950     65%  Precio/Unid. Vendida  $ 55.00
                  --------- -------  Tot. Costo/Unid Vend. $ 55.64
Total Activo       $  49359    100%  Margen/Unid.Vendida   $ -0.64

Préstamos          $  25289     51%  Reporte de Inversión:
Ganancias Reten.   $   1232      2%  Capacid.de Fabr. $  21000     525 unid.
Capital            $  22838     46%  Inversión Neta   $  10950     274 unid.
                  --------- -------                   --------- ------
Pasivo+Patrimonio  $  49359    100%  Próx. Capacidad  $  31950     799 unid.

Flujo de Caja
---------
Caja Inicial       $  11879
Utilidad Neta      $   -201
Depreciación       $   1050
Invers. de Capital $ -12000
Cambio de Invent.  $  -1944
Préstamo Neto      $  16631
                  ---------
Caja Final         $  15465

 La producción (cantidad ofertada) fue mayor que la demanda.
--Puede incrementar la cantidad demandada con un precio m s bajo.
--Puede incrementar la demanda (la curva de la demanda cambia a la derecha) 
 inviertiendo m s en el marketing e I & D.
--Puede reducir la cantidad ofertada produciendo menos.

 En este período su inventario excede 10 23607e su producción. Remember
there is an opportunity cost to carrying inventory. 
¿Es esto parte de su estrategia a largo plazo?

