            Reporte de la Compañía TVA for Período 1

Estado de Ingresos         % Ventas  Reporte de Operaciones
------------------           ------  ----------------------
Ventas             $  17820    100%  Decisiones:Precio     $    55
CBV                $  -6626     37%             Producción     350 unid.
                  --------- -------             Marketing  $  4500
Margen Bruto       $  11194     63%             Inversión  $  6000
Marketing          $  -4500     25%             I & D      $  5000
Depreciación       $  -1050      6%
I & D              $  -5000     28%
Carga Social       $    -90      1%  Reporte de Producción:
Cargo Inventario   $      0      0%  Producción                350 unid.
Interés            $   -506      3%  Capacid. de Fábrica       525 unid.
                  --------- -------  Capacid. Utilizada        67%
Utilid.ant.de Imp. $     48      0%  Produc.Costo/Unidad   $ 20.45
Impuestos          $    -12      0%  Inventario                 26 unid.
                  --------- -------  Empleados                  70 trabaj.
Utilidad Neta      $     36      0%

Hoja de Balance             % Total  Reporte de Marketing:
---------------             -------  Ordenes Recibidas         324 unid.
Efectivo           $  16162     38%  Ventas Realizadas         324 unid.
Inventario         $    532      1%  Ordenes no Realizadas       0 unid.
Inver. de Capital  $  25950     61%  Precio/Unid. Vendida  $ 55.00
                  --------- -------  Tot. Costo/Unid Vend. $ 54.57
Total Activo       $  42644    100%  Margen/Unid.Vendida   $  0.43

Préstamos          $  18386     43%  Reporte de Inversión:
Ganancias Reten.   $   1419      3%  Capacid.de Fabr. $  21000     525 unid.
Capital            $  22838     54%  Inversión Neta   $   4950     124 unid.
                  --------- -------                   --------- ------
Pasivo+Patrimonio  $  42644    100%  Próx. Capacidad  $  25950     649 unid.

Flujo de Caja
---------
Caja Inicial       $  11879
Utilidad Neta      $     36
Depreciación       $   1050
Invers. de Capital $  -6000
Cambio de Invent.  $   -532
Préstamo Neto      $   9728
                  ---------
Caja Final         $  16162

 La producción (cantidad ofertada) fue mayor que la demanda.
--Puede incrementar la cantidad demandada con un precio m s bajo.
--Puede incrementar la demanda (la curva de la demanda cambia a la derecha) 
 inviertiendo m s en el marketing e I & D.
--Puede reducir la cantidad ofertada produciendo menos.

 Su producción est  por debajo del 5 23607el costo mínimo por unidad,
 del nivel de producción. Puede incrementar la producción o reducir su inversión 
 de capital para lograr un costo mínimo por unidad.

