            Reporte de la Compañía ZEPE for Período 1

Estado de Ingresos         % Ventas  Reporte de Operaciones
------------------           ------  ----------------------
Ventas             $  15960    100%  Decisiones:Precio     $    38
CBV                $  -7560     47%             Producción     420 unid.
                  --------- -------             Marketing  $  2000
Margen Bruto       $   8400     53%             Inversión  $ 10500
Marketing          $  -2000     13%             I & D      $  2000
Depreciación       $  -1050      7%
I & D              $  -2000     13%
Carga Social       $      0      0%  Reporte de Producción:
Cargo Inventario   $      0      0%  Producción                420 unid.
Interés            $   -489      3%  Capacid. de Fábrica       525 unid.
                  --------- -------  Capacid. Utilizada        80%
Utilid.ant.de Imp. $   2861     18%  Produc.Costo/Unidad   $ 18.00
Impuestos          $   -715      4%  Inventario                  0 unid.
                  --------- -------  Empleados                  84 trabaj.
Utilidad Neta      $   2146     13%

Hoja de Balance             % Total  Reporte de Marketing:
---------------             -------  Ordenes Recibidas         708 unid.
Efectivo           $  13706     31%  Ventas Realizadas         420 unid.
Inventario         $      0      0%  Ordenes no Realizadas     288 unid.
Inver. de Capital  $  30450     69%  Precio/Unid. Vendida  $ 38.00
                  --------- -------  Tot. Costo/Unid Vend. $ 31.19
Total Activo       $  44156    100%  Margen/Unid.Vendida   $  6.81

Préstamos          $  17789     40%  Reporte de Inversión:
Ganancias Reten.   $   3529      8%  Capacid.de Fabr. $  21000     525 unid.
Capital            $  22838     52%  Inversión Neta   $   9450     236 unid.
                  --------- -------                   --------- ------
Pasivo+Patrimonio  $  44156    100%  Próx. Capacidad  $  30450     761 unid.

Flujo de Caja
---------
Caja Inicial       $  11879
Utilidad Neta      $   2146
Depreciación       $   1050
Invers. de Capital $ -10500
Cambio de Invent.  $      0
Préstamo Neto      $   9131
                  ---------
Caja Final         $  13706

 La cantidad demandada fue mayor que la producción (cantidad ofertada).
--Puede reducir la cantidad demandada con un precio m s alto.
--Puede reducir la demanda (la curva de la demanda cambiar a la izquierda)
 con menos marketing y/o menos I&D.
--Puede incrementar la cantidad ofertada con más producción.

