            Reporte de la Compañía PERSEO for Período 1

Estado de Ingresos         % Ventas  Reporte de Operaciones
------------------           ------  ----------------------
Ventas             $  24475    100%  Decisiones:Precio     $    55
CBV                $  -8081     33%             Producción     445 unid.
                  --------- -------             Marketing  $  7650
Margen Bruto       $  16394     67%             Inversión  $ 12000
Marketing          $  -7650     31%             I & D      $ 10000
Depreciación       $  -1050      4%
I & D              $ -10000     41%
Carga Social       $      0      0%  Reporte de Producción:
Cargo Inventario   $      0      0%  Producción                445 unid.
Interés            $   -920      4%  Capacid. de Fábrica       525 unid.
                  --------- -------  Capacid. Utilizada        85%
Utilid.ant.de Imp. $  -3226    -12%  Produc.Costo/Unidad   $ 18.16
Impuestos          $      0      0%  Inventario                  0 unid.
                  --------- -------  Empleados                  89 trabaj.
Utilidad Neta      $  -3226    -12%

Hoja de Balance             % Total  Reporte de Marketing:
---------------             -------  Ordenes Recibidas         522 unid.
Efectivo           $  23312     42%  Ventas Realizadas         445 unid.
Inventario         $      0      0%  Ordenes no Realizadas      77 unid.
Inver. de Capital  $  31950     58%  Precio/Unid. Vendida  $ 55.00
                  --------- -------  Tot. Costo/Unid Vend. $ 62.25
Total Activo       $  55262    100%  Margen/Unid.Vendida   $ -7.25

Préstamos          $  33460     61%  Reporte de Inversión:
Ganancias Reten.   $  -1036     -1%  Capacid.de Fabr. $  21000     525 unid.
Capital            $  22838     41%  Inversión Neta   $  10950     274 unid.
                  --------- -------                   --------- ------
Pasivo+Patrimonio  $  55262    100%  Próx. Capacidad  $  31950     799 unid.

Flujo de Caja
---------
Caja Inicial       $  11879
Utilidad Neta      $  -3226
Depreciación       $   1050
Invers. de Capital $ -12000
Cambio de Invent.  $      0
Préstamo Neto      $  24802
                  ---------
Caja Final         $  23312

 La cantidad demandada fue mayor que la producción (cantidad ofertada).
--Puede reducir la cantidad demandada con un precio m s alto.
--Puede reducir la demanda (la curva de la demanda cambiar a la izquierda)
 con menos marketing y/o menos I&D.
--Puede incrementar la cantidad ofertada con más producción.

