            Reporte de la Compañía JULMAR for Período 1

Estado de Ingresos         % Ventas  Reporte de Operaciones
------------------           ------  ----------------------
Ventas             $  19380    100%  Decisiones:Precio     $    76
CBV                $  -4950     26%             Producción     367 unid.
                  --------- -------             Marketing  $  8650
Margen Bruto       $  14430     74%             Inversión  $  3500
Marketing          $  -8650     45%             I & D      $  9850
Depreciación       $  -1050      5%
I & D              $  -9850     51%
Carga Social       $    -60      0%  Reporte de Producción:
Cargo Inventario   $      0      0%  Producción                367 unid.
Interés            $   -683      4%  Capacid. de Fábrica       525 unid.
                  --------- -------  Capacid. Utilizada        70%
Utilid.ant.de Imp. $  -5863    -29%  Produc.Costo/Unidad   $ 19.41
Impuestos          $      0      0%  Inventario                112 unid.
                  --------- -------  Empleados                  73 trabaj.
Utilidad Neta      $  -5863    -29%

Hoja de Balance             % Total  Reporte de Marketing:
---------------             -------  Ordenes Recibidas         255 unid.
Efectivo           $  19052     43%  Ventas Realizadas         255 unid.
Inventario         $   2174      5%  Ordenes no Realizadas       0 unid.
Inver. de Capital  $  23450     52%  Precio/Unid. Vendida  $ 76.00
                  --------- -------  Tot. Costo/Unid Vend. $ 98.76
Total Activo       $  44676    100%  Margen/Unid.Vendida   $-22.76

Préstamos          $  24852     56%  Reporte de Inversión:
Ganancias Reten.   $  -3014     -6%  Capacid.de Fabr. $  21000     525 unid.
Capital            $  22838     51%  Inversión Neta   $   2450      61 unid.
                  --------- -------                   --------- ------
Pasivo+Patrimonio  $  44676    100%  Próx. Capacidad  $  23450     586 unid.

Flujo de Caja
---------
Caja Inicial       $  11879
Utilidad Neta      $  -5863
Depreciación       $   1050
Invers. de Capital $  -3500
Cambio de Invent.  $  -2174
Préstamo Neto      $  16194
                  ---------
Caja Final         $  19052

 La producción (cantidad ofertada) fue mayor que la demanda.
--Puede incrementar la cantidad demandada con un precio m s bajo.
--Puede incrementar la demanda (la curva de la demanda cambia a la derecha) 
 inviertiendo m s en el marketing e I & D.
--Puede reducir la cantidad ofertada produciendo menos.

 En este período su inventario excede 10 23607e su producción. Remember
there is an opportunity cost to carrying inventory. 
¿Es esto parte de su estrategia a largo plazo?

 Su producción est  por debajo del 5 23607el costo mínimo por unidad,
 del nivel de producción. Puede incrementar la producción o reducir su inversión 
 de capital para lograr un costo mínimo por unidad.

