            Reporte de la Compañía SARCO for Período 1

Estado de Ingresos         % Ventas  Reporte de Operaciones
------------------           ------  ----------------------
Ventas             $  14700    100%  Decisiones:Precio     $    35
CBV                $  -7560     51%             Producción     420 unid.
                  --------- -------             Marketing  $   572
Margen Bruto       $   7140     49%             Inversión  $  1050
Marketing          $   -572      4%             I & D      $   117
Depreciación       $  -1050      7%
I & D              $   -117      1%
Carga Social       $      0      0%  Reporte de Producción:
Cargo Inventario   $      0      0%  Producción                420 unid.
Interés            $   -138      1%  Capacid. de Fábrica       525 unid.
                  --------- -------  Capacid. Utilizada        80%
Utilid.ant.de Imp. $   5263     36%  Produc.Costo/Unidad   $ 18.00
Impuestos          $  -1316      9%  Inventario                  0 unid.
                  --------- -------  Empleados                  84 trabaj.
Utilidad Neta      $   3947     27%

Hoja de Balance             % Total  Reporte de Marketing:
---------------             -------  Ordenes Recibidas         561 unid.
Efectivo           $  12196     37%  Ventas Realizadas         420 unid.
Inventario         $      0      0%  Ordenes no Realizadas     141 unid.
Inver. de Capital  $  21000     63%  Precio/Unid. Vendida  $ 35.00
                  --------- -------  Tot. Costo/Unid Vend. $ 22.47
Total Activo       $  33196    100%  Margen/Unid.Vendida   $ 12.53

Préstamos          $   5028     15%  Reporte de Inversión:
Ganancias Reten.   $   5330     16%  Capacid.de Fabr. $  21000     525 unid.
Capital            $  22838     69%  Inversión Neta   $      0       0 unid.
                  --------- -------                   --------- ------
Pasivo+Patrimonio  $  33196    100%  Próx. Capacidad  $  21000     525 unid.

Flujo de Caja
---------
Caja Inicial       $  11879
Utilidad Neta      $   3947
Depreciación       $   1050
Invers. de Capital $  -1050
Cambio de Invent.  $      0
Préstamo Neto      $  -3630
                  ---------
Caja Final         $  12196

 La cantidad demandada fue mayor que la producción (cantidad ofertada).
--Puede reducir la cantidad demandada con un precio m s alto.
--Puede reducir la demanda (la curva de la demanda cambiar a la izquierda)
 con menos marketing y/o menos I&D.
--Puede incrementar la cantidad ofertada con más producción.

