            Reporte de la Compañía FTSCG for Período 1

Estado de Ingresos         % Ventas  Reporte de Operaciones
------------------           ------  ----------------------
Ventas             $  13440    100%  Decisiones:Precio     $    32
CBV                $  -7560     56%             Producción     420 unid.
                  --------- -------             Marketing  $  1700
Margen Bruto       $   5880     44%             Inversión  $  3000
Marketing          $  -1700     13%             I & D      $   900
Depreciación       $  -1050      8%
I & D              $   -900      7%
Carga Social       $      0      0%  Reporte de Producción:
Cargo Inventario   $      0      0%  Producción                420 unid.
Interés            $   -244      2%  Capacid. de Fábrica       525 unid.
                  --------- -------  Capacid. Utilizada        80%
Utilid.ant.de Imp. $   1986     15%  Produc.Costo/Unidad   $ 18.00
Impuestos          $   -497      4%  Inventario                  0 unid.
                  --------- -------  Empleados                  84 trabaj.
Utilidad Neta      $   1489     11%

Hoja de Balance             % Total  Reporte de Marketing:
---------------             -------  Ordenes Recibidas         798 unid.
Efectivo           $  11649     34%  Ventas Realizadas         420 unid.
Inventario         $      0      0%  Ordenes no Realizadas     378 unid.
Inver. de Capital  $  22950     66%  Precio/Unid. Vendida  $ 32.00
                  --------- -------  Tot. Costo/Unid Vend. $ 27.27
Total Activo       $  34599    100%  Margen/Unid.Vendida   $  4.73

Préstamos          $   8889     26%  Reporte de Inversión:
Ganancias Reten.   $   2872      8%  Capacid.de Fabr. $  21000     525 unid.
Capital            $  22838     66%  Inversión Neta   $   1950      49 unid.
                  --------- -------                   --------- ------
Pasivo+Patrimonio  $  34599    100%  Próx. Capacidad  $  22950     574 unid.

Flujo de Caja
---------
Caja Inicial       $  11879
Utilidad Neta      $   1489
Depreciación       $   1050
Invers. de Capital $  -3000
Cambio de Invent.  $      0
Préstamo Neto      $    231
                  ---------
Caja Final         $  11649

 La cantidad demandada fue mayor que la producción (cantidad ofertada).
--Puede reducir la cantidad demandada con un precio m s alto.
--Puede reducir la demanda (la curva de la demanda cambiar a la izquierda)
 con menos marketing y/o menos I&D.
--Puede incrementar la cantidad ofertada con más producción.

