            Reporte de la Compañía TRIANFON for Período 1

Estado de Ingresos         % Ventas  Reporte de Operaciones
------------------           ------  ----------------------
Ventas             $  18900    100%  Decisiones:Precio     $    45
CBV                $  -7560     40%             Producción     420 unid.
                  --------- -------             Marketing  $  5000
Margen Bruto       $  11340     60%             Inversión  $  4050
Marketing          $  -5000     26%             I & D      $  6000
Depreciación       $  -1050      6%
I & D              $  -6000     32%
Carga Social       $      0      0%  Reporte de Producción:
Cargo Inventario   $      0      0%  Producción                420 unid.
Interés            $   -504      3%  Capacid. de Fábrica       525 unid.
                  --------- -------  Capacid. Utilizada        80%
Utilid.ant.de Imp. $  -1214     -5%  Produc.Costo/Unidad   $ 18.00
Impuestos          $      0      0%  Inventario                  0 unid.
                  --------- -------  Empleados                  84 trabaj.
Utilidad Neta      $  -1214     -5%

Hoja de Balance             % Total  Reporte de Marketing:
---------------             -------  Ordenes Recibidas         525 unid.
Efectivo           $  17650     42%  Ventas Realizadas         420 unid.
Inventario         $      0      0%  Ordenes no Realizadas     105 unid.
Inver. de Capital  $  24000     58%  Precio/Unid. Vendida  $ 45.00
                  --------- -------  Tot. Costo/Unid Vend. $ 47.89
Total Activo       $  41650    100%  Margen/Unid.Vendida   $ -2.89

Préstamos          $  18339     44%  Reporte de Inversión:
Ganancias Reten.   $    473      1%  Capacid.de Fabr. $  21000     525 unid.
Capital            $  22838     55%  Inversión Neta   $   3000      75 unid.
                  --------- -------                   --------- ------
Pasivo+Patrimonio  $  41650    100%  Próx. Capacidad  $  24000     600 unid.

Flujo de Caja
---------
Caja Inicial       $  11879
Utilidad Neta      $  -1214
Depreciación       $   1050
Invers. de Capital $  -4050
Cambio de Invent.  $      0
Préstamo Neto      $   9681
                  ---------
Caja Final         $  17650

 La cantidad demandada fue mayor que la producción (cantidad ofertada).
--Puede reducir la cantidad demandada con un precio m s alto.
--Puede reducir la demanda (la curva de la demanda cambiar a la izquierda)
 con menos marketing y/o menos I&D.
--Puede incrementar la cantidad ofertada con más producción.

