            Reporte de la Compañía STELLA3 for Período 1

Estado de Ingresos         % Ventas  Reporte de Operaciones
------------------           ------  ----------------------
Ventas             $  18900    100%  Decisiones:Precio     $    45
CBV                $  -7560     40%             Producción     420 unid.
                  --------- -------             Marketing  $  3500
Margen Bruto       $  11340     60%             Inversión  $  4050
Marketing          $  -3500     19%             I & D      $  5000
Depreciación       $  -1050      6%
I & D              $  -5000     26%
Carga Social       $      0      0%  Reporte de Producción:
Cargo Inventario   $      0      0%  Producción                420 unid.
Interés            $   -436      2%  Capacid. de Fábrica       525 unid.
                  --------- -------  Capacid. Utilizada        80%
Utilid.ant.de Imp. $   1354      7%  Produc.Costo/Unidad   $ 18.00
Impuestos          $   -339      2%  Inventario                  0 unid.
                  --------- -------  Empleados                  84 trabaj.
Utilidad Neta      $   1015      5%

Hoja de Balance             % Total  Reporte de Marketing:
---------------             -------  Ordenes Recibidas         510 unid.
Efectivo           $  17075     42%  Ventas Realizadas         420 unid.
Inventario         $      0      0%  Ordenes no Realizadas      90 unid.
Inver. de Capital  $  24000     58%  Precio/Unid. Vendida  $ 45.00
                  --------- -------  Tot. Costo/Unid Vend. $ 41.78
Total Activo       $  41075    100%  Margen/Unid.Vendida   $  3.22

Préstamos          $  15839     39%  Reporte de Inversión:
Ganancias Reten.   $   2398      6%  Capacid.de Fabr. $  21000     525 unid.
Capital            $  22838     56%  Inversión Neta   $   3000      75 unid.
                  --------- -------                   --------- ------
Pasivo+Patrimonio  $  41075    100%  Próx. Capacidad  $  24000     600 unid.

Flujo de Caja
---------
Caja Inicial       $  11879
Utilidad Neta      $   1015
Depreciación       $   1050
Invers. de Capital $  -4050
Cambio de Invent.  $      0
Préstamo Neto      $   7181
                  ---------
Caja Final         $  17075

 La cantidad demandada fue mayor que la producción (cantidad ofertada).
--Puede reducir la cantidad demandada con un precio m s alto.
--Puede reducir la demanda (la curva de la demanda cambiar a la izquierda)
 con menos marketing y/o menos I&D.
--Puede incrementar la cantidad ofertada con más producción.

