            Reporte de la Compañía ADORA2 for Período 1

Estado de Ingresos         % Ventas  Reporte de Operaciones
------------------           ------  ----------------------
Ventas             $  15960    100%  Decisiones:Precio     $    38
CBV                $  -7560     47%             Producción     420 unid.
                  --------- -------             Marketing  $  2500
Margen Bruto       $   8400     53%             Inversión  $ 10050
Marketing          $  -2500     16%             I & D      $  5650
Depreciación       $  -1050      7%
I & D              $  -5650     35%
Carga Social       $      0      0%  Reporte de Producción:
Cargo Inventario   $      0      0%  Producción                420 unid.
Interés            $   -591      4%  Capacid. de Fábrica       525 unid.
                  --------- -------  Capacid. Utilizada        80%
Utilid.ant.de Imp. $  -1391     -8%  Produc.Costo/Unidad   $ 18.00
Impuestos          $      0      0%  Inventario                  0 unid.
                  --------- -------  Empleados                  84 trabaj.
Utilidad Neta      $  -1391     -8%

Hoja de Balance             % Total  Reporte de Marketing:
---------------             -------  Ordenes Recibidas         736 unid.
Efectivo           $  14667     33%  Ventas Realizadas         420 unid.
Inventario         $      0      0%  Ordenes no Realizadas     316 unid.
Inver. de Capital  $  30000     67%  Precio/Unid. Vendida  $ 38.00
                  --------- -------  Tot. Costo/Unid Vend. $ 41.31
Total Activo       $  44667    100%  Margen/Unid.Vendida   $ -3.31

Préstamos          $  21489     48%  Reporte de Inversión:
Ganancias Reten.   $    340      1%  Capacid.de Fabr. $  21000     525 unid.
Capital            $  22838     51%  Inversión Neta   $   9000     225 unid.
                  --------- -------                   --------- ------
Pasivo+Patrimonio  $  44667    100%  Próx. Capacidad  $  30000     750 unid.

Flujo de Caja
---------
Caja Inicial       $  11879
Utilidad Neta      $  -1391
Depreciación       $   1050
Invers. de Capital $ -10050
Cambio de Invent.  $      0
Préstamo Neto      $  12831
                  ---------
Caja Final         $  14667

 La cantidad demandada fue mayor que la producción (cantidad ofertada).
--Puede reducir la cantidad demandada con un precio m s alto.
--Puede reducir la demanda (la curva de la demanda cambiar a la izquierda)
 con menos marketing y/o menos I&D.
--Puede incrementar la cantidad ofertada con más producción.

