            Reporte de la Compañía CSKA for Período 1

Estado de Ingresos         % Ventas  Reporte de Operaciones
------------------           ------  ----------------------
Ventas             $  18900    100%  Decisiones:Precio     $    45
CBV                $  -7560     40%             Producción     420 unid.
                  --------- -------             Marketing  $  3500
Margen Bruto       $  11340     60%             Inversión  $  5000
Marketing          $  -3500     19%             I & D      $  4500
Depreciación       $  -1050      6%
I & D              $  -4500     24%
Carga Social       $      0      0%  Reporte de Producción:
Cargo Inventario   $      0      0%  Producción                420 unid.
Interés            $   -448      2%  Capacid. de Fábrica       525 unid.
                  --------- -------  Capacid. Utilizada        80%
Utilid.ant.de Imp. $   1842     10%  Produc.Costo/Unidad   $ 18.00
Impuestos          $   -461      2%  Inventario                  0 unid.
                  --------- -------  Empleados                  84 trabaj.
Utilidad Neta      $   1381      7%

Hoja de Balance             % Total  Reporte de Marketing:
---------------             -------  Ordenes Recibidas         574 unid.
Efectivo           $  16941     40%  Ventas Realizadas         420 unid.
Inventario         $      0      0%  Ordenes no Realizadas     154 unid.
Inver. de Capital  $  24950     60%  Precio/Unid. Vendida  $ 45.00
                  --------- -------  Tot. Costo/Unid Vend. $ 40.61
Total Activo       $  41891    100%  Margen/Unid.Vendida   $  4.39

Préstamos          $  16289     39%  Reporte de Inversión:
Ganancias Reten.   $   2764      7%  Capacid.de Fabr. $  21000     525 unid.
Capital            $  22838     55%  Inversión Neta   $   3950      99 unid.
                  --------- -------                   --------- ------
Pasivo+Patrimonio  $  41891    100%  Próx. Capacidad  $  24950     624 unid.

Flujo de Caja
---------
Caja Inicial       $  11879
Utilidad Neta      $   1381
Depreciación       $   1050
Invers. de Capital $  -5000
Cambio de Invent.  $      0
Préstamo Neto      $   7631
                  ---------
Caja Final         $  16941

 La cantidad demandada fue mayor que la producción (cantidad ofertada).
--Puede reducir la cantidad demandada con un precio m s alto.
--Puede reducir la demanda (la curva de la demanda cambiar a la izquierda)
 con menos marketing y/o menos I&D.
--Puede incrementar la cantidad ofertada con más producción.

