            Reporte de la Compañía LAMGRUP1 for Período 1

Estado de Ingresos         % Ventas  Reporte de Operaciones
------------------           ------  ----------------------
Ventas             $  22816    100%  Decisiones:Precio     $    46
CBV                $  -9647     42%             Producción     496 unid.
                  --------- -------             Marketing  $  4200
Margen Bruto       $  13169     58%             Inversión  $  7100
Marketing          $  -4200     18%             I & D      $  4500
Depreciación       $  -1050      5%
I & D              $  -4500     20%
Carga Social       $      0      0%  Reporte de Producción:
Cargo Inventario   $      0      0%  Producción                496 unid.
Interés            $   -582      3%  Capacid. de Fábrica       525 unid.
                  --------- -------  Capacid. Utilizada        94%
Utilid.ant.de Imp. $   2837     12%  Produc.Costo/Unidad   $ 19.45
Impuestos          $   -709      3%  Inventario                  0 unid.
                  --------- -------  Empleados                  99 trabaj.
Utilidad Neta      $   2128      9%

Hoja de Balance             % Total  Reporte de Marketing:
---------------             -------  Ordenes Recibidas         554 unid.
Efectivo           $  20475     43%  Ventas Realizadas         496 unid.
Inventario         $      0      0%  Ordenes no Realizadas      58 unid.
Inver. de Capital  $  27050     57%  Precio/Unid. Vendida  $ 46.00
                  --------- -------  Tot. Costo/Unid Vend. $ 40.28
Total Activo       $  47525    100%  Margen/Unid.Vendida   $  5.72

Préstamos          $  21176     45%  Reporte de Inversión:
Ganancias Reten.   $   3511      7%  Capacid.de Fabr. $  21000     525 unid.
Capital            $  22838     48%  Inversión Neta   $   6050     151 unid.
                  --------- -------                   --------- ------
Pasivo+Patrimonio  $  47525    100%  Próx. Capacidad  $  27050     676 unid.

Flujo de Caja
---------
Caja Inicial       $  11879
Utilidad Neta      $   2128
Depreciación       $   1050
Invers. de Capital $  -7100
Cambio de Invent.  $      0
Préstamo Neto      $  12518
                  ---------
Caja Final         $  20475

 La cantidad demandada fue mayor que la producción (cantidad ofertada).
--Puede reducir la cantidad demandada con un precio m s alto.
--Puede reducir la demanda (la curva de la demanda cambiar a la izquierda)
 con menos marketing y/o menos I&D.
--Puede incrementar la cantidad ofertada con más producción.

 Su producción est  por encima del 5 23607el costo mínimo por unidad, del nivel 
 de producción. Ud. podría reducir la producción o incrementar la capacidad 
 para lograr un costo mínimo por unidad.

