            Reporte de la Compañía CSC for Período 1

Estado de Ingresos         % Ventas  Reporte de Operaciones
------------------           ------  ----------------------
Ventas             $  20000    100%  Decisiones:Precio     $    40
CBV                $  -9800     49%             Producción     500 unid.
                  --------- -------             Marketing  $  5000
Margen Bruto       $  10200     51%             Inversión  $  9000
Marketing          $  -5000     25%             I & D      $  6000
Depreciación       $  -1050      5%
I & D              $  -6000     30%
Carga Social       $      0      0%  Reporte de Producción:
Cargo Inventario   $      0      0%  Producción                500 unid.
Interés            $   -702      4%  Capacid. de Fábrica       525 unid.
                  --------- -------  Capacid. Utilizada        95%
Utilid.ant.de Imp. $  -2552    -12%  Produc.Costo/Unidad   $ 19.60
Impuestos          $      0      0%  Inventario                  0 unid.
                  --------- -------  Empleados                 100 trabaj.
Utilidad Neta      $  -2552    -12%

Hoja de Balance             % Total  Reporte de Marketing:
---------------             -------  Ordenes Recibidas         955 unid.
Efectivo           $  18886     39%  Ventas Realizadas         500 unid.
Inventario         $      0      0%  Ordenes no Realizadas     455 unid.
Inver. de Capital  $  28950     61%  Precio/Unid. Vendida  $ 40.00
                  --------- -------  Tot. Costo/Unid Vend. $ 45.10
Total Activo       $  47836    100%  Margen/Unid.Vendida   $ -5.10

Préstamos          $  25529     53%  Reporte de Inversión:
Ganancias Reten.   $   -531      0%  Capacid.de Fabr. $  21000     525 unid.
Capital            $  22838     48%  Inversión Neta   $   7950     199 unid.
                  --------- -------                   --------- ------
Pasivo+Patrimonio  $  47836    100%  Próx. Capacidad  $  28950     724 unid.

Flujo de Caja
---------
Caja Inicial       $  11879
Utilidad Neta      $  -2552
Depreciación       $   1050
Invers. de Capital $  -9000
Cambio de Invent.  $      0
Préstamo Neto      $  16871
                  ---------
Caja Final         $  18886

 La cantidad demandada fue mayor que la producción (cantidad ofertada).
--Puede reducir la cantidad demandada con un precio m s alto.
--Puede reducir la demanda (la curva de la demanda cambiar a la izquierda)
 con menos marketing y/o menos I&D.
--Puede incrementar la cantidad ofertada con más producción.

 Su producción est  por encima del 5 23607el costo mínimo por unidad, del nivel 
 de producción. Ud. podría reducir la producción o incrementar la capacidad 
 para lograr un costo mínimo por unidad.

