            Reporte de la Compañía GUDEL for Período 1

Estado de Ingresos         % Ventas  Reporte de Operaciones
------------------           ------  ----------------------
Ventas             $  16048    100%  Decisiones:Precio     $    68
CBV                $  -4248     26%             Producción     420 unid.
                  --------- -------             Marketing  $  3000
Margen Bruto       $  11800     74%             Inversión  $ 12000
Marketing          $  -3000     19%             I & D      $ 10000
Depreciación       $  -1050      7%
I & D              $ -10000     62%
Carga Social       $      0      0%  Reporte de Producción:
Cargo Inventario   $      0      0%  Producción                420 unid.
Interés            $   -778      5%  Capacid. de Fábrica       525 unid.
                  --------- -------  Capacid. Utilizada        80%
Utilid.ant.de Imp. $  -3028    -18%  Produc.Costo/Unidad   $ 18.00
Impuestos          $      0      0%  Inventario                184 unid.
                  --------- -------  Empleados                  84 trabaj.
Utilidad Neta      $  -3028    -18%

Hoja de Balance             % Total  Reporte de Marketing:
---------------             -------  Ordenes Recibidas         236 unid.
Efectivo           $  14977     30%  Ventas Realizadas         236 unid.
Inventario         $   3312      7%  Ordenes no Realizadas       0 unid.
Inver. de Capital  $  31950     64%  Precio/Unid. Vendida  $ 68.00
                  --------- -------  Tot. Costo/Unid Vend. $ 80.83
Total Activo       $  50239    100%  Margen/Unid.Vendida   $-12.83

Préstamos          $  28289     56%  Reporte de Inversión:
Ganancias Reten.   $   -888     -1%  Capacid.de Fabr. $  21000     525 unid.
Capital            $  22838     45%  Inversión Neta   $  10950     274 unid.
                  --------- -------                   --------- ------
Pasivo+Patrimonio  $  50239    100%  Próx. Capacidad  $  31950     799 unid.

Flujo de Caja
---------
Caja Inicial       $  11879
Utilidad Neta      $  -3028
Depreciación       $   1050
Invers. de Capital $ -12000
Cambio de Invent.  $  -3312
Préstamo Neto      $  19631
                  ---------
Caja Final         $  14977

 La producción (cantidad ofertada) fue mayor que la demanda.
--Puede incrementar la cantidad demandada con un precio m s bajo.
--Puede incrementar la demanda (la curva de la demanda cambia a la derecha) 
 inviertiendo m s en el marketing e I & D.
--Puede reducir la cantidad ofertada produciendo menos.

 En este período su inventario excede 10 23607e su producción. Remember
there is an opportunity cost to carrying inventory. 
¿Es esto parte de su estrategia a largo plazo?

