            Reporte de la Compañía PFP for Período 1

Estado de Ingresos         % Ventas  Reporte de Operaciones
------------------           ------  ----------------------
Ventas             $  14560    100%  Decisiones:Precio     $    28
CBV                $ -10660     73%             Producción     520 unid.
                  --------- -------             Marketing  $  5000
Margen Bruto       $   3900     27%             Inversión  $  6300
Marketing          $  -5000     34%             I & D      $  2000
Depreciación       $  -1050      7%
I & D              $  -2000     14%
Carga Social       $      0      0%  Reporte de Producción:
Cargo Inventario   $      0      0%  Producción                520 unid.
Interés            $   -541      4%  Capacid. de Fábrica       525 unid.
                  --------- -------  Capacid. Utilizada        99%
Utilid.ant.de Imp. $  -4691    -31%  Produc.Costo/Unidad   $ 20.50
Impuestos          $      0      0%  Inventario                  0 unid.
                  --------- -------  Empleados                 104 trabaj.
Utilidad Neta      $  -4691    -31%

Hoja de Balance             % Total  Reporte de Marketing:
---------------             -------  Ordenes Recibidas        1102 unid.
Efectivo           $  14142     35%  Ventas Realizadas         520 unid.
Inventario         $      0      0%  Ordenes no Realizadas     582 unid.
Inver. de Capital  $  26250     65%  Precio/Unid. Vendida  $ 28.00
                  --------- -------  Tot. Costo/Unid Vend. $ 37.02
Total Activo       $  40392    100%  Margen/Unid.Vendida   $ -9.02

Préstamos          $  19689     49%  Reporte de Inversión:
Ganancias Reten.   $  -2135     -4%  Capacid.de Fabr. $  21000     525 unid.
Capital            $  22838     57%  Inversión Neta   $   5250     131 unid.
                  --------- -------                   --------- ------
Pasivo+Patrimonio  $  40392    100%  Próx. Capacidad  $  26250     656 unid.

Flujo de Caja
---------
Caja Inicial       $  11879
Utilidad Neta      $  -4691
Depreciación       $   1050
Invers. de Capital $  -6300
Cambio de Invent.  $      0
Préstamo Neto      $  11031
                  ---------
Caja Final         $  14142

 La cantidad demandada fue mayor que la producción (cantidad ofertada).
--Puede reducir la cantidad demandada con un precio m s alto.
--Puede reducir la demanda (la curva de la demanda cambiar a la izquierda)
 con menos marketing y/o menos I&D.
--Puede incrementar la cantidad ofertada con más producción.

 Su producción est  por encima del 5 23607el costo mínimo por unidad, del nivel 
 de producción. Ud. podría reducir la producción o incrementar la capacidad 
 para lograr un costo mínimo por unidad.

