            Reporte de la Compañía LA22 for Período 1

Estado de Ingresos         % Ventas  Reporte de Operaciones
------------------           ------  ----------------------
Ventas             $  18330    100%  Decisiones:Precio     $    65
CBV                $  -5076     28%             Producción     420 unid.
                  --------- -------             Marketing  $  4000
Margen Bruto       $  13254     72%             Inversión  $ 12000
Marketing          $  -4000     22%             I & D      $ 10000
Depreciación       $  -1050      6%
I & D              $ -10000     55%
Carga Social       $      0      0%  Reporte de Producción:
Cargo Inventario   $      0      0%  Producción                420 unid.
Interés            $   -805      4%  Capacid. de Fábrica       525 unid.
                  --------- -------  Capacid. Utilizada        80%
Utilid.ant.de Imp. $  -2601    -13%  Produc.Costo/Unidad   $ 18.00
Impuestos          $      0      0%  Inventario                138 unid.
                  --------- -------  Empleados                  84 trabaj.
Utilidad Neta      $  -2601    -13%

Hoja de Balance             % Total  Reporte de Marketing:
---------------             -------  Ordenes Recibidas         282 unid.
Efectivo           $  17125     33%  Ventas Realizadas         282 unid.
Inventario         $   2484      5%  Ordenes no Realizadas       0 unid.
Inver. de Capital  $  31950     62%  Precio/Unid. Vendida  $ 65.00
                  --------- -------  Tot. Costo/Unid Vend. $ 74.22
Total Activo       $  51559    100%  Margen/Unid.Vendida   $ -9.22

Préstamos          $  29289     57%  Reporte de Inversión:
Ganancias Reten.   $   -568      0%  Capacid.de Fabr. $  21000     525 unid.
Capital            $  22838     44%  Inversión Neta   $  10950     274 unid.
                  --------- -------                   --------- ------
Pasivo+Patrimonio  $  51559    100%  Próx. Capacidad  $  31950     799 unid.

Flujo de Caja
---------
Caja Inicial       $  11879
Utilidad Neta      $  -2601
Depreciación       $   1050
Invers. de Capital $ -12000
Cambio de Invent.  $  -2484
Préstamo Neto      $  20631
                  ---------
Caja Final         $  17125

 La producción (cantidad ofertada) fue mayor que la demanda.
--Puede incrementar la cantidad demandada con un precio m s bajo.
--Puede incrementar la demanda (la curva de la demanda cambia a la derecha) 
 inviertiendo m s en el marketing e I & D.
--Puede reducir la cantidad ofertada produciendo menos.

 En este período su inventario excede 10 23607e su producción. Remember
there is an opportunity cost to carrying inventory. 
¿Es esto parte de su estrategia a largo plazo?

