            Reporte de la Compañía SYNDROME for Período 1

Estado de Ingresos         % Ventas  Reporte de Operaciones
------------------           ------  ----------------------
Ventas             $  25200    100%  Decisiones:Precio     $    60
CBV                $  -7560     30%             Producción     420 unid.
                  --------- -------             Marketing  $  9000
Margen Bruto       $  17640     70%             Inversión  $  3500
Marketing          $  -9000     36%             I & D      $ 10000
Depreciación       $  -1050      4%
I & D              $ -10000     40%
Carga Social       $      0      0%  Reporte de Producción:
Cargo Inventario   $      0      0%  Producción                420 unid.
Interés            $   -709      3%  Capacid. de Fábrica       525 unid.
                  --------- -------  Capacid. Utilizada        80%
Utilid.ant.de Imp. $  -3119    -11%  Produc.Costo/Unidad   $ 18.00
Impuestos          $      0      0%  Inventario                  0 unid.
                  --------- -------  Empleados                  84 trabaj.
Utilidad Neta      $  -3119    -11%

Hoja de Balance             % Total  Reporte de Marketing:
---------------             -------  Ordenes Recibidas         489 unid.
Efectivo           $  24221     51%  Ventas Realizadas         420 unid.
Inventario         $      0      0%  Ordenes no Realizadas      69 unid.
Inver. de Capital  $  23450     49%  Precio/Unid. Vendida  $ 60.00
                  --------- -------  Tot. Costo/Unid Vend. $ 67.43
Total Activo       $  47671    100%  Margen/Unid.Vendida   $ -7.43

Préstamos          $  25789     54%  Reporte de Inversión:
Ganancias Reten.   $   -956     -1%  Capacid.de Fabr. $  21000     525 unid.
Capital            $  22838     48%  Inversión Neta   $   2450      61 unid.
                  --------- -------                   --------- ------
Pasivo+Patrimonio  $  47671    100%  Próx. Capacidad  $  23450     586 unid.

Flujo de Caja
---------
Caja Inicial       $  11879
Utilidad Neta      $  -3119
Depreciación       $   1050
Invers. de Capital $  -3500
Cambio de Invent.  $      0
Préstamo Neto      $  17131
                  ---------
Caja Final         $  24221

 La cantidad demandada fue mayor que la producción (cantidad ofertada).
--Puede reducir la cantidad demandada con un precio m s alto.
--Puede reducir la demanda (la curva de la demanda cambiar a la izquierda)
 con menos marketing y/o menos I&D.
--Puede incrementar la cantidad ofertada con más producción.

