            Reporte de la Compañía IFEI5 for Período 1

Estado de Ingresos         % Ventas  Reporte de Operaciones
------------------           ------  ----------------------
Ventas             $  13750    100%  Decisiones:Precio     $    55
CBV                $  -8118     59%             Producción     250 unid.
                  --------- -------             Marketing  $  2500
Margen Bruto       $   5632     41%             Inversión  $ 10000
Marketing          $  -2500     18%             I & D      $  3000
Depreciación       $  -1050      8%
I & D              $  -3000     22%
Carga Social       $   -290      2%  Reporte de Producción:
Cargo Inventario   $      0      0%  Producción                250 unid.
Interés            $   -532      4%  Capacid. de Fábrica       525 unid.
                  --------- -------  Capacid. Utilizada        48%
Utilid.ant.de Imp. $  -1740    -12%  Produc.Costo/Unidad   $ 32.47
Impuestos          $      0      0%  Inventario                  0 unid.
                  --------- -------  Empleados                  50 trabaj.
Utilidad Neta      $  -1740    -12%

Hoja de Balance             % Total  Reporte de Marketing:
---------------             -------  Ordenes Recibidas         260 unid.
Efectivo           $  12312     29%  Ventas Realizadas         250 unid.
Inventario         $      0      0%  Ordenes no Realizadas      10 unid.
Inver. de Capital  $  29950     71%  Precio/Unid. Vendida  $ 55.00
                  --------- -------  Tot. Costo/Unid Vend. $ 60.80
Total Activo       $  42262    100%  Margen/Unid.Vendida   $ -5.80

Préstamos          $  19346     46%  Reporte de Inversión:
Ganancias Reten.   $     78      0%  Capacid.de Fabr. $  21000     525 unid.
Capital            $  22838     54%  Inversión Neta   $   8950     224 unid.
                  --------- -------                   --------- ------
Pasivo+Patrimonio  $  42262    100%  Próx. Capacidad  $  29950     749 unid.

Flujo de Caja
---------
Caja Inicial       $  11879
Utilidad Neta      $  -1740
Depreciación       $   1050
Invers. de Capital $ -10000
Cambio de Invent.  $      0
Préstamo Neto      $  10688
                  ---------
Caja Final         $  12312

 Felicitaciones! Ud. ha logrado balancear su producción (cantidad ofertada) y 
 ordenes (cantidad demandada) con un margen del 5%.

 Su producción est  por debajo del 5 23607el costo mínimo por unidad,
 del nivel de producción. Puede incrementar la producción o reducir su inversión 
 de capital para lograr un costo mínimo por unidad.

