            Reporte de la Compañía SCORPIO for Período 1

Estado de Ingresos         % Ventas  Reporte de Operaciones
------------------           ------  ----------------------
Ventas             $  12600    100%  Decisiones:Precio     $    30
CBV                $  -7560     60%             Producción     420 unid.
                  --------- -------             Marketing  $  1260
Margen Bruto       $   5040     40%             Inversión  $  7050
Marketing          $  -1260     10%             I & D      $   380
Depreciación       $  -1050      8%
I & D              $   -380      3%
Carga Social       $      0      0%  Reporte de Producción:
Cargo Inventario   $      0      0%  Producción                420 unid.
Interés            $   -329      3%  Capacid. de Fábrica       525 unid.
                  --------- -------  Capacid. Utilizada        80%
Utilid.ant.de Imp. $   2021     16%  Produc.Costo/Unidad   $ 18.00
Impuestos          $   -505      4%  Inventario                  0 unid.
                  --------- -------  Empleados                  84 trabaj.
Utilidad Neta      $   1516     12%

Hoja de Balance             % Total  Reporte de Marketing:
---------------             -------  Ordenes Recibidas        1505 unid.
Efectivo           $  10716     28%  Ventas Realizadas         420 unid.
Inventario         $      0      0%  Ordenes no Realizadas    1085 unid.
Inver. de Capital  $  27000     72%  Precio/Unid. Vendida  $ 30.00
                  --------- -------  Tot. Costo/Unid Vend. $ 25.19
Total Activo       $  37716    100%  Margen/Unid.Vendida   $  4.81

Préstamos          $  11979     32%  Reporte de Inversión:
Ganancias Reten.   $   2899      8%  Capacid.de Fabr. $  21000     525 unid.
Capital            $  22838     61%  Inversión Neta   $   6000     150 unid.
                  --------- -------                   --------- ------
Pasivo+Patrimonio  $  37716    100%  Próx. Capacidad  $  27000     675 unid.

Flujo de Caja
---------
Caja Inicial       $  11879
Utilidad Neta      $   1516
Depreciación       $   1050
Invers. de Capital $  -7050
Cambio de Invent.  $      0
Préstamo Neto      $   3321
                  ---------
Caja Final         $  10716

 La cantidad demandada fue mayor que la producción (cantidad ofertada).
--Puede reducir la cantidad demandada con un precio m s alto.
--Puede reducir la demanda (la curva de la demanda cambiar a la izquierda)
 con menos marketing y/o menos I&D.
--Puede incrementar la cantidad ofertada con más producción.

