            Reporte de la Compañía VULCANO for Período 1

Estado de Ingresos         % Ventas  Reporte de Operaciones
------------------           ------  ----------------------
Ventas             $  18920    100%  Decisiones:Precio     $    40
CBV                $  -8845     47%             Producción     473 unid.
                  --------- -------             Marketing  $  2500
Margen Bruto       $  10075     53%             Inversión  $  5000
Marketing          $  -2500     13%             I & D      $  8000
Depreciación       $  -1050      6%
I & D              $  -8000     42%
Carga Social       $      0      0%  Reporte de Producción:
Cargo Inventario   $      0      0%  Producción                473 unid.
Interés            $   -552      3%  Capacid. de Fábrica       525 unid.
                  --------- -------  Capacid. Utilizada        90%
Utilid.ant.de Imp. $  -2027    -10%  Produc.Costo/Unidad   $ 18.70
Impuestos          $      0      0%  Inventario                  0 unid.
                  --------- -------  Empleados                  95 trabaj.
Utilidad Neta      $  -2027    -10%

Hoja de Balance             % Total  Reporte de Marketing:
---------------             -------  Ordenes Recibidas         865 unid.
Efectivo           $  17825     42%  Ventas Realizadas         473 unid.
Inventario         $      0      0%  Ordenes no Realizadas     392 unid.
Inver. de Capital  $  24950     58%  Precio/Unid. Vendida  $ 40.00
                  --------- -------  Tot. Costo/Unid Vend. $ 44.29
Total Activo       $  42775    100%  Margen/Unid.Vendida   $ -4.29

Préstamos          $  20074     47%  Reporte de Inversión:
Ganancias Reten.   $   -137      0%  Capacid.de Fabr. $  21000     525 unid.
Capital            $  22838     53%  Inversión Neta   $   3950      99 unid.
                  --------- -------                   --------- ------
Pasivo+Patrimonio  $  42775    100%  Próx. Capacidad  $  24950     624 unid.

Flujo de Caja
---------
Caja Inicial       $  11879
Utilidad Neta      $  -2027
Depreciación       $   1050
Invers. de Capital $  -5000
Cambio de Invent.  $      0
Préstamo Neto      $  11416
                  ---------
Caja Final         $  17825

 La cantidad demandada fue mayor que la producción (cantidad ofertada).
--Puede reducir la cantidad demandada con un precio m s alto.
--Puede reducir la demanda (la curva de la demanda cambiar a la izquierda)
 con menos marketing y/o menos I&D.
--Puede incrementar la cantidad ofertada con más producción.

 Su producción est  por encima del 5 23607el costo mínimo por unidad, del nivel 
 de producción. Ud. podría reducir la producción o incrementar la capacidad 
 para lograr un costo mínimo por unidad.

