            Reporte de la Compañía BELFAST for Período 1

Estado de Ingresos         % Ventas  Reporte de Operaciones
------------------           ------  ----------------------
Ventas             $  18480    100%  Decisiones:Precio     $    44
CBV                $  -7560     41%             Producción     420 unid.
                  --------- -------             Marketing  $  4000
Margen Bruto       $  10920     59%             Inversión  $  6050
Marketing          $  -4000     22%             I & D      $  5000
Depreciación       $  -1050      6%
I & D              $  -5000     27%
Carga Social       $      0      0%  Reporte de Producción:
Cargo Inventario   $      0      0%  Producción                420 unid.
Interés            $   -504      3%  Capacid. de Fábrica       525 unid.
                  --------- -------  Capacid. Utilizada        80%
Utilid.ant.de Imp. $    366      2%  Produc.Costo/Unidad   $ 18.00
Impuestos          $    -92      0%  Inventario                  0 unid.
                  --------- -------  Empleados                  84 trabaj.
Utilidad Neta      $    274      1%

Hoja de Balance             % Total  Reporte de Marketing:
---------------             -------  Ordenes Recibidas         520 unid.
Efectivo           $  16834     39%  Ventas Realizadas         420 unid.
Inventario         $      0      0%  Ordenes no Realizadas     100 unid.
Inver. de Capital  $  26000     61%  Precio/Unid. Vendida  $ 44.00
                  --------- -------  Tot. Costo/Unid Vend. $ 43.13
Total Activo       $  42834    100%  Margen/Unid.Vendida   $  0.87

Préstamos          $  18339     43%  Reporte de Inversión:
Ganancias Reten.   $   1657      4%  Capacid.de Fabr. $  21000     525 unid.
Capital            $  22838     53%  Inversión Neta   $   5000     125 unid.
                  --------- -------                   --------- ------
Pasivo+Patrimonio  $  42834    100%  Próx. Capacidad  $  26000     650 unid.

Flujo de Caja
---------
Caja Inicial       $  11879
Utilidad Neta      $    274
Depreciación       $   1050
Invers. de Capital $  -6050
Cambio de Invent.  $      0
Préstamo Neto      $   9681
                  ---------
Caja Final         $  16834

 La cantidad demandada fue mayor que la producción (cantidad ofertada).
--Puede reducir la cantidad demandada con un precio m s alto.
--Puede reducir la demanda (la curva de la demanda cambiar a la izquierda)
 con menos marketing y/o menos I&D.
--Puede incrementar la cantidad ofertada con más producción.

