            Reporte de la Compañía AMAPOLA for Período 1

Estado de Ingresos         % Ventas  Reporte de Operaciones
------------------           ------  ----------------------
Ventas             $  15972    100%  Decisiones:Precio     $    66
CBV                $  -5024     31%             Producción     525 unid.
                  --------- -------             Marketing  $  6000
Margen Bruto       $  10948     69%             Inversión  $  5000
Marketing          $  -6000     38%             I & D      $  7000
Depreciación       $  -1050      7%
I & D              $  -7000     44%
Carga Social       $      0      0%  Reporte de Producción:
Cargo Inventario   $      0      0%  Producción                525 unid.
Interés            $   -677      4%  Capacid. de Fábrica       525 unid.
                  --------- -------  Capacid. Utilizada       100%
Utilid.ant.de Imp. $  -3779    -23%  Produc.Costo/Unidad   $ 20.76
Impuestos          $      0      0%  Inventario                283 unid.
                  --------- -------  Empleados                 105 trabaj.
Utilidad Neta      $  -3779    -23%

Hoja de Balance             % Total  Reporte de Marketing:
---------------             -------  Ordenes Recibidas         242 unid.
Efectivo           $  15189     33%  Ventas Realizadas         242 unid.
Inventario         $   5876     13%  Ordenes no Realizadas       0 unid.
Inver. de Capital  $  24950     54%  Precio/Unid. Vendida  $ 66.00
                  --------- -------  Tot. Costo/Unid Vend. $ 81.62
Total Activo       $  46015    100%  Margen/Unid.Vendida   $-15.62

Préstamos          $  24628     54%  Reporte de Inversión:
Ganancias Reten.   $  -1451     -2%  Capacid.de Fabr. $  21000     525 unid.
Capital            $  22838     50%  Inversión Neta   $   3950      99 unid.
                  --------- -------                   --------- ------
Pasivo+Patrimonio  $  46015    100%  Próx. Capacidad  $  24950     624 unid.

Flujo de Caja
---------
Caja Inicial       $  11879
Utilidad Neta      $  -3779
Depreciación       $   1050
Invers. de Capital $  -5000
Cambio de Invent.  $  -5876
Préstamo Neto      $  15970
                  ---------
Caja Final         $  15189

 La producción (cantidad ofertada) fue mayor que la demanda.
--Puede incrementar la cantidad demandada con un precio m s bajo.
--Puede incrementar la demanda (la curva de la demanda cambia a la derecha) 
 inviertiendo m s en el marketing e I & D.
--Puede reducir la cantidad ofertada produciendo menos.

 En este período su inventario excede 10 23607e su producción. Remember
there is an opportunity cost to carrying inventory. 
¿Es esto parte de su estrategia a largo plazo?

 Su producción est  por encima del 5 23607el costo mínimo por unidad, del nivel 
 de producción. Ud. podría reducir la producción o incrementar la capacidad 
 para lograr un costo mínimo por unidad.

