            Reporte de la Compañía MENTEIFE for Período 1

Estado de Ingresos         % Ventas  Reporte de Operaciones
------------------           ------  ----------------------
Ventas             $  16800    100%  Decisiones:Precio     $    40
CBV                $  -7560     45%             Producción     420 unid.
                  --------- -------             Marketing  $  1000
Margen Bruto       $   9240     55%             Inversión  $  9000
Marketing          $  -1000      6%             I & D      $  3000
Depreciación       $  -1050      6%
I & D              $  -3000     18%
Carga Social       $      0      0%  Reporte de Producción:
Cargo Inventario   $      0      0%  Producción                420 unid.
Interés            $   -448      3%  Capacid. de Fábrica       525 unid.
                  --------- -------  Capacid. Utilizada        80%
Utilid.ant.de Imp. $   3742     22%  Produc.Costo/Unidad   $ 18.00
Impuestos          $   -936      6%  Inventario                  0 unid.
                  --------- -------  Empleados                  84 trabaj.
Utilidad Neta      $   2806     17%

Hoja de Balance             % Total  Reporte de Marketing:
---------------             -------  Ordenes Recibidas         523 unid.
Efectivo           $  14366     33%  Ventas Realizadas         420 unid.
Inventario         $      0      0%  Ordenes no Realizadas     103 unid.
Inver. de Capital  $  28950     67%  Precio/Unid. Vendida  $ 40.00
                  --------- -------  Tot. Costo/Unid Vend. $ 31.09
Total Activo       $  43316    100%  Margen/Unid.Vendida   $  8.91

Préstamos          $  16289     38%  Reporte de Inversión:
Ganancias Reten.   $   4189     10%  Capacid.de Fabr. $  21000     525 unid.
Capital            $  22838     53%  Inversión Neta   $   7950     199 unid.
                  --------- -------                   --------- ------
Pasivo+Patrimonio  $  43316    100%  Próx. Capacidad  $  28950     724 unid.

Flujo de Caja
---------
Caja Inicial       $  11879
Utilidad Neta      $   2806
Depreciación       $   1050
Invers. de Capital $  -9000
Cambio de Invent.  $      0
Préstamo Neto      $   7631
                  ---------
Caja Final         $  14366

 La cantidad demandada fue mayor que la producción (cantidad ofertada).
--Puede reducir la cantidad demandada con un precio m s alto.
--Puede reducir la demanda (la curva de la demanda cambiar a la izquierda)
 con menos marketing y/o menos I&D.
--Puede incrementar la cantidad ofertada con más producción.

