            Reporte de la Compañía BOLCKBUS for Período 1

Estado de Ingresos         % Ventas  Reporte de Operaciones
------------------           ------  ----------------------
Ventas             $   9000    100%  Decisiones:Precio     $    60
CBV                $  -8175     91%             Producción     150 unid.
                  --------- -------             Marketing  $  6000
Margen Bruto       $    825      9%             Inversión  $  7000
Marketing          $  -6000     67%             I & D      $  7000
Depreciación       $  -1050     12%
I & D              $  -7000     78%
Carga Social       $   -490      5%  Reporte de Producción:
Cargo Inventario   $      0      0%  Producción                150 unid.
Interés            $   -657      7%  Capacid. de Fábrica       525 unid.
                  --------- -------  Capacid. Utilizada        29%
Utilid.ant.de Imp. $ -14372    -159%  Produc.Costo/Unidad   $ 54.50
Impuestos          $      0      0%  Inventario                  0 unid.
                  --------- -------  Empleados                  30 trabaj.
Utilidad Neta      $ -14372    -159%

Hoja de Balance             % Total  Reporte de Marketing:
---------------             -------  Ordenes Recibidas         299 unid.
Efectivo           $  10396     28%  Ventas Realizadas         150 unid.
Inventario         $      0      0%  Ordenes no Realizadas     149 unid.
Inver. de Capital  $  26950     72%  Precio/Unid. Vendida  $ 60.00
                  --------- -------  Tot. Costo/Unid Vend. $152.55
Total Activo       $  37346    100%  Margen/Unid.Vendida   $-92.55

Préstamos          $  23904     64%  Reporte de Inversión:
Ganancias Reten.   $  -9396    -24%  Capacid.de Fabr. $  21000     525 unid.
Capital            $  22838     61%  Inversión Neta   $   5950     149 unid.
                  --------- -------                   --------- ------
Pasivo+Patrimonio  $  37346    100%  Próx. Capacidad  $  26950     674 unid.

Flujo de Caja
---------
Caja Inicial       $  11879
Utilidad Neta      $ -14372
Depreciación       $   1050
Invers. de Capital $  -7000
Cambio de Invent.  $      0
Préstamo Neto      $  15246
                  ---------
Caja Final         $  10396

 La cantidad demandada fue mayor que la producción (cantidad ofertada).
--Puede reducir la cantidad demandada con un precio m s alto.
--Puede reducir la demanda (la curva de la demanda cambiar a la izquierda)
 con menos marketing y/o menos I&D.
--Puede incrementar la cantidad ofertada con más producción.

 Su producción est  por debajo del 5 23607el costo mínimo por unidad,
 del nivel de producción. Puede incrementar la producción o reducir su inversión 
 de capital para lograr un costo mínimo por unidad.

