            Reporte de la Compañía BONEO4B2 for Período 1

Estado de Ingresos         % Ventas  Reporte de Operaciones
------------------           ------  ----------------------
Ventas             $  21000    100%  Decisiones:Precio     $    40
CBV                $ -10899     52%             Producción     525 unid.
                  --------- -------             Marketing  $  7000
Margen Bruto       $  10101     48%             Inversión  $  5000
Marketing          $  -7000     33%             I & D      $  5000
Depreciación       $  -1050      5%
I & D              $  -5000     24%
Carga Social       $      0      0%  Reporte de Producción:
Cargo Inventario   $      0      0%  Producción                525 unid.
Interés            $   -650      3%  Capacid. de Fábrica       525 unid.
                  --------- -------  Capacid. Utilizada       100%
Utilid.ant.de Imp. $  -3599    -16%  Produc.Costo/Unidad   $ 20.76
Impuestos          $      0      0%  Inventario                  0 unid.
                  --------- -------  Empleados                 105 trabaj.
Utilidad Neta      $  -3599    -16%

Hoja de Balance             % Total  Reporte de Marketing:
---------------             -------  Ordenes Recibidas         879 unid.
Efectivo           $  20200     45%  Ventas Realizadas         525 unid.
Inventario         $      0      0%  Ordenes no Realizadas     354 unid.
Inver. de Capital  $  24950     55%  Precio/Unid. Vendida  $ 40.00
                  --------- -------  Tot. Costo/Unid Vend. $ 46.86
Total Activo       $  45150    100%  Margen/Unid.Vendida   $ -6.86

Préstamos          $  23628     52%  Reporte de Inversión:
Ganancias Reten.   $  -1316     -2%  Capacid.de Fabr. $  21000     525 unid.
Capital            $  22838     51%  Inversión Neta   $   3950      99 unid.
                  --------- -------                   --------- ------
Pasivo+Patrimonio  $  45150    100%  Próx. Capacidad  $  24950     624 unid.

Flujo de Caja
---------
Caja Inicial       $  11879
Utilidad Neta      $  -3599
Depreciación       $   1050
Invers. de Capital $  -5000
Cambio de Invent.  $      0
Préstamo Neto      $  14970
                  ---------
Caja Final         $  20200

 La cantidad demandada fue mayor que la producción (cantidad ofertada).
--Puede reducir la cantidad demandada con un precio m s alto.
--Puede reducir la demanda (la curva de la demanda cambiar a la izquierda)
 con menos marketing y/o menos I&D.
--Puede incrementar la cantidad ofertada con más producción.

 Su producción est  por encima del 5 23607el costo mínimo por unidad, del nivel 
 de producción. Ud. podría reducir la producción o incrementar la capacidad 
 para lograr un costo mínimo por unidad.

