                  Reporte Industrial    Período 1

Unidades                    Cambio    Dolares                         Cambio
--------                    ------    -------                         ------
Total Ordenes         4714     50%    Ventas Industr.        $106906     13%
Total Produc.         3326      6%    Precio Promedio        $ 35.10     17%
Total Vendido         3046     -2%    Total Producción       $ 61868      7%
Capac. Total          4200      0%    Costo Prom Pdun        $ 18.60      1%
Inventario             280      0%    Total Costo Prom       $ 35.27     39%

Productividad               Cambio    Dolares                         Cambio
-------------               ------    -------                         ------
Empleo                 665      6%    Tasa Prima                 10%      0%
Ventas/Empleado   $    161      7%    Préstamo Límite        $ 50000      0%
Unid./Empleado        5.00      0%    Tasa del Impuesto          25%      0%
Invers. de Cap.   $ 191100     14%    Imp. Pag. Período      $  -130   -103%
Capacid. Utiliz.       79%      4%    Imp. Pag. Fecha        $ 69942      0%

        CRONOSS   ADORA8  LOSPIBE  ENFRIAD      PFP     LA22  SUNSKAY    APOLO
       -------- -------- -------- -------- -------- -------- -------- --------
Ventas  $ 11790  $ 13066  $ 11790  $ 11790  $ 14560  $ 18330  $ 13790  $ 11790
Util.   $  1449  $   484  $  1449  $  1449  $ -4691  $ -2601  $ -1600  $  1449
Precio  $    30  $    47  $    30  $    30  $    28  $    65  $    35  $    30
GanRet  $  2832  $  1867  $  2832  $  2832  $ -2135  $  -568  $   183  $  2832
UnRepa      13%       9%      13%      13%      17%       9%      13%      13%
MPI          95       78       95       95       19       47       55       95

Industry Notes
--------------
 Las compañías compensan sus costos altos con precios altos. 
¿Qué efecto tuvo esto en las ordenes?

 Las ordenes excedieron a la producción aún cuando los precios se incrementaron.
 Algunas compañías deben tener inversiones fuertes en Marketing o en I&D.

 Con una Inversi¢n de Capital alto, habr  m s capacidad en la industria el 
 pr¢ximo per¡odo. Para las compa¤¡as que invirtieron, operaciones eficientes 
 que requer¡an una producción m s alta pero con un costo m s bajo por unidad.

