            Reporte de la Compañía ADORA4 for Período 1

Estado de Ingresos         % Ventas  Reporte de Operaciones
------------------           ------  ----------------------
Ventas             $  15120    100%  Decisiones:Precio     $    36
CBV                $  -7560     50%             Producción     420 unid.
                  --------- -------             Marketing  $  1330
Margen Bruto       $   7560     50%             Inversión  $  4050
Marketing          $  -1330      9%             I & D      $  1000
Depreciación       $  -1050      7%
I & D              $  -1000      7%
Carga Social       $      0      0%  Reporte de Producción:
Cargo Inventario   $      0      0%  Producción                420 unid.
Interés            $   -266      2%  Capacid. de Fábrica       525 unid.
                  --------- -------  Capacid. Utilizada        80%
Utilid.ant.de Imp. $   3914     26%  Produc.Costo/Unidad   $ 18.00
Impuestos          $   -979      6%  Inventario                  0 unid.
                  --------- -------  Empleados                  84 trabaj.
Utilidad Neta      $   2935     19%

Hoja de Balance             % Total  Reporte de Marketing:
---------------             -------  Ordenes Recibidas         565 unid.
Efectivo           $  12825     35%  Ventas Realizadas         420 unid.
Inventario         $      0      0%  Ordenes no Realizadas     145 unid.
Inver. de Capital  $  24000     65%  Precio/Unid. Vendida  $ 36.00
                  --------- -------  Tot. Costo/Unid Vend. $ 26.68
Total Activo       $  36825    100%  Margen/Unid.Vendida   $  9.32

Préstamos          $   9669     26%  Reporte de Inversión:
Ganancias Reten.   $   4318     12%  Capacid.de Fabr. $  21000     525 unid.
Capital            $  22838     62%  Inversión Neta   $   3000      75 unid.
                  --------- -------                   --------- ------
Pasivo+Patrimonio  $  36825    100%  Próx. Capacidad  $  24000     600 unid.

Flujo de Caja
---------
Caja Inicial       $  11879
Utilidad Neta      $   2935
Depreciación       $   1050
Invers. de Capital $  -4050
Cambio de Invent.  $      0
Préstamo Neto      $   1011
                  ---------
Caja Final         $  12825

 La cantidad demandada fue mayor que la producción (cantidad ofertada).
--Puede reducir la cantidad demandada con un precio m s alto.
--Puede reducir la demanda (la curva de la demanda cambiar a la izquierda)
 con menos marketing y/o menos I&D.
--Puede incrementar la cantidad ofertada con más producción.

