            Reporte de la Compañía TAPIRES for Período 1

Estado de Ingresos         % Ventas  Reporte de Operaciones
------------------           ------  ----------------------
Ventas             $  17150    100%  Decisiones:Precio     $    50
CBV                $  -7121     42%             Producción     525 unid.
                  --------- -------             Marketing  $  4500
Margen Bruto       $  10029     58%             Inversión  $  8400
Marketing          $  -4500     26%             I & D      $  5000
Depreciación       $  -1050      6%
I & D              $  -5000     29%
Carga Social       $      0      0%  Reporte de Producción:
Cargo Inventario   $      0      0%  Producción                525 unid.
Interés            $   -675      4%  Capacid. de Fábrica       525 unid.
                  --------- -------  Capacid. Utilizada       100%
Utilid.ant.de Imp. $  -1196     -6%  Produc.Costo/Unidad   $ 20.76
Impuestos          $      0      0%  Inventario                182 unid.
                  --------- -------  Empleados                 105 trabaj.
Utilidad Neta      $  -1196     -6%

Hoja de Balance             % Total  Reporte de Marketing:
---------------             -------  Ordenes Recibidas         343 unid.
Efectivo           $  15723     33%  Ventas Realizadas         343 unid.
Inventario         $   3779      8%  Ordenes no Realizadas       0 unid.
Inver. de Capital  $  28350     59%  Precio/Unid. Vendida  $ 50.00
                  --------- -------  Tot. Costo/Unid Vend. $ 53.49
Total Activo       $  47852    100%  Margen/Unid.Vendida   $ -3.49

Préstamos          $  24528     51%  Reporte de Inversión:
Ganancias Reten.   $    486      1%  Capacid.de Fabr. $  21000     525 unid.
Capital            $  22838     48%  Inversión Neta   $   7350     184 unid.
                  --------- -------                   --------- ------
Pasivo+Patrimonio  $  47852    100%  Próx. Capacidad  $  28350     709 unid.

Flujo de Caja
---------
Caja Inicial       $  11879
Utilidad Neta      $  -1196
Depreciación       $   1050
Invers. de Capital $  -8400
Cambio de Invent.  $  -3779
Préstamo Neto      $  15870
                  ---------
Caja Final         $  15723

 La producción (cantidad ofertada) fue mayor que la demanda.
--Puede incrementar la cantidad demandada con un precio m s bajo.
--Puede incrementar la demanda (la curva de la demanda cambia a la derecha) 
 inviertiendo m s en el marketing e I & D.
--Puede reducir la cantidad ofertada produciendo menos.

 En este período su inventario excede 10 23607e su producción. Remember
there is an opportunity cost to carrying inventory. 
¿Es esto parte de su estrategia a largo plazo?

 Su producción est  por encima del 5 23607el costo mínimo por unidad, del nivel 
 de producción. Ud. podría reducir la producción o incrementar la capacidad 
 para lograr un costo mínimo por unidad.

