            Reporte de la Compañía 3LUNAS for Período 1

Estado de Ingresos         % Ventas  Reporte de Operaciones
------------------           ------  ----------------------
Ventas             $  16884    100%  Decisiones:Precio     $    63
CBV                $-172311    1021%             Producción    2000 unid.
                  --------- -------             Marketing  $  9000
Margen Bruto       $-155427    -920%             Inversión  $  1000
Marketing          $  -9000     53%             I & D      $  4000
Depreciación       $  -1050      6%
I & D              $  -4000     24%
Carga Social       $      0      0%  Reporte de Producción:
Cargo Inventario   $      0      0%  Producción               2000 unid.
Interés            $ -35630    211%  Capacid. de Fábrica       525 unid.
                  --------- -------  Capacid. Utilizada       381%
Utilid.ant.de Imp. $-205107    -1214%  Produc.Costo/Unidad   $ 642.95
Impuestos          $      0      0%  Inventario               1732 unid.
                  --------- -------  Empleados                 400 trabaj.
Utilidad Neta      $-205107    -1214%

Hoja de Balance             % Total  Reporte de Marketing:
---------------             -------  Ordenes Recibidas         268 unid.
Efectivo           $  31480      3%  Ventas Realizadas         268 unid.
Inventario         $1113590     96%  Ordenes no Realizadas       0 unid.
Inver. de Capital  $  20950      2%  Precio/Unid. Vendida  $ 63.00
                  --------- -------  Tot. Costo/Unid Vend. $828.32
Total Activo       $1166020    100%  Margen/Unid.Vendida   $-765.32

Préstamos          $1295630    111%  Reporte de Inversión:
Ganancias Reten.   $-152447    -12%  Capacid.de Fabr. $  21000     525 unid.
Capital            $  22838      2%  Inversión Neta   $    -50      -1 unid.
                  --------- -------                   --------- ------
Pasivo+Patrimonio  $1166021    100%  Próx. Capacidad  $  20950     524 unid.

Flujo de Caja
---------
Caja Inicial       $  11879
Utilidad Neta      $-205107
Depreciación       $   1050
Invers. de Capital $  -1000
Cambio de Invent.  $-1113590
Préstamo Neto      $1286970
                  ---------
Caja Final         $  31480

 La producción (cantidad ofertada) fue mayor que la demanda.
--Puede incrementar la cantidad demandada con un precio m s bajo.
--Puede incrementar la demanda (la curva de la demanda cambia a la derecha) 
 inviertiendo m s en el marketing e I & D.
--Puede reducir la cantidad ofertada produciendo menos.

 En este período su inventario excede 10 23607e su producción. Remember
there is an opportunity cost to carrying inventory. 
¿Es esto parte de su estrategia a largo plazo?

 Su producción est  por encima del 5 23607el costo mínimo por unidad, del nivel 
 de producción. Ud. podría reducir la producción o incrementar la capacidad 
 para lograr un costo mínimo por unidad.

 Ud. se ha excedido en el límite de su crédito. Esto es causado usualmente 
 porque el precio está debajo del costo o por un inventario excesivo.
 Ud. podría considerar elevar su precio o cerrar su factoria.
 Sus decisiones deben estar aprobadas por el profesor o el consultor.

