            Reporte de la Compañía FROZONO for Período 1

Estado de Ingresos         % Ventas  Reporte de Operaciones
------------------           ------  ----------------------
Ventas             $  21650    100%  Decisiones:Precio     $    50
CBV                $  -8989     42%             Producción     525 unid.
                  --------- -------             Marketing  $  3500
Margen Bruto       $  12661     58%             Inversión  $ 10000
Marketing          $  -3500     16%             I & D      $  8000
Depreciación       $  -1050      5%
I & D              $  -8000     37%
Carga Social       $      0      0%  Reporte de Producción:
Cargo Inventario   $      0      0%  Producción                525 unid.
Interés            $   -774      4%  Capacid. de Fábrica       525 unid.
                  --------- -------  Capacid. Utilizada       100%
Utilid.ant.de Imp. $   -663     -2%  Produc.Costo/Unidad   $ 20.76
Impuestos          $      0      0%  Inventario                 92 unid.
                  --------- -------  Empleados                 105 trabaj.
Utilidad Neta      $   -663     -2%

Hoja de Balance             % Total  Reporte de Marketing:
---------------             -------  Ordenes Recibidas         433 unid.
Efectivo           $  19992     39%  Ventas Realizadas         433 unid.
Inventario         $   1910      4%  Ordenes no Realizadas       0 unid.
Inver. de Capital  $  29950     58%  Precio/Unid. Vendida  $ 50.00
                  --------- -------  Tot. Costo/Unid Vend. $ 51.53
Total Activo       $  51852    100%  Margen/Unid.Vendida   $ -1.53

Préstamos          $  28128     54%  Reporte de Inversión:
Ganancias Reten.   $    886      2%  Capacid.de Fabr. $  21000     525 unid.
Capital            $  22838     44%  Inversión Neta   $   8950     224 unid.
                  --------- -------                   --------- ------
Pasivo+Patrimonio  $  51852    100%  Próx. Capacidad  $  29950     749 unid.

Flujo de Caja
---------
Caja Inicial       $  11879
Utilidad Neta      $   -663
Depreciación       $   1050
Invers. de Capital $ -10000
Cambio de Invent.  $  -1910
Préstamo Neto      $  19470
                  ---------
Caja Final         $  19992

 La producción (cantidad ofertada) fue mayor que la demanda.
--Puede incrementar la cantidad demandada con un precio m s bajo.
--Puede incrementar la demanda (la curva de la demanda cambia a la derecha) 
 inviertiendo m s en el marketing e I & D.
--Puede reducir la cantidad ofertada produciendo menos.

 En este período su inventario excede 10 23607e su producción. Remember
there is an opportunity cost to carrying inventory. 
¿Es esto parte de su estrategia a largo plazo?

 Su producción est  por encima del 5 23607el costo mínimo por unidad, del nivel 
 de producción. Ud. podría reducir la producción o incrementar la capacidad 
 para lograr un costo mínimo por unidad.

