            Reporte de la Compañía STRATTON for Período 1

Estado de Ingresos         % Ventas  Reporte de Operaciones
------------------           ------  ----------------------
Ventas             $  14700    100%  Decisiones:Precio     $    35
CBV                $  -7560     51%             Producción     420 unid.
                  --------- -------             Marketing  $  1500
Margen Bruto       $   7140     49%             Inversión  $ 12000
Marketing          $  -1500     10%             I & D      $ 10000
Depreciación       $  -1050      7%
I & D              $ -10000     68%
Carga Social       $      0      0%  Reporte de Producción:
Cargo Inventario   $      0      0%  Producción                420 unid.
Interés            $   -737      5%  Capacid. de Fábrica       525 unid.
                  --------- -------  Capacid. Utilizada        80%
Utilid.ant.de Imp. $  -6147    -41%  Produc.Costo/Unidad   $ 18.00
Impuestos          $      0      0%  Inventario                  0 unid.
                  --------- -------  Empleados                  84 trabaj.
Utilidad Neta      $  -6147    -41%

Hoja de Balance             % Total  Reporte de Marketing:
---------------             -------  Ordenes Recibidas        1014 unid.
Efectivo           $  14450     31%  Ventas Realizadas         420 unid.
Inventario         $      0      0%  Ordenes no Realizadas     594 unid.
Inver. de Capital  $  31950     69%  Precio/Unid. Vendida  $ 35.00
                  --------- -------  Tot. Costo/Unid Vend. $ 49.64
Total Activo       $  46400    100%  Margen/Unid.Vendida   $-14.64

Préstamos          $  26789     58%  Reporte de Inversión:
Ganancias Reten.   $  -3227     -6%  Capacid.de Fabr. $  21000     525 unid.
Capital            $  22838     49%  Inversión Neta   $  10950     274 unid.
                  --------- -------                   --------- ------
Pasivo+Patrimonio  $  46400    100%  Próx. Capacidad  $  31950     799 unid.

Flujo de Caja
---------
Caja Inicial       $  11879
Utilidad Neta      $  -6147
Depreciación       $   1050
Invers. de Capital $ -12000
Cambio de Invent.  $      0
Préstamo Neto      $  18131
                  ---------
Caja Final         $  14450

 La cantidad demandada fue mayor que la producción (cantidad ofertada).
--Puede reducir la cantidad demandada con un precio m s alto.
--Puede reducir la demanda (la curva de la demanda cambiar a la izquierda)
 con menos marketing y/o menos I&D.
--Puede incrementar la cantidad ofertada con más producción.

