            Reporte de la Compañía MDMB for Período 1

Estado de Ingresos         % Ventas  Reporte de Operaciones
------------------           ------  ----------------------
Ventas             $  16315    100%  Decisiones:Precio     $    65
CBV                $  -4518     28%             Producción     420 unid.
                  --------- -------             Marketing  $  6000
Margen Bruto       $  11797     72%             Inversión  $ 12000
Marketing          $  -6000     37%             I & D      $  5500
Depreciación       $  -1050      6%
I & D              $  -5500     34%
Carga Social       $      0      0%  Reporte de Producción:
Cargo Inventario   $      0      0%  Producción                420 unid.
Interés            $   -737      5%  Capacid. de Fábrica       525 unid.
                  --------- -------  Capacid. Utilizada        80%
Utilid.ant.de Imp. $  -1490     -8%  Produc.Costo/Unidad   $ 18.00
Impuestos          $      0      0%  Inventario                169 unid.
                  --------- -------  Empleados                  84 trabaj.
Utilidad Neta      $  -1490     -8%

Hoja de Balance             % Total  Reporte de Marketing:
---------------             -------  Ordenes Recibidas         251 unid.
Efectivo           $  14901     30%  Ventas Realizadas         251 unid.
Inventario         $   3042      6%  Ordenes no Realizadas       0 unid.
Inver. de Capital  $  31950     64%  Precio/Unid. Vendida  $ 65.00
                  --------- -------  Tot. Costo/Unid Vend. $ 70.94
Total Activo       $  49893    100%  Margen/Unid.Vendida   $ -5.94

Préstamos          $  26789     54%  Reporte de Inversión:
Ganancias Reten.   $    266      1%  Capacid.de Fabr. $  21000     525 unid.
Capital            $  22838     46%  Inversión Neta   $  10950     274 unid.
                  --------- -------                   --------- ------
Pasivo+Patrimonio  $  49893    100%  Próx. Capacidad  $  31950     799 unid.

Flujo de Caja
---------
Caja Inicial       $  11879
Utilidad Neta      $  -1490
Depreciación       $   1050
Invers. de Capital $ -12000
Cambio de Invent.  $  -3042
Préstamo Neto      $  18131
                  ---------
Caja Final         $  14901

 La producción (cantidad ofertada) fue mayor que la demanda.
--Puede incrementar la cantidad demandada con un precio m s bajo.
--Puede incrementar la demanda (la curva de la demanda cambia a la derecha) 
 inviertiendo m s en el marketing e I & D.
--Puede reducir la cantidad ofertada produciendo menos.

 En este período su inventario excede 10 23607e su producción. Remember
there is an opportunity cost to carrying inventory. 
¿Es esto parte de su estrategia a largo plazo?

