            Reporte de la Compañía TITO for Período 1

Estado de Ingresos         % Ventas  Reporte de Operaciones
------------------           ------  ----------------------
Ventas             $  22912    100%  Decisiones:Precio     $    64
CBV                $  -7432     32%             Producción     525 unid.
                  --------- -------             Marketing  $  8000
Margen Bruto       $  15480     68%             Inversión  $  7500
Marketing          $  -8000     35%             I & D      $  8500
Depreciación       $  -1050      5%
I & D              $  -8500     37%
Carga Social       $      0      0%  Reporte de Producción:
Cargo Inventario   $      0      0%  Producción                525 unid.
Interés            $   -842      4%  Capacid. de Fábrica       525 unid.
                  --------- -------  Capacid. Utilizada       100%
Utilid.ant.de Imp. $  -2912    -12%  Produc.Costo/Unidad   $ 20.76
Impuestos          $      0      0%  Inventario                167 unid.
                  --------- -------  Empleados                 105 trabaj.
Utilidad Neta      $  -2912    -12%

Hoja de Balance             % Total  Reporte de Marketing:
---------------             -------  Ordenes Recibidas         358 unid.
Efectivo           $  21748     41%  Ventas Realizadas         358 unid.
Inventario         $   3467      7%  Ordenes no Realizadas       0 unid.
Inver. de Capital  $  27450     52%  Precio/Unid. Vendida  $ 64.00
                  --------- -------  Tot. Costo/Unid Vend. $ 72.13
Total Activo       $  52665    100%  Margen/Unid.Vendida   $ -8.13

Préstamos          $  30628     58%  Reporte de Inversión:
Ganancias Reten.   $   -801     -1%  Capacid.de Fabr. $  21000     525 unid.
Capital            $  22838     43%  Inversión Neta   $   6450     161 unid.
                  --------- -------                   --------- ------
Pasivo+Patrimonio  $  52665    100%  Próx. Capacidad  $  27450     686 unid.

Flujo de Caja
---------
Caja Inicial       $  11879
Utilidad Neta      $  -2912
Depreciación       $   1050
Invers. de Capital $  -7500
Cambio de Invent.  $  -3467
Préstamo Neto      $  21970
                  ---------
Caja Final         $  21748

 La producción (cantidad ofertada) fue mayor que la demanda.
--Puede incrementar la cantidad demandada con un precio m s bajo.
--Puede incrementar la demanda (la curva de la demanda cambia a la derecha) 
 inviertiendo m s en el marketing e I & D.
--Puede reducir la cantidad ofertada produciendo menos.

 En este período su inventario excede 10 23607e su producción. Remember
there is an opportunity cost to carrying inventory. 
¿Es esto parte de su estrategia a largo plazo?

 Su producción est  por encima del 5 23607el costo mínimo por unidad, del nivel 
 de producción. Ud. podría reducir la producción o incrementar la capacidad 
 para lograr un costo mínimo por unidad.

