            Reporte de la Compañía TOKIO for Período 1

Estado de Ingresos         % Ventas  Reporte de Operaciones
------------------           ------  ----------------------
Ventas             $  12180    100%  Decisiones:Precio     $    29
CBV                $  -7560     62%             Producción     420 unid.
                  --------- -------             Marketing  $  1470
Margen Bruto       $   4620     38%             Inversión  $  6050
Marketing          $  -1470     12%             I & D      $  1000
Depreciación       $  -1050      9%
I & D              $  -1000      8%
Carga Social       $      0      0%  Reporte de Producción:
Cargo Inventario   $      0      0%  Producción                420 unid.
Interés            $   -325      3%  Capacid. de Fábrica       525 unid.
                  --------- -------  Capacid. Utilizada        80%
Utilid.ant.de Imp. $    775      6%  Produc.Costo/Unidad   $ 18.00
Impuestos          $   -194      2%  Inventario                  0 unid.
                  --------- -------  Empleados                  84 trabaj.
Utilidad Neta      $    581      5%

Hoja de Balance             % Total  Reporte de Marketing:
---------------             -------  Ordenes Recibidas        1408 unid.
Efectivo           $  10611     29%  Ventas Realizadas         420 unid.
Inventario         $      0      0%  Ordenes no Realizadas     988 unid.
Inver. de Capital  $  26000     71%  Precio/Unid. Vendida  $ 29.00
                  --------- -------  Tot. Costo/Unid Vend. $ 27.15
Total Activo       $  36611    100%  Margen/Unid.Vendida   $  1.85

Préstamos          $  11809     32%  Reporte de Inversión:
Ganancias Reten.   $   1964      5%  Capacid.de Fabr. $  21000     525 unid.
Capital            $  22838     62%  Inversión Neta   $   5000     125 unid.
                  --------- -------                   --------- ------
Pasivo+Patrimonio  $  36611    100%  Próx. Capacidad  $  26000     650 unid.

Flujo de Caja
---------
Caja Inicial       $  11879
Utilidad Neta      $    581
Depreciación       $   1050
Invers. de Capital $  -6050
Cambio de Invent.  $      0
Préstamo Neto      $   3151
                  ---------
Caja Final         $  10611

 La cantidad demandada fue mayor que la producción (cantidad ofertada).
--Puede reducir la cantidad demandada con un precio m s alto.
--Puede reducir la demanda (la curva de la demanda cambiar a la izquierda)
 con menos marketing y/o menos I&D.
--Puede incrementar la cantidad ofertada con más producción.

