            Reporte de la Compañía PLD for Período 1

Estado de Ingresos         % Ventas  Reporte de Operaciones
------------------           ------  ----------------------
Ventas             $  21000    100%  Decisiones:Precio     $    40
CBV                $ -10899     52%             Producción     525 unid.
                  --------- -------             Marketing  $  2500
Margen Bruto       $  10101     48%             Inversión  $ 10878
Marketing          $  -2500     12%             I & D      $  3000
Depreciación       $  -1050      5%
I & D              $  -3000     14%
Carga Social       $      0      0%  Reporte de Producción:
Cargo Inventario   $      0      0%  Producción                525 unid.
Interés            $   -633      3%  Capacid. de Fábrica       525 unid.
                  --------- -------  Capacid. Utilizada       100%
Utilid.ant.de Imp. $   2918     14%  Produc.Costo/Unidad   $ 20.76
Impuestos          $   -730      3%  Inventario                  0 unid.
                  --------- -------  Empleados                 105 trabaj.
Utilidad Neta      $   2188     10%

Hoja de Balance             % Total  Reporte de Marketing:
---------------             -------  Ordenes Recibidas         701 unid.
Efectivo           $  18587     38%  Ventas Realizadas         525 unid.
Inventario         $      0      0%  Ordenes no Realizadas     176 unid.
Inver. de Capital  $  30828     62%  Precio/Unid. Vendida  $ 40.00
                  --------- -------  Tot. Costo/Unid Vend. $ 34.44
Total Activo       $  49415    100%  Margen/Unid.Vendida   $  5.56

Préstamos          $  23006     47%  Reporte de Inversión:
Ganancias Reten.   $   3571      7%  Capacid.de Fabr. $  21000     525 unid.
Capital            $  22838     46%  Inversión Neta   $   9828     246 unid.
                  --------- -------                   --------- ------
Pasivo+Patrimonio  $  49415    100%  Próx. Capacidad  $  30828     771 unid.

Flujo de Caja
---------
Caja Inicial       $  11879
Utilidad Neta      $   2188
Depreciación       $   1050
Invers. de Capital $ -10878
Cambio de Invent.  $      0
Préstamo Neto      $  14348
                  ---------
Caja Final         $  18587

 La cantidad demandada fue mayor que la producción (cantidad ofertada).
--Puede reducir la cantidad demandada con un precio m s alto.
--Puede reducir la demanda (la curva de la demanda cambiar a la izquierda)
 con menos marketing y/o menos I&D.
--Puede incrementar la cantidad ofertada con más producción.

 Su producción est  por encima del 5 23607el costo mínimo por unidad, del nivel 
 de producción. Ud. podría reducir la producción o incrementar la capacidad 
 para lograr un costo mínimo por unidad.

