            Reporte de la Compañía 4TOIFEI for Período 1

Estado de Ingresos         % Ventas  Reporte de Operaciones
------------------           ------  ----------------------
Ventas             $  21000    100%  Decisiones:Precio     $    50
CBV                $  -7560     36%             Producción     420 unid.
                  --------- -------             Marketing  $  6000
Margen Bruto       $  13440     64%             Inversión  $ 10000
Marketing          $  -6000     29%             I & D      $  7000
Depreciación       $  -1050      5%
I & D              $  -7000     33%
Carga Social       $      0      0%  Reporte de Producción:
Cargo Inventario   $      0      0%  Producción                420 unid.
Interés            $   -723      3%  Capacid. de Fábrica       525 unid.
                  --------- -------  Capacid. Utilizada        80%
Utilid.ant.de Imp. $  -1333     -5%  Produc.Costo/Unidad   $ 18.00
Impuestos          $      0      0%  Inventario                  0 unid.
                  --------- -------  Empleados                  84 trabaj.
Utilidad Neta      $  -1333     -5%

Hoja de Balance             % Total  Reporte de Marketing:
---------------             -------  Ordenes Recibidas         488 unid.
Efectivo           $  19560     40%  Ventas Realizadas         420 unid.
Inventario         $      0      0%  Ordenes no Realizadas      68 unid.
Inver. de Capital  $  29950     60%  Precio/Unid. Vendida  $ 50.00
                  --------- -------  Tot. Costo/Unid Vend. $ 53.17
Total Activo       $  49510    100%  Margen/Unid.Vendida   $ -3.17

Préstamos          $  26289     53%  Reporte de Inversión:
Ganancias Reten.   $    383      1%  Capacid.de Fabr. $  21000     525 unid.
Capital            $  22838     46%  Inversión Neta   $   8950     224 unid.
                  --------- -------                   --------- ------
Pasivo+Patrimonio  $  49510    100%  Próx. Capacidad  $  29950     749 unid.

Flujo de Caja
---------
Caja Inicial       $  11879
Utilidad Neta      $  -1333
Depreciación       $   1050
Invers. de Capital $ -10000
Cambio de Invent.  $      0
Préstamo Neto      $  17631
                  ---------
Caja Final         $  19560

 La cantidad demandada fue mayor que la producción (cantidad ofertada).
--Puede reducir la cantidad demandada con un precio m s alto.
--Puede reducir la demanda (la curva de la demanda cambiar a la izquierda)
 con menos marketing y/o menos I&D.
--Puede incrementar la cantidad ofertada con más producción.

