            Reporte de la Compañía PAPUS for Período 1

Estado de Ingresos         % Ventas  Reporte de Operaciones
------------------           ------  ----------------------
Ventas             $  13632    100%  Decisiones:Precio     $    64
CBV                $  -3834     28%             Producción     420 unid.
                  --------- -------             Marketing  $  5500
Margen Bruto       $   9798     72%             Inversión  $  6000
Marketing          $  -5500     40%             I & D      $  4500
Depreciación       $  -1050      8%
I & D              $  -4500     33%
Carga Social       $      0      0%  Reporte de Producción:
Cargo Inventario   $      0      0%  Producción                420 unid.
Interés            $   -530      4%  Capacid. de Fábrica       525 unid.
                  --------- -------  Capacid. Utilizada        80%
Utilid.ant.de Imp. $  -1782    -12%  Produc.Costo/Unidad   $ 18.00
Impuestos          $      0      0%  Inventario                207 unid.
                  --------- -------  Empleados                  84 trabaj.
Utilidad Neta      $  -1782    -12%

Hoja de Balance             % Total  Reporte de Marketing:
---------------             -------  Ordenes Recibidas         213 unid.
Efectivo           $  12498     30%  Ventas Realizadas         213 unid.
Inventario         $   3726      9%  Ordenes no Realizadas       0 unid.
Inver. de Capital  $  25950     62%  Precio/Unid. Vendida  $ 64.00
                  --------- -------  Tot. Costo/Unid Vend. $ 72.37
Total Activo       $  42174    100%  Margen/Unid.Vendida   $ -8.37

Préstamos          $  19289     46%  Reporte de Inversión:
Ganancias Reten.   $     47      0%  Capacid.de Fabr. $  21000     525 unid.
Capital            $  22838     54%  Inversión Neta   $   4950     124 unid.
                  --------- -------                   --------- ------
Pasivo+Patrimonio  $  42174    100%  Próx. Capacidad  $  25950     649 unid.

Flujo de Caja
---------
Caja Inicial       $  11879
Utilidad Neta      $  -1782
Depreciación       $   1050
Invers. de Capital $  -6000
Cambio de Invent.  $  -3726
Préstamo Neto      $  10631
                  ---------
Caja Final         $  12498

 La producción (cantidad ofertada) fue mayor que la demanda.
--Puede incrementar la cantidad demandada con un precio m s bajo.
--Puede incrementar la demanda (la curva de la demanda cambia a la derecha) 
 inviertiendo m s en el marketing e I & D.
--Puede reducir la cantidad ofertada produciendo menos.

 En este período su inventario excede 10 23607e su producción. Remember
there is an opportunity cost to carrying inventory. 
¿Es esto parte de su estrategia a largo plazo?

