            Reporte de la Compañía POCHIS for Período 1

Estado de Ingresos         % Ventas  Reporte de Operaciones
------------------           ------  ----------------------
Ventas             $  10850    100%  Decisiones:Precio     $    50
CBV                $-365506    3369%             Producción    3000 unid.
                  --------- -------             Marketing  $  2000
Margen Bruto       $-354656    -3268%             Inversión  $  8000
Marketing          $  -2000     18%             I & D      $  3000
Depreciación       $  -1050     10%
I & D              $  -3000     28%
Carga Social       $      0      0%  Reporte de Producción:
Cargo Inventario   $      0      0%  Producción               3000 unid.
Interés            $-139200    1283%  Capacid. de Fábrica       525 unid.
                  --------- -------  Capacid. Utilizada       571%
Utilid.ant.de Imp. $-499906    -4606%  Produc.Costo/Unidad   $ 1684.36
Impuestos          $      0      0%  Inventario               2783 unid.
                  --------- -------  Empleados                 600 trabaj.
Utilidad Neta      $-499906    -4606%

Hoja de Balance             % Total  Reporte de Marketing:
---------------             -------  Ordenes Recibidas         217 unid.
Efectivo           $      0      0%  Ventas Realizadas         217 unid.
Inventario         $4687570     99%  Ordenes no Realizadas       0 unid.
Inver. de Capital  $  27950      1%  Precio/Unid. Vendida  $ 50.00
                  --------- -------  Tot. Costo/Unid Vend. $2353.71
Total Activo       $4715520    100%  Margen/Unid.Vendida   $-2303.71

Préstamos          $5066230    107%  Reporte de Inversión:
Ganancias Reten.   $-373546     -7%  Capacid.de Fabr. $  21000     525 unid.
Capital            $  22838      0%  Inversión Neta   $   6950     174 unid.
                  --------- -------                   --------- ------
Pasivo+Patrimonio  $4715522    100%  Próx. Capacidad  $  27950     699 unid.

Flujo de Caja
---------
Caja Inicial       $  11879
Utilidad Neta      $-499906
Depreciación       $   1050
Invers. de Capital $  -8000
Cambio de Invent.  $-4687570
Préstamo Neto      $5057570
                  ---------
Caja Final         $      0

 La producción (cantidad ofertada) fue mayor que la demanda.
--Puede incrementar la cantidad demandada con un precio m s bajo.
--Puede incrementar la demanda (la curva de la demanda cambia a la derecha) 
 inviertiendo m s en el marketing e I & D.
--Puede reducir la cantidad ofertada produciendo menos.

 En este período su inventario excede 10 23607e su producción. Remember
there is an opportunity cost to carrying inventory. 
¿Es esto parte de su estrategia a largo plazo?

 Su producción est  por encima del 5 23607el costo mínimo por unidad, del nivel 
 de producción. Ud. podría reducir la producción o incrementar la capacidad 
 para lograr un costo mínimo por unidad.

 Ud. se ha excedido en el límite de su crédito. Esto es causado usualmente 
 porque el precio está debajo del costo o por un inventario excesivo.
 Ud. podría considerar elevar su precio o cerrar su factoria.
 Sus decisiones deben estar aprobadas por el profesor o el consultor.

