            Reporte de la Compañía MANDARIN for Período 1

Estado de Ingresos         % Ventas  Reporte de Operaciones
------------------           ------  ----------------------
Ventas             $  12600    100%  Decisiones:Precio     $    30
CBV                $  -7560     60%             Producción     420 unid.
                  --------- -------             Marketing  $  2000
Margen Bruto       $   5040     40%             Inversión  $  1000
Marketing          $  -2000     16%             I & D      $   307
Depreciación       $  -1050      8%
I & D              $   -307      2%
Carga Social       $      0      0%  Reporte de Producción:
Cargo Inventario   $      0      0%  Producción                420 unid.
Interés            $   -181      1%  Capacid. de Fábrica       525 unid.
                  --------- -------  Capacid. Utilizada        80%
Utilid.ant.de Imp. $   1502     12%  Produc.Costo/Unidad   $ 18.00
Impuestos          $   -376      3%  Inventario                  0 unid.
                  --------- -------  Empleados                  84 trabaj.
Utilidad Neta      $   1126      9%

Hoja de Balance             % Total  Reporte de Marketing:
---------------             -------  Ordenes Recibidas         667 unid.
Efectivo           $  10993     34%  Ventas Realizadas         420 unid.
Inventario         $      0      0%  Ordenes no Realizadas     247 unid.
Inver. de Capital  $  20950     66%  Precio/Unid. Vendida  $ 30.00
                  --------- -------  Tot. Costo/Unid Vend. $ 26.42
Total Activo       $  31943    100%  Margen/Unid.Vendida   $  3.58

Préstamos          $   6596     21%  Reporte de Inversión:
Ganancias Reten.   $   2509      8%  Capacid.de Fabr. $  21000     525 unid.
Capital            $  22838     71%  Inversión Neta   $    -50      -1 unid.
                  --------- -------                   --------- ------
Pasivo+Patrimonio  $  31943    100%  Próx. Capacidad  $  20950     524 unid.

Flujo de Caja
---------
Caja Inicial       $  11879
Utilidad Neta      $   1126
Depreciación       $   1050
Invers. de Capital $  -1000
Cambio de Invent.  $      0
Préstamo Neto      $  -2062
                  ---------
Caja Final         $  10993

 La cantidad demandada fue mayor que la producción (cantidad ofertada).
--Puede reducir la cantidad demandada con un precio m s alto.
--Puede reducir la demanda (la curva de la demanda cambiar a la izquierda)
 con menos marketing y/o menos I&D.
--Puede incrementar la cantidad ofertada con más producción.

