            Reporte de la Compañía GMSE for Período 1

Estado de Ingresos         % Ventas  Reporte de Operaciones
------------------           ------  ----------------------
Ventas             $  12870    100%  Decisiones:Precio     $    45
CBV                $  -5937     46%             Producción     525 unid.
                  --------- -------             Marketing  $  3000
Margen Bruto       $   6933     54%             Inversión  $  8400
Marketing          $  -3000     23%             I & D      $  1500
Depreciación       $  -1050      8%
I & D              $  -1500     12%
Carga Social       $      0      0%  Reporte de Producción:
Cargo Inventario   $      0      0%  Producción                525 unid.
Interés            $   -537      4%  Capacid. de Fábrica       525 unid.
                  --------- -------  Capacid. Utilizada       100%
Utilid.ant.de Imp. $    846      7%  Produc.Costo/Unidad   $ 20.76
Impuestos          $   -212      2%  Inventario                239 unid.
                  --------- -------  Empleados                 105 trabaj.
Utilidad Neta      $    634      5%

Hoja de Balance             % Total  Reporte de Marketing:
---------------             -------  Ordenes Recibidas         286 unid.
Efectivo           $  11071     25%  Ventas Realizadas         286 unid.
Inventario         $   4962     11%  Ordenes no Realizadas       0 unid.
Inver. de Capital  $  28350     64%  Precio/Unid. Vendida  $ 45.00
                  --------- -------  Tot. Costo/Unid Vend. $ 42.04
Total Activo       $  44383    100%  Margen/Unid.Vendida   $  2.96

Préstamos          $  19528     44%  Reporte de Inversión:
Ganancias Reten.   $   2017      5%  Capacid.de Fabr. $  21000     525 unid.
Capital            $  22838     51%  Inversión Neta   $   7350     184 unid.
                  --------- -------                   --------- ------
Pasivo+Patrimonio  $  44383    100%  Próx. Capacidad  $  28350     709 unid.

Flujo de Caja
---------
Caja Inicial       $  11879
Utilidad Neta      $    634
Depreciación       $   1050
Invers. de Capital $  -8400
Cambio de Invent.  $  -4962
Préstamo Neto      $  10870
                  ---------
Caja Final         $  11071

 La producción (cantidad ofertada) fue mayor que la demanda.
--Puede incrementar la cantidad demandada con un precio m s bajo.
--Puede incrementar la demanda (la curva de la demanda cambia a la derecha) 
 inviertiendo m s en el marketing e I & D.
--Puede reducir la cantidad ofertada produciendo menos.

 En este período su inventario excede 10 23607e su producción. Remember
there is an opportunity cost to carrying inventory. 
¿Es esto parte de su estrategia a largo plazo?

 Su producción est  por encima del 5 23607el costo mínimo por unidad, del nivel 
 de producción. Ud. podría reducir la producción o incrementar la capacidad 
 para lograr un costo mínimo por unidad.

