            Reporte de la Compañía ADORA5 for Período 1

Estado de Ingresos         % Ventas  Reporte de Operaciones
------------------           ------  ----------------------
Ventas             $  18060    100%  Decisiones:Precio     $    43
CBV                $  -7560     42%             Producción     420 unid.
                  --------- -------             Marketing  $  5000
Margen Bruto       $  10500     58%             Inversión  $  4050
Marketing          $  -5000     28%             I & D      $  2829
Depreciación       $  -1050      6%
I & D              $  -2829     16%
Carga Social       $      0      0%  Reporte de Producción:
Cargo Inventario   $      0      0%  Producción                420 unid.
Interés            $   -417      2%  Capacid. de Fábrica       525 unid.
                  --------- -------  Capacid. Utilizada        80%
Utilid.ant.de Imp. $   1204      7%  Produc.Costo/Unidad   $ 18.00
Impuestos          $   -301      2%  Inventario                  0 unid.
                  --------- -------  Empleados                  84 trabaj.
Utilidad Neta      $    903      5%

Hoja de Balance             % Total  Reporte de Marketing:
---------------             -------  Ordenes Recibidas         552 unid.
Efectivo           $  16292     40%  Ventas Realizadas         420 unid.
Inventario         $      0      0%  Ordenes no Realizadas     132 unid.
Inver. de Capital  $  24000     60%  Precio/Unid. Vendida  $ 43.00
                  --------- -------  Tot. Costo/Unid Vend. $ 40.13
Total Activo       $  40292    100%  Margen/Unid.Vendida   $  2.87

Préstamos          $  15168     38%  Reporte de Inversión:
Ganancias Reten.   $   2286      6%  Capacid.de Fabr. $  21000     525 unid.
Capital            $  22838     57%  Inversión Neta   $   3000      75 unid.
                  --------- -------                   --------- ------
Pasivo+Patrimonio  $  40292    100%  Próx. Capacidad  $  24000     600 unid.

Flujo de Caja
---------
Caja Inicial       $  11879
Utilidad Neta      $    903
Depreciación       $   1050
Invers. de Capital $  -4050
Cambio de Invent.  $      0
Préstamo Neto      $   6510
                  ---------
Caja Final         $  16292

 La cantidad demandada fue mayor que la producción (cantidad ofertada).
--Puede reducir la cantidad demandada con un precio m s alto.
--Puede reducir la demanda (la curva de la demanda cambiar a la izquierda)
 con menos marketing y/o menos I&D.
--Puede incrementar la cantidad ofertada con más producción.

