            Reporte de la Compañía TOPOS for Período 1

Estado de Ingresos         % Ventas  Reporte de Operaciones
------------------           ------  ----------------------
Ventas             $   8000    100%  Decisiones:Precio     $    40
CBV                $  -8446    106%             Producción     200 unid.
                  --------- -------             Marketing  $  1500
Margen Bruto       $   -446     -5%             Inversión  $  2000
Marketing          $  -1500     19%             I & D      $   350
Depreciación       $  -1050     13%
I & D              $   -350      4%
Carga Social       $   -390      5%  Reporte de Producción:
Cargo Inventario   $      0      0%  Producción                200 unid.
Interés            $   -221      3%  Capacid. de Fábrica       525 unid.
                  --------- -------  Capacid. Utilizada        38%
Utilid.ant.de Imp. $  -3957    -48%  Produc.Costo/Unidad   $ 42.23
Impuestos          $      0      0%  Inventario                  0 unid.
                  --------- -------  Empleados                  40 trabaj.
Utilidad Neta      $  -3957    -48%

Hoja de Balance             % Total  Reporte de Marketing:
---------------             -------  Ordenes Recibidas         357 unid.
Efectivo           $   7328     25%  Ventas Realizadas         200 unid.
Inventario         $      0      0%  Ordenes no Realizadas     157 unid.
Inver. de Capital  $  21950     75%  Precio/Unid. Vendida  $ 40.00
                  --------- -------  Tot. Costo/Unid Vend. $ 57.84
Total Activo       $  29278    100%  Margen/Unid.Vendida   $-17.84

Préstamos          $   8025     27%  Reporte de Inversión:
Ganancias Reten.   $  -1585     -4%  Capacid.de Fabr. $  21000     525 unid.
Capital            $  22838     78%  Inversión Neta   $    950      24 unid.
                  --------- -------                   --------- ------
Pasivo+Patrimonio  $  29278    100%  Próx. Capacidad  $  21950     549 unid.

Flujo de Caja
---------
Caja Inicial       $  11879
Utilidad Neta      $  -3957
Depreciación       $   1050
Invers. de Capital $  -2000
Cambio de Invent.  $      0
Préstamo Neto      $   -633
                  ---------
Caja Final         $   7328

 La cantidad demandada fue mayor que la producción (cantidad ofertada).
--Puede reducir la cantidad demandada con un precio m s alto.
--Puede reducir la demanda (la curva de la demanda cambiar a la izquierda)
 con menos marketing y/o menos I&D.
--Puede incrementar la cantidad ofertada con más producción.

 Su producción est  por debajo del 5 23607el costo mínimo por unidad,
 del nivel de producción. Puede incrementar la producción o reducir su inversión 
 de capital para lograr un costo mínimo por unidad.

