            Reporte de la Compañía KAIROS for Período 1

Estado de Ingresos         % Ventas  Reporte de Operaciones
------------------           ------  ----------------------
Ventas             $  15210    100%  Decisiones:Precio     $    65
CBV                $  -4212     28%             Producción     420 unid.
                  --------- -------             Marketing  $  2600
Margen Bruto       $  10998     72%             Inversión  $ 12000
Marketing          $  -2600     17%             I & D      $  7500
Depreciación       $  -1050      7%
I & D              $  -7500     49%
Carga Social       $      0      0%  Reporte de Producción:
Cargo Inventario   $      0      0%  Producción                420 unid.
Interés            $   -698      5%  Capacid. de Fábrica       525 unid.
                  --------- -------  Capacid. Utilizada        80%
Utilid.ant.de Imp. $   -850     -5%  Produc.Costo/Unidad   $ 18.00
Impuestos          $      0      0%  Inventario                186 unid.
                  --------- -------  Empleados                  84 trabaj.
Utilidad Neta      $   -850     -5%

Hoja de Balance             % Total  Reporte de Marketing:
---------------             -------  Ordenes Recibidas         234 unid.
Efectivo           $  13675     28%  Ventas Realizadas         234 unid.
Inventario         $   3348      7%  Ordenes no Realizadas       0 unid.
Inver. de Capital  $  31950     65%  Precio/Unid. Vendida  $ 65.00
                  --------- -------  Tot. Costo/Unid Vend. $ 68.63
Total Activo       $  48973    100%  Margen/Unid.Vendida   $ -3.63

Préstamos          $  25389     52%  Reporte de Inversión:
Ganancias Reten.   $    746      2%  Capacid.de Fabr. $  21000     525 unid.
Capital            $  22838     47%  Inversión Neta   $  10950     274 unid.
                  --------- -------                   --------- ------
Pasivo+Patrimonio  $  48973    100%  Próx. Capacidad  $  31950     799 unid.

Flujo de Caja
---------
Caja Inicial       $  11879
Utilidad Neta      $   -850
Depreciación       $   1050
Invers. de Capital $ -12000
Cambio de Invent.  $  -3348
Préstamo Neto      $  16731
                  ---------
Caja Final         $  13675

 La producción (cantidad ofertada) fue mayor que la demanda.
--Puede incrementar la cantidad demandada con un precio m s bajo.
--Puede incrementar la demanda (la curva de la demanda cambia a la derecha) 
 inviertiendo m s en el marketing e I & D.
--Puede reducir la cantidad ofertada produciendo menos.

 En este período su inventario excede 10 23607e su producción. Remember
there is an opportunity cost to carrying inventory. 
¿Es esto parte de su estrategia a largo plazo?

