            Reporte de la Compañía PECA for Período 1

Estado de Ingresos         % Ventas  Reporte de Operaciones
------------------           ------  ----------------------
Ventas             $  21240    100%  Decisiones:Precio     $    45
CBV                $  -8817     42%             Producción     472 unid.
                  --------- -------             Marketing  $  3500
Margen Bruto       $  12423     58%             Inversión  $ 12000
Marketing          $  -3500     16%             I & D      $ 10000
Depreciación       $  -1050      5%
I & D              $ -10000     47%
Carga Social       $      0      0%  Reporte de Producción:
Cargo Inventario   $      0      0%  Producción                472 unid.
Interés            $   -826      4%  Capacid. de Fábrica       525 unid.
                  --------- -------  Capacid. Utilizada        90%
Utilid.ant.de Imp. $  -2953    -13%  Produc.Costo/Unidad   $ 18.68
Impuestos          $      0      0%  Inventario                  0 unid.
                  --------- -------  Empleados                  94 trabaj.
Utilidad Neta      $  -2953    -13%

Hoja de Balance             % Total  Reporte de Marketing:
---------------             -------  Ordenes Recibidas         617 unid.
Efectivo           $  20102     39%  Ventas Realizadas         472 unid.
Inventario         $      0      0%  Ordenes no Realizadas     145 unid.
Inver. de Capital  $  31950     61%  Precio/Unid. Vendida  $ 45.00
                  --------- -------  Tot. Costo/Unid Vend. $ 51.26
Total Activo       $  52052    100%  Margen/Unid.Vendida   $ -6.26

Préstamos          $  30046     58%  Reporte de Inversión:
Ganancias Reten.   $   -832     -1%  Capacid.de Fabr. $  21000     525 unid.
Capital            $  22838     44%  Inversión Neta   $  10950     274 unid.
                  --------- -------                   --------- ------
Pasivo+Patrimonio  $  52052    100%  Próx. Capacidad  $  31950     799 unid.

Flujo de Caja
---------
Caja Inicial       $  11879
Utilidad Neta      $  -2953
Depreciación       $   1050
Invers. de Capital $ -12000
Cambio de Invent.  $      0
Préstamo Neto      $  21388
                  ---------
Caja Final         $  20102

 La cantidad demandada fue mayor que la producción (cantidad ofertada).
--Puede reducir la cantidad demandada con un precio m s alto.
--Puede reducir la demanda (la curva de la demanda cambiar a la izquierda)
 con menos marketing y/o menos I&D.
--Puede incrementar la cantidad ofertada con más producción.

 Su producción est  por encima del 5 23607el costo mínimo por unidad, del nivel 
 de producción. Ud. podría reducir la producción o incrementar la capacidad 
 para lograr un costo mínimo por unidad.

