            Reporte de la Compañía BMJ for Período 1

Estado de Ingresos         % Ventas  Reporte de Operaciones
------------------           ------  ----------------------
Ventas             $  13755    100%  Decisiones:Precio     $    35
CBV                $  -7215     52%             Producción     393 unid.
                  --------- -------             Marketing  $  1725
Margen Bruto       $   6540     48%             Inversión  $  1050
Marketing          $  -1725     13%             I & D      $  1725
Depreciación       $  -1050      8%
I & D              $  -1725     13%
Carga Social       $      0      0%  Reporte de Producción:
Cargo Inventario   $      0      0%  Producción                393 unid.
Interés            $   -205      1%  Capacid. de Fábrica       525 unid.
                  --------- -------  Capacid. Utilizada        75%
Utilid.ant.de Imp. $   1835     13%  Produc.Costo/Unidad   $ 18.36
Impuestos          $   -459      3%  Inventario                  0 unid.
                  --------- -------  Empleados                  79 trabaj.
Utilidad Neta      $   1376     10%

Hoja de Balance             % Total  Reporte de Marketing:
---------------             -------  Ordenes Recibidas         683 unid.
Efectivo           $  12042     36%  Ventas Realizadas         393 unid.
Inventario         $      0      0%  Ordenes no Realizadas     290 unid.
Inver. de Capital  $  21000     64%  Precio/Unid. Vendida  $ 35.00
                  --------- -------  Tot. Costo/Unid Vend. $ 30.33
Total Activo       $  33042    100%  Margen/Unid.Vendida   $  4.67

Préstamos          $   7444     23%  Reporte de Inversión:
Ganancias Reten.   $   2759      8%  Capacid.de Fabr. $  21000     525 unid.
Capital            $  22838     69%  Inversión Neta   $      0       0 unid.
                  --------- -------                   --------- ------
Pasivo+Patrimonio  $  33041    100%  Próx. Capacidad  $  21000     525 unid.

Flujo de Caja
---------
Caja Inicial       $  11879
Utilidad Neta      $   1376
Depreciación       $   1050
Invers. de Capital $  -1050
Cambio de Invent.  $      0
Préstamo Neto      $  -1214
                  ---------
Caja Final         $  12042

 La cantidad demandada fue mayor que la producción (cantidad ofertada).
--Puede reducir la cantidad demandada con un precio m s alto.
--Puede reducir la demanda (la curva de la demanda cambiar a la izquierda)
 con menos marketing y/o menos I&D.
--Puede incrementar la cantidad ofertada con más producción.

