            Reporte de la Compañía STELLA4 for Período 1

Estado de Ingresos         % Ventas  Reporte de Operaciones
------------------           ------  ----------------------
Ventas             $  11940    100%  Decisiones:Precio     $    60
CBV                $  -3582     30%             Producción     420 unid.
                  --------- -------             Marketing  $  4500
Margen Bruto       $   8358     70%             Inversión  $  8000
Marketing          $  -4500     38%             I & D      $  3000
Depreciación       $  -1050      9%
I & D              $  -3000     25%
Carga Social       $      0      0%  Reporte de Producción:
Cargo Inventario   $      0      0%  Producción                420 unid.
Interés            $   -517      4%  Capacid. de Fábrica       525 unid.
                  --------- -------  Capacid. Utilizada        80%
Utilid.ant.de Imp. $   -709     -5%  Produc.Costo/Unidad   $ 18.00
Impuestos          $      0      0%  Inventario                221 unid.
                  --------- -------  Empleados                  84 trabaj.
Utilidad Neta      $   -709     -5%

Hoja de Balance             % Total  Reporte de Marketing:
---------------             -------  Ordenes Recibidas         199 unid.
Efectivo           $  10550     25%  Ventas Realizadas         199 unid.
Inventario         $   3978      9%  Ordenes no Realizadas       0 unid.
Inver. de Capital  $  27950     66%  Precio/Unid. Vendida  $ 60.00
                  --------- -------  Tot. Costo/Unid Vend. $ 63.56
Total Activo       $  42478    100%  Margen/Unid.Vendida   $ -3.56

Préstamos          $  18789     44%  Reporte de Inversión:
Ganancias Reten.   $    851      2%  Capacid.de Fabr. $  21000     525 unid.
Capital            $  22838     54%  Inversión Neta   $   6950     174 unid.
                  --------- -------                   --------- ------
Pasivo+Patrimonio  $  42478    100%  Próx. Capacidad  $  27950     699 unid.

Flujo de Caja
---------
Caja Inicial       $  11879
Utilidad Neta      $   -709
Depreciación       $   1050
Invers. de Capital $  -8000
Cambio de Invent.  $  -3978
Préstamo Neto      $  10131
                  ---------
Caja Final         $  10550

 La producción (cantidad ofertada) fue mayor que la demanda.
--Puede incrementar la cantidad demandada con un precio m s bajo.
--Puede incrementar la demanda (la curva de la demanda cambia a la derecha) 
 inviertiendo m s en el marketing e I & D.
--Puede reducir la cantidad ofertada produciendo menos.

 En este período su inventario excede 10 23607e su producción. Remember
there is an opportunity cost to carrying inventory. 
¿Es esto parte de su estrategia a largo plazo?

