            Reporte de la Compañía CREOTAR for Período 1

Estado de Ingresos         % Ventas  Reporte de Operaciones
------------------           ------  ----------------------
Ventas             $  10400    100%  Decisiones:Precio     $    52
CBV                $  -8446     81%             Producción     200 unid.
                  --------- -------             Marketing  $  7000
Margen Bruto       $   1954     19%             Inversión  $ 10500
Marketing          $  -7000     67%             I & D      $  3500
Depreciación       $  -1050     10%
I & D              $  -3500     34%
Carga Social       $   -390      4%  Reporte de Producción:
Cargo Inventario   $      0      0%  Producción                200 unid.
Interés            $   -692      7%  Capacid. de Fábrica       525 unid.
                  --------- -------  Capacid. Utilizada        38%
Utilid.ant.de Imp. $ -10678    -102%  Produc.Costo/Unidad   $ 42.23
Impuestos          $      0      0%  Inventario                  0 unid.
                  --------- -------  Empleados                  40 trabaj.
Utilidad Neta      $ -10678    -102%

Hoja de Balance             % Total  Reporte de Marketing:
---------------             -------  Ordenes Recibidas         385 unid.
Efectivo           $  10938     26%  Ventas Realizadas         200 unid.
Inventario         $      0      0%  Ordenes no Realizadas     185 unid.
Inver. de Capital  $  30450     74%  Precio/Unid. Vendida  $ 52.00
                  --------- -------  Tot. Costo/Unid Vend. $103.44
Total Activo       $  41388    100%  Margen/Unid.Vendida   $-51.44

Préstamos          $  25175     61%  Reporte de Inversión:
Ganancias Reten.   $  -6625    -15%  Capacid.de Fabr. $  21000     525 unid.
Capital            $  22838     55%  Inversión Neta   $   9450     236 unid.
                  --------- -------                   --------- ------
Pasivo+Patrimonio  $  41388    100%  Próx. Capacidad  $  30450     761 unid.

Flujo de Caja
---------
Caja Inicial       $  11879
Utilidad Neta      $ -10678
Depreciación       $   1050
Invers. de Capital $ -10500
Cambio de Invent.  $      0
Préstamo Neto      $  16517
                  ---------
Caja Final         $  10938

 La cantidad demandada fue mayor que la producción (cantidad ofertada).
--Puede reducir la cantidad demandada con un precio m s alto.
--Puede reducir la demanda (la curva de la demanda cambiar a la izquierda)
 con menos marketing y/o menos I&D.
--Puede incrementar la cantidad ofertada con más producción.

 Su producción est  por debajo del 5 23607el costo mínimo por unidad,
 del nivel de producción. Puede incrementar la producción o reducir su inversión 
 de capital para lograr un costo mínimo por unidad.

