            Reporte de la Compañía MELNIK for Período 1

Estado de Ingresos         % Ventas  Reporte de Operaciones
------------------           ------  ----------------------
Ventas             $  14700    100%  Decisiones:Precio     $    35
CBV                $  -7560     51%             Producción     420 unid.
                  --------- -------             Marketing  $  2500
Margen Bruto       $   7140     49%             Inversión  $ 10050
Marketing          $  -2500     17%             I & D      $ 10000
Depreciación       $  -1050      7%
I & D              $ -10000     68%
Carga Social       $      0      0%  Reporte de Producción:
Cargo Inventario   $      0      0%  Producción                420 unid.
Interés            $   -711      5%  Capacid. de Fábrica       525 unid.
                  --------- -------  Capacid. Utilizada        80%
Utilid.ant.de Imp. $  -7121    -47%  Produc.Costo/Unidad   $ 18.00
Impuestos          $      0      0%  Inventario                  0 unid.
                  --------- -------  Empleados                  84 trabaj.
Utilidad Neta      $  -7121    -47%

Hoja de Balance             % Total  Reporte de Marketing:
---------------             -------  Ordenes Recibidas         940 unid.
Efectivo           $  14719     33%  Ventas Realizadas         420 unid.
Inventario         $      0      0%  Ordenes no Realizadas     520 unid.
Inver. de Capital  $  30000     67%  Precio/Unid. Vendida  $ 35.00
                  --------- -------  Tot. Costo/Unid Vend. $ 51.95
Total Activo       $  44719    100%  Margen/Unid.Vendida   $-16.95

Préstamos          $  25839     58%  Reporte de Inversión:
Ganancias Reten.   $  -3958     -8%  Capacid.de Fabr. $  21000     525 unid.
Capital            $  22838     51%  Inversión Neta   $   9000     225 unid.
                  --------- -------                   --------- ------
Pasivo+Patrimonio  $  44719    100%  Próx. Capacidad  $  30000     750 unid.

Flujo de Caja
---------
Caja Inicial       $  11879
Utilidad Neta      $  -7121
Depreciación       $   1050
Invers. de Capital $ -10050
Cambio de Invent.  $      0
Préstamo Neto      $  17181
                  ---------
Caja Final         $  14719

 La cantidad demandada fue mayor que la producción (cantidad ofertada).
--Puede reducir la cantidad demandada con un precio m s alto.
--Puede reducir la demanda (la curva de la demanda cambiar a la izquierda)
 con menos marketing y/o menos I&D.
--Puede incrementar la cantidad ofertada con más producción.

