            Reporte de la Compañía LANASA for Período 1

Estado de Ingresos         % Ventas  Reporte de Operaciones
------------------           ------  ----------------------
Ventas             $   9850    100%  Decisiones:Precio     $    50
CBV                $  -4029     41%             Producción     350 unid.
                  --------- -------             Marketing  $  1500
Margen Bruto       $   5821     59%             Inversión  $  1500
Marketing          $  -1500     15%             I & D      $   420
Depreciación       $  -1050     11%
I & D              $   -420      4%
Carga Social       $    -90      1%  Reporte de Producción:
Cargo Inventario   $      0      0%  Producción                350 unid.
Interés            $   -173      2%  Capacid. de Fábrica       525 unid.
                  --------- -------  Capacid. Utilizada        67%
Utilid.ant.de Imp. $   2588     26%  Produc.Costo/Unidad   $ 20.45
Impuestos          $   -647      7%  Inventario                153 unid.
                  --------- -------  Empleados                  70 trabaj.
Utilidad Neta      $   1941     20%

Hoja de Balance             % Total  Reporte de Marketing:
---------------             -------  Ordenes Recibidas         197 unid.
Efectivo           $   7890     24%  Ventas Realizadas         197 unid.
Inventario         $   3129     10%  Ordenes no Realizadas       0 unid.
Inver. de Capital  $  21450     66%  Precio/Unid. Vendida  $ 50.00
                  --------- -------  Tot. Costo/Unid Vend. $ 36.41
Total Activo       $  32468    100%  Margen/Unid.Vendida   $ 13.59

Préstamos          $   6306     19%  Reporte de Inversión:
Ganancias Reten.   $   3324     10%  Capacid.de Fabr. $  21000     525 unid.
Capital            $  22838     70%  Inversión Neta   $    450      11 unid.
                  --------- -------                   --------- ------
Pasivo+Patrimonio  $  32468    100%  Próx. Capacidad  $  21450     536 unid.

Flujo de Caja
---------
Caja Inicial       $  11879
Utilidad Neta      $   1941
Depreciación       $   1050
Invers. de Capital $  -1500
Cambio de Invent.  $  -3129
Préstamo Neto      $  -2352
                  ---------
Caja Final         $   7890

 La producción (cantidad ofertada) fue mayor que la demanda.
--Puede incrementar la cantidad demandada con un precio m s bajo.
--Puede incrementar la demanda (la curva de la demanda cambia a la derecha) 
 inviertiendo m s en el marketing e I & D.
--Puede reducir la cantidad ofertada produciendo menos.

 En este período su inventario excede 10 23607e su producción. Remember
there is an opportunity cost to carrying inventory. 
¿Es esto parte de su estrategia a largo plazo?

 Su producción est  por debajo del 5 23607el costo mínimo por unidad,
 del nivel de producción. Puede incrementar la producción o reducir su inversión 
 de capital para lograr un costo mínimo por unidad.

