            Reporte de la Compañía BUCKS for Período 1

Estado de Ingresos         % Ventas  Reporte de Operaciones
------------------           ------  ----------------------
Ventas             $  20070    100%  Decisiones:Precio     $    45
CBV                $  -8104     40%             Producción     446 unid.
                  --------- -------             Marketing  $  7200
Margen Bruto       $  11966     60%             Inversión  $ 10050
Marketing          $  -7200     36%             I & D      $  8000
Depreciación       $  -1050      5%
I & D              $  -8000     40%
Carga Social       $      0      0%  Reporte de Producción:
Cargo Inventario   $      0      0%  Producción                446 unid.
Interés            $   -800      4%  Capacid. de Fábrica       525 unid.
                  --------- -------  Capacid. Utilizada        85%
Utilid.ant.de Imp. $  -5084    -24%  Produc.Costo/Unidad   $ 18.17
Impuestos          $      0      0%  Inventario                  0 unid.
                  --------- -------  Empleados                  89 trabaj.
Utilidad Neta      $  -5084    -24%

Hoja de Balance             % Total  Reporte de Marketing:
---------------             -------  Ordenes Recibidas         760 unid.
Efectivo           $  19491     39%  Ventas Realizadas         446 unid.
Inventario         $      0      0%  Ordenes no Realizadas     314 unid.
Inver. de Capital  $  30000     61%  Precio/Unid. Vendida  $ 45.00
                  --------- -------  Tot. Costo/Unid Vend. $ 56.40
Total Activo       $  49491    100%  Margen/Unid.Vendida   $-11.40

Préstamos          $  29083     59%  Reporte de Inversión:
Ganancias Reten.   $  -2430     -4%  Capacid.de Fabr. $  21000     525 unid.
Capital            $  22838     46%  Inversión Neta   $   9000     225 unid.
                  --------- -------                   --------- ------
Pasivo+Patrimonio  $  49491    100%  Próx. Capacidad  $  30000     750 unid.

Flujo de Caja
---------
Caja Inicial       $  11879
Utilidad Neta      $  -5084
Depreciación       $   1050
Invers. de Capital $ -10050
Cambio de Invent.  $      0
Préstamo Neto      $  20425
                  ---------
Caja Final         $  19491

 La cantidad demandada fue mayor que la producción (cantidad ofertada).
--Puede reducir la cantidad demandada con un precio m s alto.
--Puede reducir la demanda (la curva de la demanda cambiar a la izquierda)
 con menos marketing y/o menos I&D.
--Puede incrementar la cantidad ofertada con más producción.

