            Reporte de la Compañía SANMA for Período 1

Estado de Ingresos         % Ventas  Reporte de Operaciones
------------------           ------  ----------------------
Ventas             $  16280    100%  Decisiones:Precio     $    55
CBV                $  -5594     34%             Producción     480 unid.
                  --------- -------             Marketing  $  5000
Margen Bruto       $  10686     66%             Inversión  $  3000
Marketing          $  -5000     31%             I & D      $  3500
Depreciación       $  -1050      6%
I & D              $  -3500     21%
Carga Social       $      0      0%  Reporte de Producción:
Cargo Inventario   $      0      0%  Producción                480 unid.
Interés            $   -448      3%  Capacid. de Fábrica       525 unid.
                  --------- -------  Capacid. Utilizada        91%
Utilid.ant.de Imp. $    688      4%  Produc.Costo/Unidad   $ 18.90
Impuestos          $   -172      1%  Inventario                184 unid.
                  --------- -------  Empleados                  96 trabaj.
Utilidad Neta      $    516      3%

Hoja de Balance             % Total  Reporte de Marketing:
---------------             -------  Ordenes Recibidas         296 unid.
Efectivo           $  14610     36%  Ventas Realizadas         296 unid.
Inventario         $   3478      8%  Ordenes no Realizadas       0 unid.
Inver. de Capital  $  22950     56%  Precio/Unid. Vendida  $ 55.00
                  --------- -------  Tot. Costo/Unid Vend. $ 52.68
Total Activo       $  41038    100%  Margen/Unid.Vendida   $  2.32

Préstamos          $  16301     40%  Reporte de Inversión:
Ganancias Reten.   $   1899      5%  Capacid.de Fabr. $  21000     525 unid.
Capital            $  22838     56%  Inversión Neta   $   1950      49 unid.
                  --------- -------                   --------- ------
Pasivo+Patrimonio  $  41038    100%  Próx. Capacidad  $  22950     574 unid.

Flujo de Caja
---------
Caja Inicial       $  11879
Utilidad Neta      $    516
Depreciación       $   1050
Invers. de Capital $  -3000
Cambio de Invent.  $  -3478
Préstamo Neto      $   7643
                  ---------
Caja Final         $  14610

 La producción (cantidad ofertada) fue mayor que la demanda.
--Puede incrementar la cantidad demandada con un precio m s bajo.
--Puede incrementar la demanda (la curva de la demanda cambia a la derecha) 
 inviertiendo m s en el marketing e I & D.
--Puede reducir la cantidad ofertada produciendo menos.

 En este período su inventario excede 10 23607e su producción. Remember
there is an opportunity cost to carrying inventory. 
¿Es esto parte de su estrategia a largo plazo?

 Su producción est  por encima del 5 23607el costo mínimo por unidad, del nivel 
 de producción. Ud. podría reducir la producción o incrementar la capacidad 
 para lograr un costo mínimo por unidad.

