            Reporte de la Compañía BRS for Período 1

Estado de Ingresos         % Ventas  Reporte de Operaciones
------------------           ------  ----------------------
Ventas             $  18900    100%  Decisiones:Precio     $    45
CBV                $  -7560     40%             Producción     420 unid.
                  --------- -------             Marketing  $  1000
Margen Bruto       $  11340     60%             Inversión  $  9050
Marketing          $  -1000      5%             I & D      $ 10000
Depreciación       $  -1050      6%
I & D              $ -10000     53%
Carga Social       $      0      0%  Reporte de Producción:
Cargo Inventario   $      0      0%  Producción                420 unid.
Interés            $   -642      3%  Capacid. de Fábrica       525 unid.
                  --------- -------  Capacid. Utilizada        80%
Utilid.ant.de Imp. $  -1352     -6%  Produc.Costo/Unidad   $ 18.00
Impuestos          $      0      0%  Inventario                  0 unid.
                  --------- -------  Empleados                  84 trabaj.
Utilidad Neta      $  -1352     -6%

Hoja de Balance             % Total  Reporte de Marketing:
---------------             -------  Ordenes Recibidas         465 unid.
Efectivo           $  17546     38%  Ventas Realizadas         420 unid.
Inventario         $      0      0%  Ordenes no Realizadas      45 unid.
Inver. de Capital  $  29000     62%  Precio/Unid. Vendida  $ 45.00
                  --------- -------  Tot. Costo/Unid Vend. $ 48.22
Total Activo       $  46546    100%  Margen/Unid.Vendida   $ -3.22

Préstamos          $  23339     50%  Reporte de Inversión:
Ganancias Reten.   $    369      1%  Capacid.de Fabr. $  21000     525 unid.
Capital            $  22838     49%  Inversión Neta   $   8000     200 unid.
                  --------- -------                   --------- ------
Pasivo+Patrimonio  $  46546    100%  Próx. Capacidad  $  29000     725 unid.

Flujo de Caja
---------
Caja Inicial       $  11879
Utilidad Neta      $  -1352
Depreciación       $   1050
Invers. de Capital $  -9050
Cambio de Invent.  $      0
Préstamo Neto      $  14681
                  ---------
Caja Final         $  17546

 La cantidad demandada fue mayor que la producción (cantidad ofertada).
--Puede reducir la cantidad demandada con un precio m s alto.
--Puede reducir la demanda (la curva de la demanda cambiar a la izquierda)
 con menos marketing y/o menos I&D.
--Puede incrementar la cantidad ofertada con más producción.

