            Reporte de la Compañía ROMEO for Período 1

Estado de Ingresos         % Ventas  Reporte de Operaciones
------------------           ------  ----------------------
Ventas             $  14000    100%  Decisiones:Precio     $    40
CBV                $  -7158     51%             Producción     350 unid.
                  --------- -------             Marketing  $  2500
Margen Bruto       $   6842     49%             Inversión  $ 10000
Marketing          $  -2500     18%             I & D      $  1500
Depreciación       $  -1050      8%
I & D              $  -1500     11%
Carga Social       $    -90      1%  Reporte de Producción:
Cargo Inventario   $      0      0%  Producción                350 unid.
Interés            $   -464      3%  Capacid. de Fábrica       525 unid.
                  --------- -------  Capacid. Utilizada        67%
Utilid.ant.de Imp. $   1238      9%  Produc.Costo/Unidad   $ 20.45
Impuestos          $   -310      2%  Inventario                  0 unid.
                  --------- -------  Empleados                  70 trabaj.
Utilidad Neta      $    928      7%

Hoja de Balance             % Total  Reporte de Marketing:
---------------             -------  Ordenes Recibidas         414 unid.
Efectivo           $  12086     29%  Ventas Realizadas         350 unid.
Inventario         $      0      0%  Ordenes no Realizadas      64 unid.
Inver. de Capital  $  29950     71%  Precio/Unid. Vendida  $ 40.00
                  --------- -------  Tot. Costo/Unid Vend. $ 36.21
Total Activo       $  42036    100%  Margen/Unid.Vendida   $  3.79

Préstamos          $  16886     40%  Reporte de Inversión:
Ganancias Reten.   $   2311      5%  Capacid.de Fabr. $  21000     525 unid.
Capital            $  22838     54%  Inversión Neta   $   8950     224 unid.
                  --------- -------                   --------- ------
Pasivo+Patrimonio  $  42036    100%  Próx. Capacidad  $  29950     749 unid.

Flujo de Caja
---------
Caja Inicial       $  11879
Utilidad Neta      $    928
Depreciación       $   1050
Invers. de Capital $ -10000
Cambio de Invent.  $      0
Préstamo Neto      $   8228
                  ---------
Caja Final         $  12086

 La cantidad demandada fue mayor que la producción (cantidad ofertada).
--Puede reducir la cantidad demandada con un precio m s alto.
--Puede reducir la demanda (la curva de la demanda cambiar a la izquierda)
 con menos marketing y/o menos I&D.
--Puede incrementar la cantidad ofertada con más producción.

 Su producción est  por debajo del 5 23607el costo mínimo por unidad,
 del nivel de producción. Puede incrementar la producción o reducir su inversión 
 de capital para lograr un costo mínimo por unidad.

