            Reporte de la Compañía BONEO4A for Período 1

Estado de Ingresos         % Ventas  Reporte de Operaciones
------------------           ------  ----------------------
Ventas             $   6958    100%  Decisiones:Precio     $    49
CBV                $  -2904     42%             Producción     350 unid.
                  --------- -------             Marketing  $   850
Margen Bruto       $   4054     58%             Inversión  $  1000
Marketing          $   -850     12%             I & D      $   395
Depreciación       $  -1050     15%
I & D              $   -395      6%
Carga Social       $    -90      1%  Reporte de Producción:
Cargo Inventario   $      0      0%  Producción                350 unid.
Interés            $   -141      2%  Capacid. de Fábrica       525 unid.
                  --------- -------  Capacid. Utilizada        67%
Utilid.ant.de Imp. $   1528     22%  Produc.Costo/Unidad   $ 20.45
Impuestos          $   -382      5%  Inventario                208 unid.
                  --------- -------  Empleados                  70 trabaj.
Utilidad Neta      $   1146     16%

Hoja de Balance             % Total  Reporte de Marketing:
---------------             -------  Ordenes Recibidas         142 unid.
Efectivo           $   5294     17%  Ventas Realizadas         142 unid.
Inventario         $   4254     14%  Ordenes no Realizadas       0 unid.
Inver. de Capital  $  20950     69%  Precio/Unid. Vendida  $ 49.00
                  --------- -------  Tot. Costo/Unid Vend. $ 37.61
Total Activo       $  30498    100%  Margen/Unid.Vendida   $ 11.39

Préstamos          $   5132     17%  Reporte de Inversión:
Ganancias Reten.   $   2529      8%  Capacid.de Fabr. $  21000     525 unid.
Capital            $  22838     75%  Inversión Neta   $    -50      -1 unid.
                  --------- -------                   --------- ------
Pasivo+Patrimonio  $  30498    100%  Próx. Capacidad  $  20950     524 unid.

Flujo de Caja
---------
Caja Inicial       $  11879
Utilidad Neta      $   1146
Depreciación       $   1050
Invers. de Capital $  -1000
Cambio de Invent.  $  -4254
Préstamo Neto      $  -3526
                  ---------
Caja Final         $   5294

 La producción (cantidad ofertada) fue mayor que la demanda.
--Puede incrementar la cantidad demandada con un precio m s bajo.
--Puede incrementar la demanda (la curva de la demanda cambia a la derecha) 
 inviertiendo m s en el marketing e I & D.
--Puede reducir la cantidad ofertada produciendo menos.

 En este período su inventario excede 10 23607e su producción. Remember
there is an opportunity cost to carrying inventory. 
¿Es esto parte de su estrategia a largo plazo?

 Su producción est  por debajo del 5 23607el costo mínimo por unidad,
 del nivel de producción. Puede incrementar la producción o reducir su inversión 
 de capital para lograr un costo mínimo por unidad.

