            Reporte de la Compañía EXODO for Período 1

Estado de Ingresos         % Ventas  Reporte de Operaciones
------------------           ------  ----------------------
Ventas             $  13440    100%  Decisiones:Precio     $    32
CBV                $  -7560     56%             Producción     420 unid.
                  --------- -------             Marketing  $  2000
Margen Bruto       $   5880     44%             Inversión  $  2000
Marketing          $  -2000     15%             I & D      $  2000
Depreciación       $  -1050      8%
I & D              $  -2000     15%
Carga Social       $      0      0%  Reporte de Producción:
Cargo Inventario   $      0      0%  Producción                420 unid.
Interés            $   -255      2%  Capacid. de Fábrica       525 unid.
                  --------- -------  Capacid. Utilizada        80%
Utilid.ant.de Imp. $    575      4%  Produc.Costo/Unidad   $ 18.00
Impuestos          $   -144      1%  Inventario                  0 unid.
                  --------- -------  Empleados                  84 trabaj.
Utilidad Neta      $    431      3%

Hoja de Balance             % Total  Reporte de Marketing:
---------------             -------  Ordenes Recibidas         637 unid.
Efectivo           $  11991     35%  Ventas Realizadas         420 unid.
Inventario         $      0      0%  Ordenes no Realizadas     217 unid.
Inver. de Capital  $  21950     65%  Precio/Unid. Vendida  $ 32.00
                  --------- -------  Tot. Costo/Unid Vend. $ 30.63
Total Activo       $  33941    100%  Margen/Unid.Vendida   $  1.37

Préstamos          $   9289     27%  Reporte de Inversión:
Ganancias Reten.   $   1814      5%  Capacid.de Fabr. $  21000     525 unid.
Capital            $  22838     67%  Inversión Neta   $    950      24 unid.
                  --------- -------                   --------- ------
Pasivo+Patrimonio  $  33941    100%  Próx. Capacidad  $  21950     549 unid.

Flujo de Caja
---------
Caja Inicial       $  11879
Utilidad Neta      $    431
Depreciación       $   1050
Invers. de Capital $  -2000
Cambio de Invent.  $      0
Préstamo Neto      $    631
                  ---------
Caja Final         $  11991

 La cantidad demandada fue mayor que la producción (cantidad ofertada).
--Puede reducir la cantidad demandada con un precio m s alto.
--Puede reducir la demanda (la curva de la demanda cambiar a la izquierda)
 con menos marketing y/o menos I&D.
--Puede incrementar la cantidad ofertada con más producción.

