            Reporte de la Compañía OMH for Período 1

Estado de Ingresos         % Ventas  Reporte de Operaciones
------------------           ------  ----------------------
Ventas             $  13755    100%  Decisiones:Precio     $    35
CBV                $  -7215     52%             Producción     393 unid.
                  --------- -------             Marketing  $  1050
Margen Bruto       $   6540     48%             Inversión  $  2022
Marketing          $  -1050      8%             I & D      $   395
Depreciación       $  -1050      8%
I & D              $   -395      3%
Carga Social       $      0      0%  Reporte de Producción:
Cargo Inventario   $      0      0%  Producción                393 unid.
Interés            $   -176      1%  Capacid. de Fábrica       525 unid.
                  --------- -------  Capacid. Utilizada        75%
Utilid.ant.de Imp. $   3869     28%  Produc.Costo/Unidad   $ 18.36
Impuestos          $   -967      7%  Inventario                  0 unid.
                  --------- -------  Empleados                  79 trabaj.
Utilidad Neta      $   2902     21%

Hoja de Balance             % Total  Reporte de Marketing:
---------------             -------  Ordenes Recibidas         420 unid.
Efectivo           $  11562     34%  Ventas Realizadas         393 unid.
Inventario         $      0      0%  Ordenes no Realizadas      27 unid.
Inver. de Capital  $  21972     66%  Precio/Unid. Vendida  $ 35.00
                  --------- -------  Tot. Costo/Unid Vend. $ 25.16
Total Activo       $  33534    100%  Margen/Unid.Vendida   $  9.84

Préstamos          $   6411     19%  Reporte de Inversión:
Ganancias Reten.   $   4285     13%  Capacid.de Fabr. $  21000     525 unid.
Capital            $  22838     68%  Inversión Neta   $    972      24 unid.
                  --------- -------                   --------- ------
Pasivo+Patrimonio  $  33534    100%  Próx. Capacidad  $  21972     549 unid.

Flujo de Caja
---------
Caja Inicial       $  11879
Utilidad Neta      $   2902
Depreciación       $   1050
Invers. de Capital $  -2022
Cambio de Invent.  $      0
Préstamo Neto      $  -2247
                  ---------
Caja Final         $  11562

 La cantidad demandada fue mayor que la producción (cantidad ofertada).
--Puede reducir la cantidad demandada con un precio m s alto.
--Puede reducir la demanda (la curva de la demanda cambiar a la izquierda)
 con menos marketing y/o menos I&D.
--Puede incrementar la cantidad ofertada con más producción.

