            Reporte de la Compañía BAJOCERO for Período 1

Estado de Ingresos         % Ventas  Reporte de Operaciones
------------------           ------  ----------------------
Ventas             $  11520    100%  Decisiones:Precio     $    64
CBV                $  -3737     32%             Producción     525 unid.
                  --------- -------             Marketing  $  2000
Margen Bruto       $   7783     68%             Inversión  $  4000
Marketing          $  -2000     17%             I & D      $  5000
Depreciación       $  -1050      9%
I & D              $  -5000     43%
Carga Social       $      0      0%  Reporte de Producción:
Cargo Inventario   $      0      0%  Producción                525 unid.
Interés            $   -485      4%  Capacid. de Fábrica       525 unid.
                  --------- -------  Capacid. Utilizada       100%
Utilid.ant.de Imp. $   -752     -6%  Produc.Costo/Unidad   $ 20.76
Impuestos          $      0      0%  Inventario                345 unid.
                  --------- -------  Empleados                 105 trabaj.
Utilidad Neta      $   -752     -6%

Hoja de Balance             % Total  Reporte de Marketing:
---------------             -------  Ordenes Recibidas         180 unid.
Efectivo           $  10172     25%  Ventas Realizadas         180 unid.
Inventario         $   7163     17%  Ordenes no Realizadas       0 unid.
Inver. de Capital  $  23950     58%  Precio/Unid. Vendida  $ 64.00
                  --------- -------  Tot. Costo/Unid Vend. $ 68.18
Total Activo       $  41285    100%  Margen/Unid.Vendida   $ -4.18

Préstamos          $  17628     43%  Reporte de Inversión:
Ganancias Reten.   $    819      2%  Capacid.de Fabr. $  21000     525 unid.
Capital            $  22838     55%  Inversión Neta   $   2950      74 unid.
                  --------- -------                   --------- ------
Pasivo+Patrimonio  $  41285    100%  Próx. Capacidad  $  23950     599 unid.

Flujo de Caja
---------
Caja Inicial       $  11879
Utilidad Neta      $   -752
Depreciación       $   1050
Invers. de Capital $  -4000
Cambio de Invent.  $  -7163
Préstamo Neto      $   8970
                  ---------
Caja Final         $  10172

 La producción (cantidad ofertada) fue mayor que la demanda.
--Puede incrementar la cantidad demandada con un precio m s bajo.
--Puede incrementar la demanda (la curva de la demanda cambia a la derecha) 
 inviertiendo m s en el marketing e I & D.
--Puede reducir la cantidad ofertada produciendo menos.

 En este período su inventario excede 10 23607e su producción. Remember
there is an opportunity cost to carrying inventory. 
¿Es esto parte de su estrategia a largo plazo?

 Su producción est  por encima del 5 23607el costo mínimo por unidad, del nivel 
 de producción. Ud. podría reducir la producción o incrementar la capacidad 
 para lograr un costo mínimo por unidad.

