            Reporte de la Compañía SOCRATIC for Período 1

Estado de Ingresos         % Ventas  Reporte de Operaciones
------------------           ------  ----------------------
Ventas             $  14272    100%  Decisiones:Precio     $    32
CBV                $  -8104     57%             Producción     446 unid.
                  --------- -------             Marketing  $  1000
Margen Bruto       $   6168     43%             Inversión  $  1000
Marketing          $  -1000      7%             I & D      $  1851
Depreciación       $  -1050      7%
I & D              $  -1851     13%
Carga Social       $      0      0%  Reporte de Producción:
Cargo Inventario   $      0      0%  Producción                446 unid.
Interés            $   -211      1%  Capacid. de Fábrica       525 unid.
                  --------- -------  Capacid. Utilizada        85%
Utilid.ant.de Imp. $   2056     14%  Produc.Costo/Unidad   $ 18.17
Impuestos          $   -514      4%  Inventario                  0 unid.
                  --------- -------  Empleados                  89 trabaj.
Utilidad Neta      $   1542     11%

Hoja de Balance             % Total  Reporte de Marketing:
---------------             -------  Ordenes Recibidas         591 unid.
Efectivo           $  12497     37%  Ventas Realizadas         446 unid.
Inventario         $      0      0%  Ordenes no Realizadas     145 unid.
Inver. de Capital  $  20950     63%  Precio/Unid. Vendida  $ 32.00
                  --------- -------  Tot. Costo/Unid Vend. $ 27.39
Total Activo       $  33447    100%  Margen/Unid.Vendida   $  4.61

Préstamos          $   7684     23%  Reporte de Inversión:
Ganancias Reten.   $   2925      9%  Capacid.de Fabr. $  21000     525 unid.
Capital            $  22838     68%  Inversión Neta   $    -50      -1 unid.
                  --------- -------                   --------- ------
Pasivo+Patrimonio  $  33447    100%  Próx. Capacidad  $  20950     524 unid.

Flujo de Caja
---------
Caja Inicial       $  11879
Utilidad Neta      $   1542
Depreciación       $   1050
Invers. de Capital $  -1000
Cambio de Invent.  $      0
Préstamo Neto      $   -974
                  ---------
Caja Final         $  12497

 La cantidad demandada fue mayor que la producción (cantidad ofertada).
--Puede reducir la cantidad demandada con un precio m s alto.
--Puede reducir la demanda (la curva de la demanda cambiar a la izquierda)
 con menos marketing y/o menos I&D.
--Puede incrementar la cantidad ofertada con más producción.

