            Reporte de la Compañía ASCARU for Período 1

Estado de Ingresos         % Ventas  Reporte de Operaciones
------------------           ------  ----------------------
Ventas             $  18900    100%  Decisiones:Precio     $    45
CBV                $  -7560     40%             Producción     420 unid.
                  --------- -------             Marketing  $  8000
Margen Bruto       $  11340     60%             Inversión  $  8000
Marketing          $  -8000     42%             I & D      $  8000
Depreciación       $  -1050      6%
I & D              $  -8000     42%
Carga Social       $      0      0%  Reporte de Producción:
Cargo Inventario   $      0      0%  Producción                420 unid.
Interés            $   -750      4%  Capacid. de Fábrica       525 unid.
                  --------- -------  Capacid. Utilizada        80%
Utilid.ant.de Imp. $  -6460    -33%  Produc.Costo/Unidad   $ 18.00
Impuestos          $      0      0%  Inventario                  0 unid.
                  --------- -------  Empleados                  84 trabaj.
Utilidad Neta      $  -6460    -33%

Hoja de Balance             % Total  Reporte de Marketing:
---------------             -------  Ordenes Recibidas         838 unid.
Efectivo           $  18715     40%  Ventas Realizadas         420 unid.
Inventario         $      0      0%  Ordenes no Realizadas     418 unid.
Inver. de Capital  $  27950     60%  Precio/Unid. Vendida  $ 45.00
                  --------- -------  Tot. Costo/Unid Vend. $ 60.38
Total Activo       $  46665    100%  Margen/Unid.Vendida   $-15.38

Préstamos          $  27289     58%  Reporte de Inversión:
Ganancias Reten.   $  -3462     -6%  Capacid.de Fabr. $  21000     525 unid.
Capital            $  22838     49%  Inversión Neta   $   6950     174 unid.
                  --------- -------                   --------- ------
Pasivo+Patrimonio  $  46665    100%  Próx. Capacidad  $  27950     699 unid.

Flujo de Caja
---------
Caja Inicial       $  11879
Utilidad Neta      $  -6460
Depreciación       $   1050
Invers. de Capital $  -8000
Cambio de Invent.  $      0
Préstamo Neto      $  18631
                  ---------
Caja Final         $  18715

 La cantidad demandada fue mayor que la producción (cantidad ofertada).
--Puede reducir la cantidad demandada con un precio m s alto.
--Puede reducir la demanda (la curva de la demanda cambiar a la izquierda)
 con menos marketing y/o menos I&D.
--Puede incrementar la cantidad ofertada con más producción.

