            Reporte de la Compañía IFEI4 for Período 1

Estado de Ingresos         % Ventas  Reporte de Operaciones
------------------           ------  ----------------------
Ventas             $  21840    100%  Decisiones:Precio     $    52
CBV                $  -7560     35%             Producción     420 unid.
                  --------- -------             Marketing  $  6000
Margen Bruto       $  14280     65%             Inversión  $ 12000
Marketing          $  -6000     27%             I & D      $  7500
Depreciación       $  -1050      5%
I & D              $  -7500     34%
Carga Social       $      0      0%  Reporte de Producción:
Cargo Inventario   $      0      0%  Producción                420 unid.
Interés            $   -792      4%  Capacid. de Fábrica       525 unid.
                  --------- -------  Capacid. Utilizada        80%
Utilid.ant.de Imp. $  -1062     -4%  Produc.Costo/Unidad   $ 18.00
Impuestos          $      0      0%  Inventario                  0 unid.
                  --------- -------  Empleados                  84 trabaj.
Utilidad Neta      $  -1062     -4%

Hoja de Balance             % Total  Reporte de Marketing:
---------------             -------  Ordenes Recibidas         479 unid.
Efectivo           $  20264     39%  Ventas Realizadas         420 unid.
Inventario         $      0      0%  Ordenes no Realizadas      59 unid.
Inver. de Capital  $  31950     61%  Precio/Unid. Vendida  $ 52.00
                  --------- -------  Tot. Costo/Unid Vend. $ 54.53
Total Activo       $  52214    100%  Margen/Unid.Vendida   $ -2.53

Préstamos          $  28789     55%  Reporte de Inversión:
Ganancias Reten.   $    587      1%  Capacid.de Fabr. $  21000     525 unid.
Capital            $  22838     44%  Inversión Neta   $  10950     274 unid.
                  --------- -------                   --------- ------
Pasivo+Patrimonio  $  52214    100%  Próx. Capacidad  $  31950     799 unid.

Flujo de Caja
---------
Caja Inicial       $  11879
Utilidad Neta      $  -1062
Depreciación       $   1050
Invers. de Capital $ -12000
Cambio de Invent.  $      0
Préstamo Neto      $  20131
                  ---------
Caja Final         $  20264

 La cantidad demandada fue mayor que la producción (cantidad ofertada).
--Puede reducir la cantidad demandada con un precio m s alto.
--Puede reducir la demanda (la curva de la demanda cambiar a la izquierda)
 con menos marketing y/o menos I&D.
--Puede incrementar la cantidad ofertada con más producción.

