            Reporte de la Compañía VIRECA for Período 1

Estado de Ingresos         % Ventas  Reporte de Operaciones
------------------           ------  ----------------------
Ventas             $  17840    100%  Decisiones:Precio     $    40
CBV                $  -8104     45%             Producción     446 unid.
                  --------- -------             Marketing  $  2000
Margen Bruto       $   9736     55%             Inversión  $ 11050
Marketing          $  -2000     11%             I & D      $   460
Depreciación       $  -1050      6%
I & D              $   -460      3%
Carga Social       $      0      0%  Reporte de Producción:
Cargo Inventario   $      0      0%  Producción                446 unid.
Interés            $   -477      3%  Capacid. de Fábrica       525 unid.
                  --------- -------  Capacid. Utilizada        85%
Utilid.ant.de Imp. $   5749     32%  Produc.Costo/Unidad   $ 18.17
Impuestos          $  -1437      8%  Inventario                  0 unid.
                  --------- -------  Empleados                  89 trabaj.
Utilidad Neta      $   4312     24%

Hoja de Balance             % Total  Reporte de Marketing:
---------------             -------  Ordenes Recibidas         689 unid.
Efectivo           $  14876     32%  Ventas Realizadas         446 unid.
Inventario         $      0      0%  Ordenes no Realizadas     243 unid.
Inver. de Capital  $  31000     68%  Precio/Unid. Vendida  $ 40.00
                  --------- -------  Tot. Costo/Unid Vend. $ 27.11
Total Activo       $  45876    100%  Margen/Unid.Vendida   $ 12.89

Préstamos          $  17343     38%  Reporte de Inversión:
Ganancias Reten.   $   5695     12%  Capacid.de Fabr. $  21000     525 unid.
Capital            $  22838     50%  Inversión Neta   $  10000     250 unid.
                  --------- -------                   --------- ------
Pasivo+Patrimonio  $  45876    100%  Próx. Capacidad  $  31000     775 unid.

Flujo de Caja
---------
Caja Inicial       $  11879
Utilidad Neta      $   4312
Depreciación       $   1050
Invers. de Capital $ -11050
Cambio de Invent.  $      0
Préstamo Neto      $   8685
                  ---------
Caja Final         $  14876

 La cantidad demandada fue mayor que la producción (cantidad ofertada).
--Puede reducir la cantidad demandada con un precio m s alto.
--Puede reducir la demanda (la curva de la demanda cambiar a la izquierda)
 con menos marketing y/o menos I&D.
--Puede incrementar la cantidad ofertada con más producción.

