            Reporte de la Compañía STELLA5 for Período 1

Estado de Ingresos         % Ventas  Reporte de Operaciones
------------------           ------  ----------------------
Ventas             $  18900    100%  Decisiones:Precio     $    45
CBV                $  -7560     40%             Producción     420 unid.
                  --------- -------             Marketing  $  4200
Margen Bruto       $  11340     60%             Inversión  $  6500
Marketing          $  -4200     22%             I & D      $  5000
Depreciación       $  -1050      6%
I & D              $  -5000     26%
Carga Social       $      0      0%  Reporte de Producción:
Cargo Inventario   $      0      0%  Producción                420 unid.
Interés            $   -522      3%  Capacid. de Fábrica       525 unid.
                  --------- -------  Capacid. Utilizada        80%
Utilid.ant.de Imp. $    568      3%  Produc.Costo/Unidad   $ 18.00
Impuestos          $   -142      1%  Inventario                  0 unid.
                  --------- -------  Empleados                  84 trabaj.
Utilidad Neta      $    426      2%

Hoja de Balance             % Total  Reporte de Marketing:
---------------             -------  Ordenes Recibidas         440 unid.
Efectivo           $  17186     39%  Ventas Realizadas         420 unid.
Inventario         $      0      0%  Ordenes no Realizadas      20 unid.
Inver. de Capital  $  26450     61%  Precio/Unid. Vendida  $ 45.00
                  --------- -------  Tot. Costo/Unid Vend. $ 43.65
Total Activo       $  43636    100%  Margen/Unid.Vendida   $  1.35

Préstamos          $  18989     44%  Reporte de Inversión:
Ganancias Reten.   $   1809      4%  Capacid.de Fabr. $  21000     525 unid.
Capital            $  22838     52%  Inversión Neta   $   5450     136 unid.
                  --------- -------                   --------- ------
Pasivo+Patrimonio  $  43636    100%  Próx. Capacidad  $  26450     661 unid.

Flujo de Caja
---------
Caja Inicial       $  11879
Utilidad Neta      $    426
Depreciación       $   1050
Invers. de Capital $  -6500
Cambio de Invent.  $      0
Préstamo Neto      $  10331
                  ---------
Caja Final         $  17186

 Felicitaciones! Ud. ha logrado balancear su producción (cantidad ofertada) y 
 ordenes (cantidad demandada) con un margen del 5%.

