            Reporte de la Compañía TEODE1 for Período 1

Estado de Ingresos         % Ventas  Reporte de Operaciones
------------------           ------  ----------------------
Ventas             $  18060    100%  Decisiones:Precio     $    43
CBV                $  -7560     42%             Producción     420 unid.
                  --------- -------             Marketing  $  9000
Margen Bruto       $  10500     58%             Inversión  $ 12000
Marketing          $  -9000     50%             I & D      $ 10000
Depreciación       $  -1050      6%
I & D              $ -10000     55%
Carga Social       $      0      0%  Reporte de Producción:
Cargo Inventario   $      0      0%  Producción                420 unid.
Interés            $   -943      5%  Capacid. de Fábrica       525 unid.
                  --------- -------  Capacid. Utilizada        80%
Utilid.ant.de Imp. $ -10493    -57%  Produc.Costo/Unidad   $ 18.00
Impuestos          $      0      0%  Inventario                  0 unid.
                  --------- -------  Empleados                  84 trabaj.
Utilidad Neta      $ -10493    -57%

Hoja de Balance             % Total  Reporte de Marketing:
---------------             -------  Ordenes Recibidas         871 unid.
Efectivo           $  18690     37%  Ventas Realizadas         420 unid.
Inventario         $      0      0%  Ordenes no Realizadas     451 unid.
Inver. de Capital  $  31950     63%  Precio/Unid. Vendida  $ 43.00
                  --------- -------  Tot. Costo/Unid Vend. $ 67.98
Total Activo       $  50640    100%  Margen/Unid.Vendida   $-24.98

Préstamos          $  34289     68%  Reporte de Inversión:
Ganancias Reten.   $  -6487    -12%  Capacid.de Fabr. $  21000     525 unid.
Capital            $  22838     45%  Inversión Neta   $  10950     274 unid.
                  --------- -------                   --------- ------
Pasivo+Patrimonio  $  50640    100%  Próx. Capacidad  $  31950     799 unid.

Flujo de Caja
---------
Caja Inicial       $  11879
Utilidad Neta      $ -10493
Depreciación       $   1050
Invers. de Capital $ -12000
Cambio de Invent.  $      0
Préstamo Neto      $  25631
                  ---------
Caja Final         $  18690

 La cantidad demandada fue mayor que la producción (cantidad ofertada).
--Puede reducir la cantidad demandada con un precio m s alto.
--Puede reducir la demanda (la curva de la demanda cambiar a la izquierda)
 con menos marketing y/o menos I&D.
--Puede incrementar la cantidad ofertada con más producción.

