            Reporte de la Compañía ASDELTA for Período 1

Estado de Ingresos         % Ventas  Reporte de Operaciones
------------------           ------  ----------------------
Ventas             $  15290    100%  Decisiones:Precio     $    55
CBV                $  -5174     34%             Producción     385 unid.
                  --------- -------             Marketing  $  5000
Margen Bruto       $  10116     66%             Inversión  $ 10000
Marketing          $  -5000     33%             I & D      $  5000
Depreciación       $  -1050      7%
I & D              $  -5000     33%
Carga Social       $    -20      0%  Reporte de Producción:
Cargo Inventario   $      0      0%  Producción                385 unid.
Interés            $   -630      4%  Capacid. de Fábrica       525 unid.
                  --------- -------  Capacid. Utilizada        73%
Utilid.ant.de Imp. $  -1584     -9%  Produc.Costo/Unidad   $ 18.61
Impuestos          $      0      0%  Inventario                107 unid.
                  --------- -------  Empleados                  77 trabaj.
Utilidad Neta      $  -1584     -9%

Hoja de Balance             % Total  Reporte de Marketing:
---------------             -------  Ordenes Recibidas         278 unid.
Efectivo           $  13986     30%  Ventas Realizadas         278 unid.
Inventario         $   1991      4%  Ordenes no Realizadas       0 unid.
Inver. de Capital  $  29950     65%  Precio/Unid. Vendida  $ 55.00
                  --------- -------  Tot. Costo/Unid Vend. $ 60.63
Total Activo       $  45927    100%  Margen/Unid.Vendida   $ -5.63

Préstamos          $  22894     50%  Reporte de Inversión:
Ganancias Reten.   $    195      0%  Capacid.de Fabr. $  21000     525 unid.
Capital            $  22838     50%  Inversión Neta   $   8950     224 unid.
                  --------- -------                   --------- ------
Pasivo+Patrimonio  $  45927    100%  Próx. Capacidad  $  29950     749 unid.

Flujo de Caja
---------
Caja Inicial       $  11879
Utilidad Neta      $  -1584
Depreciación       $   1050
Invers. de Capital $ -10000
Cambio de Invent.  $  -1991
Préstamo Neto      $  14236
                  ---------
Caja Final         $  13986

 La producción (cantidad ofertada) fue mayor que la demanda.
--Puede incrementar la cantidad demandada con un precio m s bajo.
--Puede incrementar la demanda (la curva de la demanda cambia a la derecha) 
 inviertiendo m s en el marketing e I & D.
--Puede reducir la cantidad ofertada produciendo menos.

 En este período su inventario excede 10 23607e su producción. Remember
there is an opportunity cost to carrying inventory. 
¿Es esto parte de su estrategia a largo plazo?

 Su producción est  por debajo del 5 23607el costo mínimo por unidad,
 del nivel de producción. Puede incrementar la producción o reducir su inversión 
 de capital para lograr un costo mínimo por unidad.

