                  Reporte Industrial    Período 1

Unidades                    Cambio    Dolares                         Cambio
--------                    ------    -------                         ------
Total Ordenes         5197     65%    Ventas Industr.        $127815     36%
Total Produc.         3359      7%    Precio Promedio        $ 42.34     41%
Total Vendido         3019     -3%    Total Producción       $ 62704      9%
Capac. Total          4200      0%    Costo Prom Pdun        $ 18.67      2%
Inventario             340      0%    Total Costo Prom       $ 44.29     75%

Productividad               Cambio    Dolares                         Cambio
-------------               ------    -------                         ------
Empleo                 671      7%    Tasa Prima                 10%      0%
Ventas/Empleado   $    190     27%    Préstamo Límite        $ 50000      0%
Unid./Empleado        5.01      0%    Tasa del Impuesto          25%      0%
Invers. de Cap.   $ 188350     12%    Imp. Pag. Período      $ -1489   -139%
Capacid. Utiliz.       80%      5%    Imp. Pag. Fecha        $ 79647     -1%

         JULMAR  COLDSPA    SARCO  GAZZOLA    FTSCG TRIANFON   SANMAR AFRODITA
       -------- -------- -------- -------- -------- -------- -------- --------
Ventas  $ 19380  $ 13125  $ 14700  $ 17160  $ 13440  $ 18900  $ 11790  $ 19320
Util.   $ -5863  $  -885  $  3947  $ -4366  $  1490  $ -1214  $  1449  $ -2808
Precio  $    76  $    25  $    35  $    65  $    32  $    45  $    30  $    60
GanRet  $ -3014  $   719  $  5330  $ -1891  $  2872  $   473  $  2832  $  -723
UnRepa       8%      17%      14%       9%      14%      14%      13%      11%
MPI          -2       58      137       15       94       60       91       39

Industry Notes
--------------
 Las compañías compensan sus costos altos con precios altos. 
¿Qué efecto tuvo esto en las ordenes?

 Las ordenes excedieron a la producción aún cuando los precios se incrementaron.
 Algunas compañías deben tener inversiones fuertes en Marketing o en I&D.

 Con una Inversi¢n de Capital alto, habr  m s capacidad en la industria el 
 pr¢ximo per¡odo. Para las compa¤¡as que invirtieron, operaciones eficientes 
 que requer¡an una producción m s alta pero con un costo m s bajo por unidad.

