            Reporte de la Compañía NEKOMA for Período 1

Estado de Ingresos         % Ventas  Reporte de Operaciones
------------------           ------  ----------------------
Ventas             $  16380    100%  Decisiones:Precio     $    39
CBV                $  -7560     46%             Producción     420 unid.
                  --------- -------             Marketing  $  2050
Margen Bruto       $   8820     54%             Inversión  $  1100
Marketing          $  -2050     13%             I & D      $   420
Depreciación       $  -1050      6%
I & D              $   -420      3%
Carga Social       $      0      0%  Reporte de Producción:
Cargo Inventario   $      0      0%  Producción                420 unid.
Interés            $   -189      1%  Capacid. de Fábrica       525 unid.
                  --------- -------  Capacid. Utilizada        80%
Utilid.ant.de Imp. $   5111     31%  Produc.Costo/Unidad   $ 18.00
Impuestos          $  -1278      8%  Inventario                  0 unid.
                  --------- -------  Empleados                  84 trabaj.
Utilidad Neta      $   3833     23%

Hoja de Balance             % Total  Reporte de Marketing:
---------------             -------  Ordenes Recibidas         482 unid.
Efectivo           $  13863     40%  Ventas Realizadas         420 unid.
Inventario         $      0      0%  Ordenes no Realizadas      62 unid.
Inver. de Capital  $  21050     60%  Precio/Unid. Vendida  $ 39.00
                  --------- -------  Tot. Costo/Unid Vend. $ 26.83
Total Activo       $  34913    100%  Margen/Unid.Vendida   $ 12.17

Préstamos          $   6859     20%  Reporte de Inversión:
Ganancias Reten.   $   5216     15%  Capacid.de Fabr. $  21000     525 unid.
Capital            $  22838     65%  Inversión Neta   $     50       1 unid.
                  --------- -------                   --------- ------
Pasivo+Patrimonio  $  34913    100%  Próx. Capacidad  $  21050     526 unid.

Flujo de Caja
---------
Caja Inicial       $  11879
Utilidad Neta      $   3833
Depreciación       $   1050
Invers. de Capital $  -1100
Cambio de Invent.  $      0
Préstamo Neto      $  -1799
                  ---------
Caja Final         $  13863

 La cantidad demandada fue mayor que la producción (cantidad ofertada).
--Puede reducir la cantidad demandada con un precio m s alto.
--Puede reducir la demanda (la curva de la demanda cambiar a la izquierda)
 con menos marketing y/o menos I&D.
--Puede incrementar la cantidad ofertada con más producción.

