            Reporte de la Compañía STELLA for Período 1

Estado de Ingresos         % Ventas  Reporte de Operaciones
------------------           ------  ----------------------
Ventas             $  16800    100%  Decisiones:Precio     $    40
CBV                $  -7560     45%             Producción     420 unid.
                  --------- -------             Marketing  $  2500
Margen Bruto       $   9240     55%             Inversión  $  4050
Marketing          $  -2500     15%             I & D      $  1050
Depreciación       $  -1050      6%
I & D              $  -1050      6%
Carga Social       $      0      0%  Reporte de Producción:
Cargo Inventario   $      0      0%  Producción                420 unid.
Interés            $   -299      2%  Capacid. de Fábrica       525 unid.
                  --------- -------  Capacid. Utilizada        80%
Utilid.ant.de Imp. $   4341     26%  Produc.Costo/Unidad   $ 18.00
Impuestos          $  -1085      6%  Inventario                  0 unid.
                  --------- -------  Empleados                  84 trabaj.
Utilidad Neta      $   3256     19%

Hoja de Balance             % Total  Reporte de Marketing:
---------------             -------  Ordenes Recibidas         484 unid.
Efectivo           $  14366     37%  Ventas Realizadas         420 unid.
Inventario         $      0      0%  Ordenes no Realizadas      64 unid.
Inver. de Capital  $  24000     63%  Precio/Unid. Vendida  $ 40.00
                  --------- -------  Tot. Costo/Unid Vend. $ 29.66
Total Activo       $  38366    100%  Margen/Unid.Vendida   $ 10.34

Préstamos          $  10889     28%  Reporte de Inversión:
Ganancias Reten.   $   4639     12%  Capacid.de Fabr. $  21000     525 unid.
Capital            $  22838     60%  Inversión Neta   $   3000      75 unid.
                  --------- -------                   --------- ------
Pasivo+Patrimonio  $  38366    100%  Próx. Capacidad  $  24000     600 unid.

Flujo de Caja
---------
Caja Inicial       $  11879
Utilidad Neta      $   3256
Depreciación       $   1050
Invers. de Capital $  -4050
Cambio de Invent.  $      0
Préstamo Neto      $   2231
                  ---------
Caja Final         $  14366

 La cantidad demandada fue mayor que la producción (cantidad ofertada).
--Puede reducir la cantidad demandada con un precio m s alto.
--Puede reducir la demanda (la curva de la demanda cambiar a la izquierda)
 con menos marketing y/o menos I&D.
--Puede incrementar la cantidad ofertada con más producción.

