            Reporte de la Compañía TEODE2 for Período 1

Estado de Ingresos         % Ventas  Reporte de Operaciones
------------------           ------  ----------------------
Ventas             $  18900    100%  Decisiones:Precio     $    45
CBV                $  -7560     40%             Producción     420 unid.
                  --------- -------             Marketing  $  9000
Margen Bruto       $  11340     60%             Inversión  $ 12000
Marketing          $  -9000     48%             I & D      $ 10000
Depreciación       $  -1050      6%
I & D              $ -10000     53%
Carga Social       $      0      0%  Reporte de Producción:
Cargo Inventario   $      0      0%  Producción                420 unid.
Interés            $   -943      5%  Capacid. de Fábrica       525 unid.
                  --------- -------  Capacid. Utilizada        80%
Utilid.ant.de Imp. $  -9653    -50%  Produc.Costo/Unidad   $ 18.00
Impuestos          $      0      0%  Inventario                  0 unid.
                  --------- -------  Empleados                  84 trabaj.
Utilidad Neta      $  -9653    -50%

Hoja de Balance             % Total  Reporte de Marketing:
---------------             -------  Ordenes Recibidas         824 unid.
Efectivo           $  19320     38%  Ventas Realizadas         420 unid.
Inventario         $      0      0%  Ordenes no Realizadas     404 unid.
Inver. de Capital  $  31950     62%  Precio/Unid. Vendida  $ 45.00
                  --------- -------  Tot. Costo/Unid Vend. $ 67.98
Total Activo       $  51270    100%  Margen/Unid.Vendida   $-22.98

Préstamos          $  34289     67%  Reporte de Inversión:
Ganancias Reten.   $  -5857    -10%  Capacid.de Fabr. $  21000     525 unid.
Capital            $  22838     45%  Inversión Neta   $  10950     274 unid.
                  --------- -------                   --------- ------
Pasivo+Patrimonio  $  51270    100%  Próx. Capacidad  $  31950     799 unid.

Flujo de Caja
---------
Caja Inicial       $  11879
Utilidad Neta      $  -9653
Depreciación       $   1050
Invers. de Capital $ -12000
Cambio de Invent.  $      0
Préstamo Neto      $  25631
                  ---------
Caja Final         $  19320

 La cantidad demandada fue mayor que la producción (cantidad ofertada).
--Puede reducir la cantidad demandada con un precio m s alto.
--Puede reducir la demanda (la curva de la demanda cambiar a la izquierda)
 con menos marketing y/o menos I&D.
--Puede incrementar la cantidad ofertada con más producción.

