            Reporte de la Compañía EVEREST for Período 1

Estado de Ingresos         % Ventas  Reporte de Operaciones
------------------           ------  ----------------------
Ventas             $  13740    100%  Decisiones:Precio     $    60
CBV                $  -4445     32%             Producción     367 unid.
                  --------- -------             Marketing  $  2000
Margen Bruto       $   9295     68%             Inversión  $  4000
Marketing          $  -2000     15%             I & D      $  7000
Depreciación       $  -1050      8%
I & D              $  -7000     51%
Carga Social       $    -60      0%  Reporte de Producción:
Cargo Inventario   $      0      0%  Producción                367 unid.
Interés            $   -436      3%  Capacid. de Fábrica       525 unid.
                  --------- -------  Capacid. Utilizada        70%
Utilid.ant.de Imp. $  -1251     -8%  Produc.Costo/Unidad   $ 19.41
Impuestos          $      0      0%  Inventario                138 unid.
                  --------- -------  Empleados                  73 trabaj.
Utilidad Neta      $  -1251     -8%

Hoja de Balance             % Total  Reporte de Marketing:
---------------             -------  Ordenes Recibidas         229 unid.
Efectivo           $  12506     32%  Ventas Realizadas         229 unid.
Inventario         $   2679      7%  Ordenes no Realizadas       0 unid.
Inver. de Capital  $  23950     61%  Precio/Unid. Vendida  $ 60.00
                  --------- -------  Tot. Costo/Unid Vend. $ 65.20
Total Activo       $  39136    100%  Margen/Unid.Vendida   $ -5.20

Préstamos          $  15852     41%  Reporte de Inversión:
Ganancias Reten.   $    445      1%  Capacid.de Fabr. $  21000     525 unid.
Capital            $  22838     58%  Inversión Neta   $   2950      74 unid.
                  --------- -------                   --------- ------
Pasivo+Patrimonio  $  39136    100%  Próx. Capacidad  $  23950     599 unid.

Flujo de Caja
---------
Caja Inicial       $  11879
Utilidad Neta      $  -1251
Depreciación       $   1050
Invers. de Capital $  -4000
Cambio de Invent.  $  -2679
Préstamo Neto      $   7194
                  ---------
Caja Final         $  12506

 La producción (cantidad ofertada) fue mayor que la demanda.
--Puede incrementar la cantidad demandada con un precio m s bajo.
--Puede incrementar la demanda (la curva de la demanda cambia a la derecha) 
 inviertiendo m s en el marketing e I & D.
--Puede reducir la cantidad ofertada produciendo menos.

 En este período su inventario excede 10 23607e su producción. Remember
there is an opportunity cost to carrying inventory. 
¿Es esto parte de su estrategia a largo plazo?

 Su producción est  por debajo del 5 23607el costo mínimo por unidad,
 del nivel de producción. Puede incrementar la producción o reducir su inversión 
 de capital para lograr un costo mínimo por unidad.

