            Reporte de la Compañía CHIKIVEN for Período 1

Estado de Ingresos         % Ventas  Reporte de Operaciones
------------------           ------  ----------------------
Ventas             $   8957    100%  Decisiones:Precio     $    53
CBV                $  -3042     34%             Producción     420 unid.
                  --------- -------             Marketing  $  1950
Margen Bruto       $   5915     66%             Inversión  $  1275
Marketing          $  -1950     22%             I & D      $   750
Depreciación       $  -1050     12%
I & D              $   -750      8%
Carga Social       $      0      0%  Reporte de Producción:
Cargo Inventario   $      0      0%  Producción                420 unid.
Interés            $   -200      2%  Capacid. de Fábrica       525 unid.
                  --------- -------  Capacid. Utilizada        80%
Utilid.ant.de Imp. $   1965     22%  Produc.Costo/Unidad   $ 18.00
Impuestos          $   -491      5%  Inventario                251 unid.
                  --------- -------  Empleados                  84 trabaj.
Utilidad Neta      $   1474     16%

Hoja de Balance             % Total  Reporte de Marketing:
---------------             -------  Ordenes Recibidas         169 unid.
Efectivo           $   7216     22%  Ventas Realizadas         169 unid.
Inventario         $   4518     14%  Ordenes no Realizadas       0 unid.
Inver. de Capital  $  21225     64%  Precio/Unid. Vendida  $ 53.00
                  --------- -------  Tot. Costo/Unid Vend. $ 41.37
Total Activo       $  32959    100%  Margen/Unid.Vendida   $ 11.63

Préstamos          $   7264     22%  Reporte de Inversión:
Ganancias Reten.   $   2857      9%  Capacid.de Fabr. $  21000     525 unid.
Capital            $  22838     69%  Inversión Neta   $    225       6 unid.
                  --------- -------                   --------- ------
Pasivo+Patrimonio  $  32959    100%  Próx. Capacidad  $  21225     531 unid.

Flujo de Caja
---------
Caja Inicial       $  11879
Utilidad Neta      $   1474
Depreciación       $   1050
Invers. de Capital $  -1275
Cambio de Invent.  $  -4518
Préstamo Neto      $  -1394
                  ---------
Caja Final         $   7216

 La producción (cantidad ofertada) fue mayor que la demanda.
--Puede incrementar la cantidad demandada con un precio m s bajo.
--Puede incrementar la demanda (la curva de la demanda cambia a la derecha) 
 inviertiendo m s en el marketing e I & D.
--Puede reducir la cantidad ofertada produciendo menos.

 En este período su inventario excede 10 23607e su producción. Remember
there is an opportunity cost to carrying inventory. 
¿Es esto parte de su estrategia a largo plazo?

