            Reporte de la Compañía HEUNG for Período 1

Estado de Ingresos         % Ventas  Reporte de Operaciones
------------------           ------  ----------------------
Ventas             $  13200    100%  Decisiones:Precio     $    30
CBV                $  -7964     60%             Producción     440 unid.
                  --------- -------             Marketing  $  2000
Margen Bruto       $   5236     40%             Inversión  $  1000
Marketing          $  -2000     15%             I & D      $  1500
Depreciación       $  -1050      8%
I & D              $  -1500     11%
Carga Social       $      0      0%  Reporte de Producción:
Cargo Inventario   $      0      0%  Producción                440 unid.
Interés            $   -225      2%  Capacid. de Fábrica       525 unid.
                  --------- -------  Capacid. Utilizada        84%
Utilid.ant.de Imp. $    461      3%  Produc.Costo/Unidad   $ 18.10
Impuestos          $   -115      1%  Inventario                  0 unid.
                  --------- -------  Empleados                  88 trabaj.
Utilidad Neta      $    346      3%

Hoja de Balance             % Total  Reporte de Marketing:
---------------             -------  Ordenes Recibidas         906 unid.
Efectivo           $  11810     36%  Ventas Realizadas         440 unid.
Inventario         $      0      0%  Ordenes no Realizadas     466 unid.
Inver. de Capital  $  20950     64%  Precio/Unid. Vendida  $ 30.00
                  --------- -------  Tot. Costo/Unid Vend. $ 28.95
Total Activo       $  32760    100%  Margen/Unid.Vendida   $  1.05

Préstamos          $   8193     25%  Reporte de Inversión:
Ganancias Reten.   $   1729      5%  Capacid.de Fabr. $  21000     525 unid.
Capital            $  22838     70%  Inversión Neta   $    -50      -1 unid.
                  --------- -------                   --------- ------
Pasivo+Patrimonio  $  32760    100%  Próx. Capacidad  $  20950     524 unid.

Flujo de Caja
---------
Caja Inicial       $  11879
Utilidad Neta      $    346
Depreciación       $   1050
Invers. de Capital $  -1000
Cambio de Invent.  $      0
Préstamo Neto      $   -465
                  ---------
Caja Final         $  11810

 La cantidad demandada fue mayor que la producción (cantidad ofertada).
--Puede reducir la cantidad demandada con un precio m s alto.
--Puede reducir la demanda (la curva de la demanda cambiar a la izquierda)
 con menos marketing y/o menos I&D.
--Puede incrementar la cantidad ofertada con más producción.

