            Reporte de la Compañía ELECTROM for Período 1

Estado de Ingresos         % Ventas  Reporte de Operaciones
------------------           ------  ----------------------
Ventas             $  22600    100%  Decisiones:Precio     $    50
CBV                $  -9384     42%             Producción     525 unid.
                  --------- -------             Marketing  $  6000
Margen Bruto       $  13216     58%             Inversión  $  8000
Marketing          $  -6000     27%             I & D      $  6000
Depreciación       $  -1050      5%
I & D              $  -6000     27%
Carga Social       $      0      0%  Reporte de Producción:
Cargo Inventario   $      0      0%  Producción                525 unid.
Interés            $   -732      3%  Capacid. de Fábrica       525 unid.
                  --------- -------  Capacid. Utilizada       100%
Utilid.ant.de Imp. $   -566     -2%  Produc.Costo/Unidad   $ 20.76
Impuestos          $      0      0%  Inventario                 73 unid.
                  --------- -------  Empleados                 105 trabaj.
Utilidad Neta      $   -566     -2%

Hoja de Balance             % Total  Reporte de Marketing:
---------------             -------  Ordenes Recibidas         452 unid.
Efectivo           $  20959     42%  Ventas Realizadas         452 unid.
Inventario         $   1516      3%  Ordenes no Realizadas       0 unid.
Inver. de Capital  $  27950     55%  Precio/Unid. Vendida  $ 50.00
                  --------- -------  Tot. Costo/Unid Vend. $ 51.25
Total Activo       $  50425    100%  Margen/Unid.Vendida   $ -1.25

Préstamos          $  26628     53%  Reporte de Inversión:
Ganancias Reten.   $    959      2%  Capacid.de Fabr. $  21000     525 unid.
Capital            $  22838     45%  Inversión Neta   $   6950     174 unid.
                  --------- -------                   --------- ------
Pasivo+Patrimonio  $  50425    100%  Próx. Capacidad  $  27950     699 unid.

Flujo de Caja
---------
Caja Inicial       $  11879
Utilidad Neta      $   -566
Depreciación       $   1050
Invers. de Capital $  -8000
Cambio de Invent.  $  -1516
Préstamo Neto      $  17970
                  ---------
Caja Final         $  20959

 La producción (cantidad ofertada) fue mayor que la demanda.
--Puede incrementar la cantidad demandada con un precio m s bajo.
--Puede incrementar la demanda (la curva de la demanda cambia a la derecha) 
 inviertiendo m s en el marketing e I & D.
--Puede reducir la cantidad ofertada produciendo menos.

 En este período su inventario excede 10 23607e su producción. Remember
there is an opportunity cost to carrying inventory. 
¿Es esto parte de su estrategia a largo plazo?

 Su producción est  por encima del 5 23607el costo mínimo por unidad, del nivel 
 de producción. Ud. podría reducir la producción o incrementar la capacidad 
 para lograr un costo mínimo por unidad.

