            Reporte de la Compañía INSTCOLD for Período 1

Estado de Ingresos         % Ventas  Reporte de Operaciones
------------------           ------  ----------------------
Ventas             $  20070    100%  Decisiones:Precio     $    45
CBV                $  -8104     40%             Producción     446 unid.
                  --------- -------             Marketing  $  4900
Margen Bruto       $  11966     60%             Inversión  $  7050
Marketing          $  -4900     24%             I & D      $  8200
Depreciación       $  -1050      5%
I & D              $  -8200     41%
Carga Social       $      0      0%  Reporte de Producción:
Cargo Inventario   $      0      0%  Producción                446 unid.
Interés            $   -660      3%  Capacid. de Fábrica       525 unid.
                  --------- -------  Capacid. Utilizada        85%
Utilid.ant.de Imp. $  -2844    -13%  Produc.Costo/Unidad   $ 18.17
Impuestos          $      0      0%  Inventario                  0 unid.
                  --------- -------  Empleados                  89 trabaj.
Utilidad Neta      $  -2844    -13%

Hoja de Balance             % Total  Reporte de Marketing:
---------------             -------  Ordenes Recibidas         575 unid.
Efectivo           $  19071     41%  Ventas Realizadas         446 unid.
Inventario         $      0      0%  Ordenes no Realizadas     129 unid.
Inver. de Capital  $  27000     59%  Precio/Unid. Vendida  $ 45.00
                  --------- -------  Tot. Costo/Unid Vend. $ 51.38
Total Activo       $  46071    100%  Margen/Unid.Vendida   $ -6.38

Préstamos          $  23983     52%  Reporte de Inversión:
Ganancias Reten.   $   -750     -1%  Capacid.de Fabr. $  21000     525 unid.
Capital            $  22838     50%  Inversión Neta   $   6000     150 unid.
                  --------- -------                   --------- ------
Pasivo+Patrimonio  $  46071    100%  Próx. Capacidad  $  27000     675 unid.

Flujo de Caja
---------
Caja Inicial       $  11879
Utilidad Neta      $  -2844
Depreciación       $   1050
Invers. de Capital $  -7050
Cambio de Invent.  $      0
Préstamo Neto      $  15325
                  ---------
Caja Final         $  19071

 La cantidad demandada fue mayor que la producción (cantidad ofertada).
--Puede reducir la cantidad demandada con un precio m s alto.
--Puede reducir la demanda (la curva de la demanda cambiar a la izquierda)
 con menos marketing y/o menos I&D.
--Puede incrementar la cantidad ofertada con más producción.

