            Reporte de la Compañía ATUSSERV for Período 1

Estado de Ingresos         % Ventas  Reporte de Operaciones
------------------           ------  ----------------------
Ventas             $  12267    100%  Decisiones:Precio     $    29
CBV                $  -7614     62%             Producción     423 unid.
                  --------- -------             Marketing  $  1500
Margen Bruto       $   4653     38%             Inversión  $  2300
Marketing          $  -1500     12%             I & D      $  2000
Depreciación       $  -1050      9%
I & D              $  -2000     16%
Carga Social       $      0      0%  Reporte de Producción:
Cargo Inventario   $      0      0%  Producción                423 unid.
Interés            $   -251      2%  Capacid. de Fábrica       525 unid.
                  --------- -------  Capacid. Utilizada        81%
Utilid.ant.de Imp. $   -148      0%  Produc.Costo/Unidad   $ 18.00
Impuestos          $      0      0%  Inventario                  0 unid.
                  --------- -------  Empleados                  85 trabaj.
Utilidad Neta      $   -148      0%

Hoja de Balance             % Total  Reporte de Marketing:
---------------             -------  Ordenes Recibidas         968 unid.
Efectivo           $  11003     33%  Ventas Realizadas         423 unid.
Inventario         $      0      0%  Ordenes no Realizadas     545 unid.
Inver. de Capital  $  22250     67%  Precio/Unid. Vendida  $ 29.00
                  --------- -------  Tot. Costo/Unid Vend. $ 29.35
Total Activo       $  33253    100%  Margen/Unid.Vendida   $ -0.35

Préstamos          $   9143     27%  Reporte de Inversión:
Ganancias Reten.   $   1272      4%  Capacid.de Fabr. $  21000     525 unid.
Capital            $  22838     69%  Inversión Neta   $   1250      31 unid.
                  --------- -------                   --------- ------
Pasivo+Patrimonio  $  33253    100%  Próx. Capacidad  $  22250     556 unid.

Flujo de Caja
---------
Caja Inicial       $  11879
Utilidad Neta      $   -148
Depreciación       $   1050
Invers. de Capital $  -2300
Cambio de Invent.  $      0
Préstamo Neto      $    485
                  ---------
Caja Final         $  11003

 La cantidad demandada fue mayor que la producción (cantidad ofertada).
--Puede reducir la cantidad demandada con un precio m s alto.
--Puede reducir la demanda (la curva de la demanda cambiar a la izquierda)
 con menos marketing y/o menos I&D.
--Puede incrementar la cantidad ofertada con más producción.

