                  Reporte Industrial    Período 1

Unidades                    Cambio    Dolares                         Cambio
--------                    ------    -------                         ------
Total Ordenes         5386     71%    Ventas Industr.        $128849     37%
Total Produc.         3358      7%    Precio Promedio        $ 42.57     42%
Total Vendido         3027     -3%    Total Producción       $ 60879      5%
Capac. Total          4200      0%    Costo Prom Pdun        $ 18.13      0%
Inventario             331      0%    Total Costo Prom       $ 45.69     81%

Productividad               Cambio    Dolares                         Cambio
-------------               ------    -------                         ------
Empleo                 671      7%    Tasa Prima                 10%      0%
Ventas/Empleado   $    192     28%    Préstamo Límite        $ 50000      0%
Unid./Empleado        5.00      0%    Tasa del Impuesto          25%      0%
Invers. de Cap.   $ 221750     32%    Imp. Pag. Período      $ -2361   -163%
Capacid. Utiliz.       80%      5%    Imp. Pag. Fecha        $ 41895     -4%

       INFINITE  VERITAS LOSPIBES LAMGRUP4  STELLA1  TEODEG3 FACTORIZ  HEFESTO
       -------- -------- -------- -------- -------- -------- -------- --------
Ventas  $ 11790  $ 17840  $ 12750  $ 18645  $ 11790  $ 21840  $ 17394  $ 16800
Util.   $  1449  $  3106  $ -4974  $ -1771  $  1449  $ -6405  $ -1791  $ -2505
Precio  $    30  $    40  $    75  $    55  $    30  $    52  $    39  $    40
GanRet  $  2832  $  4489  $ -2347  $    55  $  2832  $ -3421  $    40  $  -496
UnRepa      13%      15%       6%      11%      13%      14%      15%      14%
MPI          91      125       -1       50       91       -2       52       41

Industry Notes
--------------
 Las compañías compensan sus costos altos con precios altos. 
¿Qué efecto tuvo esto en las ordenes?

 Las ordenes excedieron a la producción aún cuando los precios se incrementaron.
 Algunas compañías deben tener inversiones fuertes en Marketing o en I&D.

 Con una Inversi¢n de Capital alto, habr  m s capacidad en la industria el 
 pr¢ximo per¡odo. Para las compa¤¡as que invirtieron, operaciones eficientes 
 que requer¡an una producción m s alta pero con un costo m s bajo por unidad.

