            Reporte de la Compañía ORGA for Período 1

Estado de Ingresos         % Ventas  Reporte de Operaciones
------------------           ------  ----------------------
Ventas             $  14280    100%  Decisiones:Precio     $    34
CBV                $  -7560     53%             Producción     420 unid.
                  --------- -------             Marketing  $  1268
Margen Bruto       $   6720     47%             Inversión  $ 10050
Marketing          $  -1268      9%             I & D      $   422
Depreciación       $  -1050      7%
I & D              $   -422      3%
Carga Social       $      0      0%  Reporte de Producción:
Cargo Inventario   $      0      0%  Producción                420 unid.
Interés            $   -413      3%  Capacid. de Fábrica       525 unid.
                  --------- -------  Capacid. Utilizada        80%
Utilid.ant.de Imp. $   3567     25%  Produc.Costo/Unidad   $ 18.00
Impuestos          $   -892      6%  Inventario                  0 unid.
                  --------- -------  Empleados                  84 trabaj.
Utilidad Neta      $   2675     19%

Hoja de Balance             % Total  Reporte de Marketing:
---------------             -------  Ordenes Recibidas         480 unid.
Efectivo           $  11925     28%  Ventas Realizadas         420 unid.
Inventario         $      0      0%  Ordenes no Realizadas      60 unid.
Inver. de Capital  $  30000     72%  Precio/Unid. Vendida  $ 34.00
                  --------- -------  Tot. Costo/Unid Vend. $ 25.51
Total Activo       $  41925    100%  Margen/Unid.Vendida   $  8.49

Préstamos          $  15029     36%  Reporte de Inversión:
Ganancias Reten.   $   4058     10%  Capacid.de Fabr. $  21000     525 unid.
Capital            $  22838     54%  Inversión Neta   $   9000     225 unid.
                  --------- -------                   --------- ------
Pasivo+Patrimonio  $  41925    100%  Próx. Capacidad  $  30000     750 unid.

Flujo de Caja
---------
Caja Inicial       $  11879
Utilidad Neta      $   2675
Depreciación       $   1050
Invers. de Capital $ -10050
Cambio de Invent.  $      0
Préstamo Neto      $   6371
                  ---------
Caja Final         $  11925

 La cantidad demandada fue mayor que la producción (cantidad ofertada).
--Puede reducir la cantidad demandada con un precio m s alto.
--Puede reducir la demanda (la curva de la demanda cambiar a la izquierda)
 con menos marketing y/o menos I&D.
--Puede incrementar la cantidad ofertada con más producción.

