            Reporte de la Compañía OLIMPIA for Período 1

Estado de Ingresos         % Ventas  Reporte de Operaciones
------------------           ------  ----------------------
Ventas             $  12600    100%  Decisiones:Precio     $    30
CBV                $  -7560     60%             Producción     420 unid.
                  --------- -------             Marketing  $  1500
Margen Bruto       $   5040     40%             Inversión  $  2000
Marketing          $  -1500     12%             I & D      $  1500
Depreciación       $  -1050      8%
I & D              $  -1500     12%
Carga Social       $      0      0%  Reporte de Producción:
Cargo Inventario   $      0      0%  Producción                420 unid.
Interés            $   -228      2%  Capacid. de Fábrica       525 unid.
                  --------- -------  Capacid. Utilizada        80%
Utilid.ant.de Imp. $    762      6%  Produc.Costo/Unidad   $ 18.00
Impuestos          $   -191      2%  Inventario                  0 unid.
                  --------- -------  Empleados                  84 trabaj.
Utilidad Neta      $    571      5%

Hoja de Balance             % Total  Reporte de Marketing:
---------------             -------  Ordenes Recibidas         876 unid.
Efectivo           $  11131     34%  Ventas Realizadas         420 unid.
Inventario         $      0      0%  Ordenes no Realizadas     456 unid.
Inver. de Capital  $  21950     66%  Precio/Unid. Vendida  $ 30.00
                  --------- -------  Tot. Costo/Unid Vend. $ 28.19
Total Activo       $  33081    100%  Margen/Unid.Vendida   $  1.81

Préstamos          $   8289     25%  Reporte de Inversión:
Ganancias Reten.   $   1954      6%  Capacid.de Fabr. $  21000     525 unid.
Capital            $  22838     69%  Inversión Neta   $    950      24 unid.
                  --------- -------                   --------- ------
Pasivo+Patrimonio  $  33081    100%  Próx. Capacidad  $  21950     549 unid.

Flujo de Caja
---------
Caja Inicial       $  11879
Utilidad Neta      $    571
Depreciación       $   1050
Invers. de Capital $  -2000
Cambio de Invent.  $      0
Préstamo Neto      $   -369
                  ---------
Caja Final         $  11131

 La cantidad demandada fue mayor que la producción (cantidad ofertada).
--Puede reducir la cantidad demandada con un precio m s alto.
--Puede reducir la demanda (la curva de la demanda cambiar a la izquierda)
 con menos marketing y/o menos I&D.
--Puede incrementar la cantidad ofertada con más producción.

