            Reporte de la Compañía GLIMMCO for Período 1

Estado de Ingresos         % Ventas  Reporte de Operaciones
------------------           ------  ----------------------
Ventas             $  11460    100%  Decisiones:Precio     $    60
CBV                $  -3558     31%             Producción     470 unid.
                  --------- -------             Marketing  $  2500
Margen Bruto       $   7902     69%             Inversión  $  4100
Marketing          $  -2500     22%             I & D      $  5000
Depreciación       $  -1050      9%
I & D              $  -5000     44%
Carga Social       $      0      0%  Reporte de Producción:
Cargo Inventario   $      0      0%  Producción                470 unid.
Interés            $   -442      4%  Capacid. de Fábrica       525 unid.
                  --------- -------  Capacid. Utilizada        90%
Utilid.ant.de Imp. $  -1090     -9%  Produc.Costo/Unidad   $ 18.63
Impuestos          $      0      0%  Inventario                279 unid.
                  --------- -------  Empleados                  94 trabaj.
Utilidad Neta      $  -1090     -9%

Hoja de Balance             % Total  Reporte de Marketing:
---------------             -------  Ordenes Recibidas         191 unid.
Efectivo           $  10241     26%  Ventas Realizadas         191 unid.
Inventario         $   5198     13%  Ordenes no Realizadas       0 unid.
Inver. de Capital  $  24050     61%  Precio/Unid. Vendida  $ 60.00
                  --------- -------  Tot. Costo/Unid Vend. $ 65.71
Total Activo       $  39489    100%  Margen/Unid.Vendida   $ -5.71

Préstamos          $  16085     41%  Reporte de Inversión:
Ganancias Reten.   $    566      1%  Capacid.de Fabr. $  21000     525 unid.
Capital            $  22838     58%  Inversión Neta   $   3050      76 unid.
                  --------- -------                   --------- ------
Pasivo+Patrimonio  $  39489    100%  Próx. Capacidad  $  24050     601 unid.

Flujo de Caja
---------
Caja Inicial       $  11879
Utilidad Neta      $  -1090
Depreciación       $   1050
Invers. de Capital $  -4100
Cambio de Invent.  $  -5198
Préstamo Neto      $   7427
                  ---------
Caja Final         $  10241

 La producción (cantidad ofertada) fue mayor que la demanda.
--Puede incrementar la cantidad demandada con un precio m s bajo.
--Puede incrementar la demanda (la curva de la demanda cambia a la derecha) 
 inviertiendo m s en el marketing e I & D.
--Puede reducir la cantidad ofertada produciendo menos.

 En este período su inventario excede 10 23607e su producción. Remember
there is an opportunity cost to carrying inventory. 
¿Es esto parte de su estrategia a largo plazo?

 Su producción est  por encima del 5 23607el costo mínimo por unidad, del nivel 
 de producción. Ud. podría reducir la producción o incrementar la capacidad 
 para lograr un costo mínimo por unidad.

