            Reporte de la Compañía FUTURIS for Período 1

Estado de Ingresos         % Ventas  Reporte de Operaciones
------------------           ------  ----------------------
Ventas             $  19646    100%  Decisiones:Precio     $    47
CBV                $  -8176     42%             Producción     499 unid.
                  --------- -------             Marketing  $  4500
Margen Bruto       $  11470     58%             Inversión  $  9500
Marketing          $  -4500     23%             I & D      $  5000
Depreciación       $  -1050      5%
I & D              $  -5000     25%
Carga Social       $      0      0%  Reporte de Producción:
Cargo Inventario   $      0      0%  Producción                499 unid.
Interés            $   -673      3%  Capacid. de Fábrica       525 unid.
                  --------- -------  Capacid. Utilizada        95%
Utilid.ant.de Imp. $    247      1%  Produc.Costo/Unidad   $ 19.56
Impuestos          $    -62      0%  Inventario                 81 unid.
                  --------- -------  Empleados                 100 trabaj.
Utilidad Neta      $    185      1%

Hoja de Balance             % Total  Reporte de Marketing:
---------------             -------  Ordenes Recibidas         418 unid.
Efectivo           $  17861     37%  Ventas Realizadas         418 unid.
Inventario         $   1584      3%  Ordenes no Realizadas       0 unid.
Inver. de Capital  $  29450     60%  Precio/Unid. Vendida  $ 47.00
                  --------- -------  Tot. Costo/Unid Vend. $ 46.41
Total Activo       $  48895    100%  Margen/Unid.Vendida   $  0.59

Préstamos          $  24489     50%  Reporte de Inversión:
Ganancias Reten.   $   1568      3%  Capacid.de Fabr. $  21000     525 unid.
Capital            $  22838     47%  Inversión Neta   $   8450     211 unid.
                  --------- -------                   --------- ------
Pasivo+Patrimonio  $  48895    100%  Próx. Capacidad  $  29450     736 unid.

Flujo de Caja
---------
Caja Inicial       $  11879
Utilidad Neta      $    185
Depreciación       $   1050
Invers. de Capital $  -9500
Cambio de Invent.  $  -1584
Préstamo Neto      $  15831
                  ---------
Caja Final         $  17861

 La producción (cantidad ofertada) fue mayor que la demanda.
--Puede incrementar la cantidad demandada con un precio m s bajo.
--Puede incrementar la demanda (la curva de la demanda cambia a la derecha) 
 inviertiendo m s en el marketing e I & D.
--Puede reducir la cantidad ofertada produciendo menos.

 En este período su inventario excede 10 23607e su producción. Remember
there is an opportunity cost to carrying inventory. 
¿Es esto parte de su estrategia a largo plazo?

 Su producción est  por encima del 5 23607el costo mínimo por unidad, del nivel 
 de producción. Ud. podría reducir la producción o incrementar la capacidad 
 para lograr un costo mínimo por unidad.

