            Reporte de la Compañía FODEN for Período 1

Estado de Ingresos         % Ventas  Reporte de Operaciones
------------------           ------  ----------------------
Ventas             $  13500    100%  Decisiones:Precio     $    45
CBV                $  -7563     56%             Producción     300 unid.
                  --------- -------             Marketing  $  3000
Margen Bruto       $   5937     44%             Inversión  $  2500
Marketing          $  -3000     22%             I & D      $  1500
Depreciación       $  -1050      8%
I & D              $  -1500     11%
Carga Social       $   -190      1%  Reporte de Producción:
Cargo Inventario   $      0      0%  Producción                300 unid.
Interés            $   -283      2%  Capacid. de Fábrica       525 unid.
                  --------- -------  Capacid. Utilizada        57%
Utilid.ant.de Imp. $    -86      0%  Produc.Costo/Unidad   $ 25.21
Impuestos          $      0      0%  Inventario                  0 unid.
                  --------- -------  Empleados                  60 trabaj.
Utilidad Neta      $    -86      0%

Hoja de Balance             % Total  Reporte de Marketing:
---------------             -------  Ordenes Recibidas         404 unid.
Efectivo           $  11999     35%  Ventas Realizadas         300 unid.
Inventario         $      0      0%  Ordenes no Realizadas     104 unid.
Inver. de Capital  $  22450     65%  Precio/Unid. Vendida  $ 45.00
                  --------- -------  Tot. Costo/Unid Vend. $ 44.65
Total Activo       $  34449    100%  Margen/Unid.Vendida   $  0.35

Préstamos          $  10292     30%  Reporte de Inversión:
Ganancias Reten.   $   1319      4%  Capacid.de Fabr. $  21000     525 unid.
Capital            $  22838     66%  Inversión Neta   $   1450      36 unid.
                  --------- -------                   --------- ------
Pasivo+Patrimonio  $  34449    100%  Próx. Capacidad  $  22450     561 unid.

Flujo de Caja
---------
Caja Inicial       $  11879
Utilidad Neta      $    -86
Depreciación       $   1050
Invers. de Capital $  -2500
Cambio de Invent.  $      0
Préstamo Neto      $   1634
                  ---------
Caja Final         $  11999

 La cantidad demandada fue mayor que la producción (cantidad ofertada).
--Puede reducir la cantidad demandada con un precio m s alto.
--Puede reducir la demanda (la curva de la demanda cambiar a la izquierda)
 con menos marketing y/o menos I&D.
--Puede incrementar la cantidad ofertada con más producción.

 Su producción est  por debajo del 5 23607el costo mínimo por unidad,
 del nivel de producción. Puede incrementar la producción o reducir su inversión 
 de capital para lograr un costo mínimo por unidad.

