            Reporte de la Compañía ANTARTID for Período 1

Estado de Ingresos         % Ventas  Reporte de Operaciones
------------------           ------  ----------------------
Ventas             $  16800    100%  Decisiones:Precio     $    40
CBV                $  -7560     45%             Producción     420 unid.
                  --------- -------             Marketing  $  6000
Margen Bruto       $   9240     55%             Inversión  $  5000
Marketing          $  -6000     36%             I & D      $  7000
Depreciación       $  -1050      6%
I & D              $  -7000     42%
Carga Social       $      0      0%  Reporte de Producción:
Cargo Inventario   $      0      0%  Producción                420 unid.
Interés            $   -585      3%  Capacid. de Fábrica       525 unid.
                  --------- -------  Capacid. Utilizada        80%
Utilid.ant.de Imp. $  -5395    -31%  Produc.Costo/Unidad   $ 18.00
Impuestos          $      0      0%  Inventario                  0 unid.
                  --------- -------  Empleados                  84 trabaj.
Utilidad Neta      $  -5395    -31%

Hoja de Balance             % Total  Reporte de Marketing:
---------------             -------  Ordenes Recibidas         814 unid.
Efectivo           $  16514     40%  Ventas Realizadas         420 unid.
Inventario         $      0      0%  Ordenes no Realizadas     394 unid.
Inver. de Capital  $  24950     60%  Precio/Unid. Vendida  $ 40.00
                  --------- -------  Tot. Costo/Unid Vend. $ 52.85
Total Activo       $  41464    100%  Margen/Unid.Vendida   $-12.85

Préstamos          $  21289     51%  Reporte de Inversión:
Ganancias Reten.   $  -2663     -5%  Capacid.de Fabr. $  21000     525 unid.
Capital            $  22838     55%  Inversión Neta   $   3950      99 unid.
                  --------- -------                   --------- ------
Pasivo+Patrimonio  $  41464    100%  Próx. Capacidad  $  24950     624 unid.

Flujo de Caja
---------
Caja Inicial       $  11879
Utilidad Neta      $  -5395
Depreciación       $   1050
Invers. de Capital $  -5000
Cambio de Invent.  $      0
Préstamo Neto      $  12631
                  ---------
Caja Final         $  16514

 La cantidad demandada fue mayor que la producción (cantidad ofertada).
--Puede reducir la cantidad demandada con un precio m s alto.
--Puede reducir la demanda (la curva de la demanda cambiar a la izquierda)
 con menos marketing y/o menos I&D.
--Puede incrementar la cantidad ofertada con más producción.

