            Reporte de la Compañía PLAZA22 for Período 1

Estado de Ingresos         % Ventas  Reporte de Operaciones
------------------           ------  ----------------------
Ventas             $  15960    100%  Decisiones:Precio     $    38
CBV                $  -7560     47%             Producción     420 unid.
                  --------- -------             Marketing  $  2000
Margen Bruto       $   8400     53%             Inversión  $  1000
Marketing          $  -2000     13%             I & D      $   500
Depreciación       $  -1050      7%
I & D              $   -500      3%
Carga Social       $      0      0%  Reporte de Producción:
Cargo Inventario   $      0      0%  Producción                420 unid.
Interés            $   -187      1%  Capacid. de Fábrica       525 unid.
                  --------- -------  Capacid. Utilizada        80%
Utilid.ant.de Imp. $   4663     29%  Produc.Costo/Unidad   $ 18.00
Impuestos          $  -1166      7%  Inventario                  0 unid.
                  --------- -------  Empleados                  84 trabaj.
Utilidad Neta      $   3497     22%

Hoja de Balance             % Total  Reporte de Marketing:
---------------             -------  Ordenes Recibidas         459 unid.
Efectivo           $  13557     39%  Ventas Realizadas         420 unid.
Inventario         $      0      0%  Ordenes no Realizadas      39 unid.
Inver. de Capital  $  20950     61%  Precio/Unid. Vendida  $ 38.00
                  --------- -------  Tot. Costo/Unid Vend. $ 26.90
Total Activo       $  34507    100%  Margen/Unid.Vendida   $ 11.10

Préstamos          $   6789     20%  Reporte de Inversión:
Ganancias Reten.   $   4880     14%  Capacid.de Fabr. $  21000     525 unid.
Capital            $  22838     66%  Inversión Neta   $    -50      -1 unid.
                  --------- -------                   --------- ------
Pasivo+Patrimonio  $  34507    100%  Próx. Capacidad  $  20950     524 unid.

Flujo de Caja
---------
Caja Inicial       $  11879
Utilidad Neta      $   3497
Depreciación       $   1050
Invers. de Capital $  -1000
Cambio de Invent.  $      0
Préstamo Neto      $  -1869
                  ---------
Caja Final         $  13557

 La cantidad demandada fue mayor que la producción (cantidad ofertada).
--Puede reducir la cantidad demandada con un precio m s alto.
--Puede reducir la demanda (la curva de la demanda cambiar a la izquierda)
 con menos marketing y/o menos I&D.
--Puede incrementar la cantidad ofertada con más producción.

