            Reporte de la Compañía RECONQUI for Período 1

Estado de Ingresos         % Ventas  Reporte de Operaciones
------------------           ------  ----------------------
Ventas             $  13050    100%  Decisiones:Precio     $    50
CBV                $  -4896     38%             Producción     475 unid.
                  --------- -------             Marketing  $  3000
Margen Bruto       $   8154     62%             Inversión  $  3000
Marketing          $  -3000     23%             I & D      $  2789
Depreciación       $  -1050      8%
I & D              $  -2789     21%
Carga Social       $      0      0%  Reporte de Producción:
Cargo Inventario   $      0      0%  Producción                475 unid.
Interés            $   -369      3%  Capacid. de Fábrica       525 unid.
                  --------- -------  Capacid. Utilizada        90%
Utilid.ant.de Imp. $    946      7%  Produc.Costo/Unidad   $ 18.76
Impuestos          $   -237      2%  Inventario                214 unid.
                  --------- -------  Empleados                  95 trabaj.
Utilidad Neta      $    709      5%

Hoja de Balance             % Total  Reporte de Marketing:
---------------             -------  Ordenes Recibidas         261 unid.
Efectivo           $  11394     30%  Ventas Realizadas         261 unid.
Inventario         $   4015     10%  Ordenes no Realizadas       0 unid.
Inver. de Capital  $  22950     60%  Precio/Unid. Vendida  $ 50.00
                  --------- -------  Tot. Costo/Unid Vend. $ 46.38
Total Activo       $  38359    100%  Margen/Unid.Vendida   $  3.62

Préstamos          $  13429     35%  Reporte de Inversión:
Ganancias Reten.   $   2092      5%  Capacid.de Fabr. $  21000     525 unid.
Capital            $  22838     60%  Inversión Neta   $   1950      49 unid.
                  --------- -------                   --------- ------
Pasivo+Patrimonio  $  38359    100%  Próx. Capacidad  $  22950     574 unid.

Flujo de Caja
---------
Caja Inicial       $  11879
Utilidad Neta      $    709
Depreciación       $   1050
Invers. de Capital $  -3000
Cambio de Invent.  $  -4015
Préstamo Neto      $   4771
                  ---------
Caja Final         $  11394

 La producción (cantidad ofertada) fue mayor que la demanda.
--Puede incrementar la cantidad demandada con un precio m s bajo.
--Puede incrementar la demanda (la curva de la demanda cambia a la derecha) 
 inviertiendo m s en el marketing e I & D.
--Puede reducir la cantidad ofertada produciendo menos.

 En este período su inventario excede 10 23607e su producción. Remember
there is an opportunity cost to carrying inventory. 
¿Es esto parte de su estrategia a largo plazo?

 Su producción est  por encima del 5 23607el costo mínimo por unidad, del nivel 
 de producción. Ud. podría reducir la producción o incrementar la capacidad 
 para lograr un costo mínimo por unidad.

