            Reporte de la Compañía BONEO4B for Período 1

Estado de Ingresos         % Ventas  Reporte de Operaciones
------------------           ------  ----------------------
Ventas             $  21000    100%  Decisiones:Precio     $    40
CBV                $ -10899     52%             Producción     525 unid.
                  --------- -------             Marketing  $  4000
Margen Bruto       $  10101     48%             Inversión  $  6000
Marketing          $  -4000     19%             I & D      $  7000
Depreciación       $  -1050      5%
I & D              $  -7000     33%
Carga Social       $      0      0%  Reporte de Producción:
Cargo Inventario   $      0      0%  Producción                525 unid.
Interés            $   -650      3%  Capacid. de Fábrica       525 unid.
                  --------- -------  Capacid. Utilizada       100%
Utilid.ant.de Imp. $  -2599    -11%  Produc.Costo/Unidad   $ 20.76
Impuestos          $      0      0%  Inventario                  0 unid.
                  --------- -------  Empleados                 105 trabaj.
Utilidad Neta      $  -2599    -11%

Hoja de Balance             % Total  Reporte de Marketing:
---------------             -------  Ordenes Recibidas         684 unid.
Efectivo           $  19950     43%  Ventas Realizadas         525 unid.
Inventario         $      0      0%  Ordenes no Realizadas     159 unid.
Inver. de Capital  $  25950     57%  Precio/Unid. Vendida  $ 40.00
                  --------- -------  Tot. Costo/Unid Vend. $ 44.95
Total Activo       $  45900    100%  Margen/Unid.Vendida   $ -4.95

Préstamos          $  23628     51%  Reporte de Inversión:
Ganancias Reten.   $   -566      0%  Capacid.de Fabr. $  21000     525 unid.
Capital            $  22838     50%  Inversión Neta   $   4950     124 unid.
                  --------- -------                   --------- ------
Pasivo+Patrimonio  $  45900    100%  Próx. Capacidad  $  25950     649 unid.

Flujo de Caja
---------
Caja Inicial       $  11879
Utilidad Neta      $  -2599
Depreciación       $   1050
Invers. de Capital $  -6000
Cambio de Invent.  $      0
Préstamo Neto      $  14970
                  ---------
Caja Final         $  19950

 La cantidad demandada fue mayor que la producción (cantidad ofertada).
--Puede reducir la cantidad demandada con un precio m s alto.
--Puede reducir la demanda (la curva de la demanda cambiar a la izquierda)
 con menos marketing y/o menos I&D.
--Puede incrementar la cantidad ofertada con más producción.

 Su producción est  por encima del 5 23607el costo mínimo por unidad, del nivel 
 de producción. Ud. podría reducir la producción o incrementar la capacidad 
 para lograr un costo mínimo por unidad.

