            Reporte de la Compañía ZAROV for Período 1

Estado de Ingresos         % Ventas  Reporte de Operaciones
------------------           ------  ----------------------
Ventas             $  11032    100%  Decisiones:Precio     $    28
CBV                $  -7226     66%             Producción     394 unid.
                  --------- -------             Marketing  $  6000
Margen Bruto       $   3806     34%             Inversión  $  5000
Marketing          $  -6000     54%             I & D      $  2500
Depreciación       $  -1050     10%
I & D              $  -2500     23%
Carga Social       $      0      0%  Reporte de Producción:
Cargo Inventario   $      0      0%  Producción                394 unid.
Interés            $   -453      4%  Capacid. de Fábrica       525 unid.
                  --------- -------  Capacid. Utilizada        75%
Utilid.ant.de Imp. $  -6197    -55%  Produc.Costo/Unidad   $ 18.34
Impuestos          $      0      0%  Inventario                  0 unid.
                  --------- -------  Empleados                  79 trabaj.
Utilidad Neta      $  -6197    -55%

Hoja de Balance             % Total  Reporte de Marketing:
---------------             -------  Ordenes Recibidas        1243 unid.
Efectivo           $  11078     31%  Ventas Realizadas         394 unid.
Inventario         $      0      0%  Ordenes no Realizadas     849 unid.
Inver. de Capital  $  24950     69%  Precio/Unid. Vendida  $ 28.00
                  --------- -------  Tot. Costo/Unid Vend. $ 43.73
Total Activo       $  36028    100%  Margen/Unid.Vendida   $-15.73

Préstamos          $  16455     46%  Reporte de Inversión:
Ganancias Reten.   $  -3265     -8%  Capacid.de Fabr. $  21000     525 unid.
Capital            $  22838     63%  Inversión Neta   $   3950      99 unid.
                  --------- -------                   --------- ------
Pasivo+Patrimonio  $  36028    100%  Próx. Capacidad  $  24950     624 unid.

Flujo de Caja
---------
Caja Inicial       $  11879
Utilidad Neta      $  -6197
Depreciación       $   1050
Invers. de Capital $  -5000
Cambio de Invent.  $      0
Préstamo Neto      $   7797
                  ---------
Caja Final         $  11078

 La cantidad demandada fue mayor que la producción (cantidad ofertada).
--Puede reducir la cantidad demandada con un precio m s alto.
--Puede reducir la demanda (la curva de la demanda cambiar a la izquierda)
 con menos marketing y/o menos I&D.
--Puede incrementar la cantidad ofertada con más producción.

