            Reporte de la Compañía ADORA1 for Período 1

Estado de Ingresos         % Ventas  Reporte de Operaciones
------------------           ------  ----------------------
Ventas             $  17640    100%  Decisiones:Precio     $    56
CBV                $  -5670     32%             Producción     420 unid.
                  --------- -------             Marketing  $  2000
Margen Bruto       $  11970     68%             Inversión  $ 12000
Marketing          $  -2000     11%             I & D      $ 10000
Depreciación       $  -1050      6%
I & D              $ -10000     57%
Carga Social       $      0      0%  Reporte de Producción:
Cargo Inventario   $      0      0%  Producción                420 unid.
Interés            $   -750      4%  Capacid. de Fábrica       525 unid.
                  --------- -------  Capacid. Utilizada        80%
Utilid.ant.de Imp. $  -1830     -9%  Produc.Costo/Unidad   $ 18.00
Impuestos          $      0      0%  Inventario                105 unid.
                  --------- -------  Empleados                  84 trabaj.
Utilidad Neta      $  -1830     -9%

Hoja de Balance             % Total  Reporte de Marketing:
---------------             -------  Ordenes Recibidas         315 unid.
Efectivo           $  16298     33%  Ventas Realizadas         315 unid.
Inventario         $   1890      4%  Ordenes no Realizadas       0 unid.
Inver. de Capital  $  31950     64%  Precio/Unid. Vendida  $ 56.00
                  --------- -------  Tot. Costo/Unid Vend. $ 61.81
Total Activo       $  50138    100%  Margen/Unid.Vendida   $ -5.81

Préstamos          $  27289     54%  Reporte de Inversión:
Ganancias Reten.   $     11      0%  Capacid.de Fabr. $  21000     525 unid.
Capital            $  22838     46%  Inversión Neta   $  10950     274 unid.
                  --------- -------                   --------- ------
Pasivo+Patrimonio  $  50138    100%  Próx. Capacidad  $  31950     799 unid.

Flujo de Caja
---------
Caja Inicial       $  11879
Utilidad Neta      $  -1830
Depreciación       $   1050
Invers. de Capital $ -12000
Cambio de Invent.  $  -1890
Préstamo Neto      $  18631
                  ---------
Caja Final         $  16298

 La producción (cantidad ofertada) fue mayor que la demanda.
--Puede incrementar la cantidad demandada con un precio m s bajo.
--Puede incrementar la demanda (la curva de la demanda cambia a la derecha) 
 inviertiendo m s en el marketing e I & D.
--Puede reducir la cantidad ofertada produciendo menos.

 En este período su inventario excede 10 23607e su producción. Remember
there is an opportunity cost to carrying inventory. 
¿Es esto parte de su estrategia a largo plazo?

