            Reporte de la Compañía GOLDENWA for Período 1

Estado de Ingresos         % Ventas  Reporte de Operaciones
------------------           ------  ----------------------
Ventas             $  13860    100%  Decisiones:Precio     $    33
CBV                $  -7560     55%             Producción     420 unid.
                  --------- -------             Marketing  $  1232
Margen Bruto       $   6300     45%             Inversión  $ 10050
Marketing          $  -1232      9%             I & D      $   421
Depreciación       $  -1050      8%
I & D              $   -421      3%
Carga Social       $      0      0%  Reporte de Producción:
Cargo Inventario   $      0      0%  Producción                420 unid.
Interés            $   -412      3%  Capacid. de Fábrica       525 unid.
                  --------- -------  Capacid. Utilizada        80%
Utilid.ant.de Imp. $   3185     23%  Produc.Costo/Unidad   $ 18.00
Impuestos          $   -796      6%  Inventario                  0 unid.
                  --------- -------  Empleados                  84 trabaj.
Utilidad Neta      $   2389     17%

Hoja de Balance             % Total  Reporte de Marketing:
---------------             -------  Ordenes Recibidas         484 unid.
Efectivo           $  11602     28%  Ventas Realizadas         420 unid.
Inventario         $      0      0%  Ordenes no Realizadas      64 unid.
Inver. de Capital  $  30000     72%  Precio/Unid. Vendida  $ 33.00
                  --------- -------  Tot. Costo/Unid Vend. $ 25.42
Total Activo       $  41602    100%  Margen/Unid.Vendida   $  7.58

Préstamos          $  14992     36%  Reporte de Inversión:
Ganancias Reten.   $   3772      9%  Capacid.de Fabr. $  21000     525 unid.
Capital            $  22838     55%  Inversión Neta   $   9000     225 unid.
                  --------- -------                   --------- ------
Pasivo+Patrimonio  $  41602    100%  Próx. Capacidad  $  30000     750 unid.

Flujo de Caja
---------
Caja Inicial       $  11879
Utilidad Neta      $   2389
Depreciación       $   1050
Invers. de Capital $ -10050
Cambio de Invent.  $      0
Préstamo Neto      $   6334
                  ---------
Caja Final         $  11602

 La cantidad demandada fue mayor que la producción (cantidad ofertada).
--Puede reducir la cantidad demandada con un precio m s alto.
--Puede reducir la demanda (la curva de la demanda cambiar a la izquierda)
 con menos marketing y/o menos I&D.
--Puede incrementar la cantidad ofertada con más producción.

