                  Reporte Industrial    Período 1

Unidades                    Cambio    Dolares                         Cambio
--------                    ------    -------                         ------
Total Ordenes         4505     43%    Ventas Industr.        $138007     46%
Total Produc.         3357      7%    Precio Promedio        $ 48.75     63%
Total Vendido         2831     -9%    Total Producción       $ 61939      7%
Capac. Total          4200      0%    Costo Prom Pdun        $ 18.45      0%
Inventario             526      0%    Total Costo Prom       $ 45.97     82%

Productividad               Cambio    Dolares                         Cambio
-------------               ------    -------                         ------
Empleo                 671      7%    Tasa Prima                 10%      0%
Ventas/Empleado   $    206     37%    Préstamo Límite        $ 50000      0%
Unid./Empleado        5.00      0%    Tasa del Impuesto          25%      0%
Invers. de Cap.   $ 200950     20%    Imp. Pag. Período      $  1953    -46%
Capacid. Utiliz.       80%      5%    Imp. Pag. Fecha        $ 35145      6%

        MICCOLD  APEIRON    IFEI3    AAFIP  GITANOS   CATIUS  DAVERIO    DIANA
       -------- -------- -------- -------- -------- -------- -------- --------
Ventas  $ 11790  $ 18460  $ 18900  $ 17004  $ 20433  $ 15860  $ 14560  $ 21000
Util.   $  1449  $  2079  $   466  $ -5126  $  2090  $ -1030  $  3046  $  1343
Precio  $    30  $    52  $    45  $    78  $    49  $    65  $    40  $    50
GanRet  $  2832  $  3462  $  1849  $ -2461  $  3472  $   611  $  4429  $  2726
UnRepa      14%      13%      15%       8%      15%       9%      13%      15%
MPI          92      108       83        5      110       55      118      100

Industry Notes
--------------
 Las compañías compensan sus costos altos con precios altos. 
¿Qué efecto tuvo esto en las ordenes?

 Las ordenes excedieron a la producción aún cuando los precios se incrementaron.
 Algunas compañías deben tener inversiones fuertes en Marketing o en I&D.

 Con una Inversi¢n de Capital alto, habr  m s capacidad en la industria el 
 pr¢ximo per¡odo. Para las compa¤¡as que invirtieron, operaciones eficientes 
 que requer¡an una producción m s alta pero con un costo m s bajo por unidad.

