                  Reporte Industrial    Período 1

Unidades                    Cambio    Dolares                         Cambio
--------                    ------    -------                         ------
Total Ordenes         5963     89%    Ventas Industr.        $146421     55%
Total Produc.         3515     12%    Precio Promedio        $ 45.15     50%
Total Vendido         3243      3%    Total Producción       $ 65006     13%
Capac. Total          4200      0%    Costo Prom Pdun        $ 18.49      1%
Inventario             272      0%    Total Costo Prom       $ 47.71     89%

Productividad               Cambio    Dolares                         Cambio
-------------               ------    -------                         ------
Empleo                 703     12%    Tasa Prima                 10%      0%
Ventas/Empleado   $    208     39%    Préstamo Límite        $ 50000      0%
Unid./Empleado        5.00      0%    Tasa del Impuesto          25%      0%
Invers. de Cap.   $ 206350     23%    Imp. Pag. Período      $ -2074   -155%
Capacid. Utiliz.       84%      9%    Imp. Pag. Fecha        $ 38494     -4%

         UNITED     CSKA  BROKLYN LAMGRUP1  STELLA6 LAKOTICA      CSC   ATENEA
       -------- -------- -------- -------- -------- -------- -------- --------
Ventas  $ 11790  $ 18900  $ 16995  $ 22816  $ 19320  $ 17220  $ 20000  $ 19380
Util.   $  1449  $  1382  $   993  $  2128  $  1310  $-10470  $ -2552  $ -4954
Precio  $    30  $    45  $    55  $    46  $    46  $    41  $    40  $    68
GanRet  $  2832  $  2764  $  2376  $  3511  $  2693  $ -6469  $  -531  $ -2332
UnRepa      12%      13%      10%      15%      13%      13%      15%       9%
MPI          89       95       85      111       94      -62       40        6

Industry Notes
--------------
 Las compañías compensan sus costos altos con precios altos. 
¿Qué efecto tuvo esto en las ordenes?

 Las ordenes excedieron a la producción aún cuando los precios se incrementaron.
 Algunas compañías deben tener inversiones fuertes en Marketing o en I&D.

 La Capacidad Utilizada est  sobre el 80%, el m s eficiente nivel.
 Desde que el inventario fue incrementado este per¡odo, ¨en qu‚
 nivel esperas que la Capacidad estar  el pr¢ximo per¡odo?

 Con una Inversi¢n de Capital alto, habr  m s capacidad en la industria el 
 pr¢ximo per¡odo. Para las compa¤¡as que invirtieron, operaciones eficientes 
 que requer¡an una producción m s alta pero con un costo m s bajo por unidad.

