                  Reporte Industrial    Período 1

Unidades                    Cambio    Dolares                         Cambio
--------                    ------    -------                         ------
Total Ordenes         4724     50%    Ventas Industr.        $107950     14%
Total Produc.         3026     -3%    Precio Promedio        $ 35.69     19%
Total Vendido         3025     -3%    Total Producción       $ 60055      4%
Capac. Total          4200      0%    Costo Prom Pdun        $ 19.85      8%
Inventario               1      0%    Total Costo Prom       $ 35.65     41%

Productividad               Cambio    Dolares                         Cambio
-------------               ------    -------                         ------
Empleo                 605     -3%    Tasa Prima                 10%      0%
Ventas/Empleado   $    178     19%    Préstamo Límite        $ 50000      0%
Unid./Empleado        5.00      0%    Tasa del Impuesto          25%      0%
Invers. de Cap.   $ 193300     15%    Imp. Pag. Período      $   -76   -101%
Capacid. Utiliz.       72%     -3%    Imp. Pag. Fecha        $106876      0%

        MAGICEL    SUB21 MARINETA    STORM      SOR   TEMPAR  BONEOQ2 VASKEROS
       -------- -------- -------- -------- -------- -------- -------- --------
Ventas  $ 11790  $ 18900  $ 13440  $ 16800  $ 11790  $ 11790  $ 15960  $  7480
Util.   $  1449  $  -407  $  2286  $  -717  $  1449  $  1449  $  2550  $-11425
Precio  $    30  $    45  $    32  $    40  $    30  $    30  $    40  $    40
GanRet  $  2832  $  1078  $  3669  $   845  $  2832  $  2832  $  3933  $ -7186
UnRepa      13%      14%      14%      14%      13%      13%      13%       6%
MPI          95       78      111       71       95       95      120      -88

Industry Notes
--------------
 Las compañías compensan sus costos altos con precios altos. 
¿Qué efecto tuvo esto en las ordenes?

 Las ordenes excedieron a la producción aún cuando los precios se incrementaron.
 Algunas compañías deben tener inversiones fuertes en Marketing o en I&D.

 El inventario es alto aunque la Capacidad Utilizada est  debajo del 80%, el m s 
 eficiente nivel. Las compa¤¡as encuentran dificultades para vender suficientes 
 Ecopens para que sus f bricas funcionen eficientemente.

 Con una Inversi¢n de Capital alto, habr  m s capacidad en la industria el 
 pr¢ximo per¡odo. Para las compa¤¡as que invirtieron, operaciones eficientes 
 que requer¡an una producción m s alta pero con un costo m s bajo por unidad.

