            Reporte de la Compañía JPF for Período 1

Estado de Ingresos         % Ventas  Reporte de Operaciones
------------------           ------  ----------------------
Ventas             $  13440    100%  Decisiones:Precio     $    32
CBV                $  -7560     56%             Producción     420 unid.
                  --------- -------             Marketing  $  2500
Margen Bruto       $   5880     44%             Inversión  $ 10000
Marketing          $  -2500     19%             I & D      $  1000
Depreciación       $  -1050      8%
I & D              $  -1000      7%
Carga Social       $      0      0%  Reporte de Producción:
Cargo Inventario   $      0      0%  Producción                420 unid.
Interés            $   -462      3%  Capacid. de Fábrica       525 unid.
                  --------- -------  Capacid. Utilizada        80%
Utilid.ant.de Imp. $    868      6%  Produc.Costo/Unidad   $ 18.00
Impuestos          $   -217      2%  Inventario                  0 unid.
                  --------- -------  Empleados                  84 trabaj.
Utilidad Neta      $    651      5%

Hoja de Balance             % Total  Reporte de Marketing:
---------------             -------  Ordenes Recibidas         930 unid.
Efectivo           $  11711     28%  Ventas Realizadas         420 unid.
Inventario         $      0      0%  Ordenes no Realizadas     510 unid.
Inver. de Capital  $  29950     72%  Precio/Unid. Vendida  $ 32.00
                  --------- -------  Tot. Costo/Unid Vend. $ 29.93
Total Activo       $  41661    100%  Margen/Unid.Vendida   $  2.07

Préstamos          $  16789     40%  Reporte de Inversión:
Ganancias Reten.   $   2034      5%  Capacid.de Fabr. $  21000     525 unid.
Capital            $  22838     55%  Inversión Neta   $   8950     224 unid.
                  --------- -------                   --------- ------
Pasivo+Patrimonio  $  41661    100%  Próx. Capacidad  $  29950     749 unid.

Flujo de Caja
---------
Caja Inicial       $  11879
Utilidad Neta      $    651
Depreciación       $   1050
Invers. de Capital $ -10000
Cambio de Invent.  $      0
Préstamo Neto      $   8131
                  ---------
Caja Final         $  11711

 La cantidad demandada fue mayor que la producción (cantidad ofertada).
--Puede reducir la cantidad demandada con un precio m s alto.
--Puede reducir la demanda (la curva de la demanda cambiar a la izquierda)
 con menos marketing y/o menos I&D.
--Puede incrementar la cantidad ofertada con más producción.

