            Reporte de la Compañía ECELTROV for Período 1

Estado de Ingresos         % Ventas  Reporte de Operaciones
------------------           ------  ----------------------
Ventas             $  16800    100%  Decisiones:Precio     $    40
CBV                $  -7560     45%             Producción     420 unid.
                  --------- -------             Marketing  $  4000
Margen Bruto       $   9240     55%             Inversión  $  5500
Marketing          $  -4000     24%             I & D      $  1500
Depreciación       $  -1050      6%
I & D              $  -1500      9%
Carga Social       $      0      0%  Reporte de Producción:
Cargo Inventario   $      0      0%  Producción                420 unid.
Interés            $   -393      2%  Capacid. de Fábrica       525 unid.
                  --------- -------  Capacid. Utilizada        80%
Utilid.ant.de Imp. $   2297     14%  Produc.Costo/Unidad   $ 18.00
Impuestos          $   -574      3%  Inventario                  0 unid.
                  --------- -------  Empleados                  84 trabaj.
Utilidad Neta      $   1723     10%

Hoja de Balance             % Total  Reporte de Marketing:
---------------             -------  Ordenes Recibidas         541 unid.
Efectivo           $  14783     37%  Ventas Realizadas         420 unid.
Inventario         $      0      0%  Ordenes no Realizadas     121 unid.
Inver. de Capital  $  25450     63%  Precio/Unid. Vendida  $ 40.00
                  --------- -------  Tot. Costo/Unid Vend. $ 34.53
Total Activo       $  40233    100%  Margen/Unid.Vendida   $  5.47

Préstamos          $  14289     36%  Reporte de Inversión:
Ganancias Reten.   $   3106      8%  Capacid.de Fabr. $  21000     525 unid.
Capital            $  22838     57%  Inversión Neta   $   4450     111 unid.
                  --------- -------                   --------- ------
Pasivo+Patrimonio  $  40233    100%  Próx. Capacidad  $  25450     636 unid.

Flujo de Caja
---------
Caja Inicial       $  11879
Utilidad Neta      $   1723
Depreciación       $   1050
Invers. de Capital $  -5500
Cambio de Invent.  $      0
Préstamo Neto      $   5631
                  ---------
Caja Final         $  14783

 La cantidad demandada fue mayor que la producción (cantidad ofertada).
--Puede reducir la cantidad demandada con un precio m s alto.
--Puede reducir la demanda (la curva de la demanda cambiar a la izquierda)
 con menos marketing y/o menos I&D.
--Puede incrementar la cantidad ofertada con más producción.

