            Reporte de la Compañía JEMA for Período 1

Estado de Ingresos         % Ventas  Reporte de Operaciones
------------------           ------  ----------------------
Ventas             $  14630    100%  Decisiones:Precio     $    55
CBV                $  -4974     34%             Producción     473 unid.
                  --------- -------             Marketing  $  4000
Margen Bruto       $   9656     66%             Inversión  $  6000
Marketing          $  -4000     27%             I & D      $  5000
Depreciación       $  -1050      7%
I & D              $  -5000     34%
Carga Social       $      0      0%  Reporte de Producción:
Cargo Inventario   $      0      0%  Producción                473 unid.
Interés            $   -538      4%  Capacid. de Fábrica       525 unid.
                  --------- -------  Capacid. Utilizada        90%
Utilid.ant.de Imp. $   -932     -5%  Produc.Costo/Unidad   $ 18.70
Impuestos          $      0      0%  Inventario                207 unid.
                  --------- -------  Empleados                  95 trabaj.
Utilidad Neta      $   -932     -5%

Hoja de Balance             % Total  Reporte de Marketing:
---------------             -------  Ordenes Recibidas         266 unid.
Efectivo           $  13275     31%  Ventas Realizadas         266 unid.
Inventario         $   3871      9%  Ordenes no Realizadas       0 unid.
Inver. de Capital  $  25950     60%  Precio/Unid. Vendida  $ 55.00
                  --------- -------  Tot. Costo/Unid Vend. $ 58.50
Total Activo       $  43096    100%  Margen/Unid.Vendida   $ -3.50

Préstamos          $  19574     45%  Reporte de Inversión:
Ganancias Reten.   $    684      2%  Capacid.de Fabr. $  21000     525 unid.
Capital            $  22838     53%  Inversión Neta   $   4950     124 unid.
                  --------- -------                   --------- ------
Pasivo+Patrimonio  $  43096    100%  Próx. Capacidad  $  25950     649 unid.

Flujo de Caja
---------
Caja Inicial       $  11879
Utilidad Neta      $   -932
Depreciación       $   1050
Invers. de Capital $  -6000
Cambio de Invent.  $  -3871
Préstamo Neto      $  10916
                  ---------
Caja Final         $  13275

 La producción (cantidad ofertada) fue mayor que la demanda.
--Puede incrementar la cantidad demandada con un precio m s bajo.
--Puede incrementar la demanda (la curva de la demanda cambia a la derecha) 
 inviertiendo m s en el marketing e I & D.
--Puede reducir la cantidad ofertada produciendo menos.

 En este período su inventario excede 10 23607e su producción. Remember
there is an opportunity cost to carrying inventory. 
¿Es esto parte de su estrategia a largo plazo?

 Su producción est  por encima del 5 23607el costo mínimo por unidad, del nivel 
 de producción. Ud. podría reducir la producción o incrementar la capacidad 
 para lograr un costo mínimo por unidad.

