            Reporte de la Compañía NGT for Período 1

Estado de Ingresos         % Ventas  Reporte de Operaciones
------------------           ------  ----------------------
Ventas             $  12600    100%  Decisiones:Precio     $    30
CBV                $  -7560     60%             Producción     420 unid.
                  --------- -------             Marketing  $  3000
Margen Bruto       $   5040     40%             Inversión  $  1000
Marketing          $  -3000     24%             I & D      $  1000
Depreciación       $  -1050      8%
I & D              $  -1000      8%
Carga Social       $      0      0%  Reporte de Producción:
Cargo Inventario   $      0      0%  Producción                420 unid.
Interés            $   -228      2%  Capacid. de Fábrica       525 unid.
                  --------- -------  Capacid. Utilizada        80%
Utilid.ant.de Imp. $   -238     -1%  Produc.Costo/Unidad   $ 18.00
Impuestos          $      0      0%  Inventario                  0 unid.
                  --------- -------  Empleados                  84 trabaj.
Utilidad Neta      $   -238     -1%

Hoja de Balance             % Total  Reporte de Marketing:
---------------             -------  Ordenes Recibidas         992 unid.
Efectivo           $  11382     35%  Ventas Realizadas         420 unid.
Inventario         $      0      0%  Ordenes no Realizadas     572 unid.
Inver. de Capital  $  20950     65%  Precio/Unid. Vendida  $ 30.00
                  --------- -------  Tot. Costo/Unid Vend. $ 30.57
Total Activo       $  32332    100%  Margen/Unid.Vendida   $ -0.57

Préstamos          $   8289     26%  Reporte de Inversión:
Ganancias Reten.   $   1205      4%  Capacid.de Fabr. $  21000     525 unid.
Capital            $  22838     71%  Inversión Neta   $    -50      -1 unid.
                  --------- -------                   --------- ------
Pasivo+Patrimonio  $  32332    100%  Próx. Capacidad  $  20950     524 unid.

Flujo de Caja
---------
Caja Inicial       $  11879
Utilidad Neta      $   -238
Depreciación       $   1050
Invers. de Capital $  -1000
Cambio de Invent.  $      0
Préstamo Neto      $   -369
                  ---------
Caja Final         $  11382

 La cantidad demandada fue mayor que la producción (cantidad ofertada).
--Puede reducir la cantidad demandada con un precio m s alto.
--Puede reducir la demanda (la curva de la demanda cambiar a la izquierda)
 con menos marketing y/o menos I&D.
--Puede incrementar la cantidad ofertada con más producción.

