            Reporte de la Compañía QUEENS for Período 1

Estado de Ingresos         % Ventas  Reporte de Operaciones
------------------           ------  ----------------------
Ventas             $  20510    100%  Decisiones:Precio     $    70
CBV                $  -6162     30%             Producción     530 unid.
                  --------- -------             Marketing  $  8500
Margen Bruto       $  14348     70%             Inversión  $  4100
Marketing          $  -8500     41%             I & D      $  9000
Depreciación       $  -1050      5%
I & D              $  -9000     44%
Carga Social       $      0      0%  Reporte de Producción:
Cargo Inventario   $      0      0%  Producción                530 unid.
Interés            $   -783      4%  Capacid. de Fábrica       525 unid.
                  --------- -------  Capacid. Utilizada       101%
Utilid.ant.de Imp. $  -4985    -23%  Produc.Costo/Unidad   $ 21.03
Impuestos          $      0      0%  Inventario                237 unid.
                  --------- -------  Empleados                 106 trabaj.
Utilidad Neta      $  -4985    -23%

Hoja de Balance             % Total  Reporte de Marketing:
---------------             -------  Ordenes Recibidas         293 unid.
Efectivo           $  19923     41%  Ventas Realizadas         293 unid.
Inventario         $   4984     10%  Ordenes no Realizadas       0 unid.
Inver. de Capital  $  24050     49%  Precio/Unid. Vendida  $ 70.00
                  --------- -------  Tot. Costo/Unid Vend. $ 87.01
Total Activo       $  48957    100%  Margen/Unid.Vendida   $-17.01

Préstamos          $  28475     58%  Reporte de Inversión:
Ganancias Reten.   $  -2356     -4%  Capacid.de Fabr. $  21000     525 unid.
Capital            $  22838     47%  Inversión Neta   $   3050      76 unid.
                  --------- -------                   --------- ------
Pasivo+Patrimonio  $  48957    100%  Próx. Capacidad  $  24050     601 unid.

Flujo de Caja
---------
Caja Inicial       $  11879
Utilidad Neta      $  -4985
Depreciación       $   1050
Invers. de Capital $  -4100
Cambio de Invent.  $  -4984
Préstamo Neto      $  19817
                  ---------
Caja Final         $  19923

 La producción (cantidad ofertada) fue mayor que la demanda.
--Puede incrementar la cantidad demandada con un precio m s bajo.
--Puede incrementar la demanda (la curva de la demanda cambia a la derecha) 
 inviertiendo m s en el marketing e I & D.
--Puede reducir la cantidad ofertada produciendo menos.

 En este período su inventario excede 10 23607e su producción. Remember
there is an opportunity cost to carrying inventory. 
¿Es esto parte de su estrategia a largo plazo?

 Su producción est  por encima del 5 23607el costo mínimo por unidad, del nivel 
 de producción. Ud. podría reducir la producción o incrementar la capacidad 
 para lograr un costo mínimo por unidad.

