            Reporte de la Compañía BLIXT for Período 1

Estado de Ingresos         % Ventas  Reporte de Operaciones
------------------           ------  ----------------------
Ventas             $  20648    100%  Decisiones:Precio     $    58
CBV                $  -6408     31%             Producción     420 unid.
                  --------- -------             Marketing  $  6000
Margen Bruto       $  14240     69%             Inversión  $  7000
Marketing          $  -6000     29%             I & D      $ 10000
Depreciación       $  -1050      5%
I & D              $ -10000     48%
Carga Social       $      0      0%  Reporte de Producción:
Cargo Inventario   $      0      0%  Producción                420 unid.
Interés            $   -723      4%  Capacid. de Fábrica       525 unid.
                  --------- -------  Capacid. Utilizada        80%
Utilid.ant.de Imp. $  -3533    -16%  Produc.Costo/Unidad   $ 18.00
Impuestos          $      0      0%  Inventario                 64 unid.
                  --------- -------  Empleados                  84 trabaj.
Utilidad Neta      $  -3533    -16%

Hoja de Balance             % Total  Reporte de Marketing:
---------------             -------  Ordenes Recibidas         356 unid.
Efectivo           $  19758     41%  Ventas Realizadas         356 unid.
Inventario         $   1152      2%  Ordenes no Realizadas       0 unid.
Inver. de Capital  $  26950     56%  Precio/Unid. Vendida  $ 58.00
                  --------- -------  Tot. Costo/Unid Vend. $ 67.92
Total Activo       $  47860    100%  Margen/Unid.Vendida   $ -9.92

Préstamos          $  26289     55%  Reporte de Inversión:
Ganancias Reten.   $  -1267     -2%  Capacid.de Fabr. $  21000     525 unid.
Capital            $  22838     48%  Inversión Neta   $   5950     149 unid.
                  --------- -------                   --------- ------
Pasivo+Patrimonio  $  47860    100%  Próx. Capacidad  $  26950     674 unid.

Flujo de Caja
---------
Caja Inicial       $  11879
Utilidad Neta      $  -3533
Depreciación       $   1050
Invers. de Capital $  -7000
Cambio de Invent.  $  -1152
Préstamo Neto      $  17631
                  ---------
Caja Final         $  19758

 La producción (cantidad ofertada) fue mayor que la demanda.
--Puede incrementar la cantidad demandada con un precio m s bajo.
--Puede incrementar la demanda (la curva de la demanda cambia a la derecha) 
 inviertiendo m s en el marketing e I & D.
--Puede reducir la cantidad ofertada produciendo menos.

 En este período su inventario excede 10 23607e su producción. Remember
there is an opportunity cost to carrying inventory. 
¿Es esto parte de su estrategia a largo plazo?

