            Reporte de la Compañía LAMGRUP2 for Período 1

Estado de Ingresos         % Ventas  Reporte de Operaciones
------------------           ------  ----------------------
Ventas             $  15000    100%  Decisiones:Precio     $    50
CBV                $  -7563     50%             Producción     300 unid.
                  --------- -------             Marketing  $  5000
Margen Bruto       $   7437     50%             Inversión  $ 12000
Marketing          $  -5000     33%             I & D      $  7000
Depreciación       $  -1050      7%
I & D              $  -7000     47%
Carga Social       $   -190      1%  Reporte de Producción:
Cargo Inventario   $      0      0%  Producción                300 unid.
Interés            $   -751      5%  Capacid. de Fábrica       525 unid.
                  --------- -------  Capacid. Utilizada        57%
Utilid.ant.de Imp. $  -6554    -43%  Produc.Costo/Unidad   $ 25.21
Impuestos          $      0      0%  Inventario                  0 unid.
                  --------- -------  Empleados                  60 trabaj.
Utilidad Neta      $  -6554    -43%

Hoja de Balance             % Total  Reporte de Marketing:
---------------             -------  Ordenes Recibidas         442 unid.
Efectivo           $  14648     31%  Ventas Realizadas         300 unid.
Inventario         $      0      0%  Ordenes no Realizadas     142 unid.
Inver. de Capital  $  31950     69%  Precio/Unid. Vendida  $ 50.00
                  --------- -------  Tot. Costo/Unid Vend. $ 71.21
Total Activo       $  46598    100%  Margen/Unid.Vendida   $-21.21

Préstamos          $  27292     59%  Reporte de Inversión:
Ganancias Reten.   $  -3532     -7%  Capacid.de Fabr. $  21000     525 unid.
Capital            $  22838     49%  Inversión Neta   $  10950     274 unid.
                  --------- -------                   --------- ------
Pasivo+Patrimonio  $  46598    100%  Próx. Capacidad  $  31950     799 unid.

Flujo de Caja
---------
Caja Inicial       $  11879
Utilidad Neta      $  -6554
Depreciación       $   1050
Invers. de Capital $ -12000
Cambio de Invent.  $      0
Préstamo Neto      $  18634
                  ---------
Caja Final         $  14648

 La cantidad demandada fue mayor que la producción (cantidad ofertada).
--Puede reducir la cantidad demandada con un precio m s alto.
--Puede reducir la demanda (la curva de la demanda cambiar a la izquierda)
 con menos marketing y/o menos I&D.
--Puede incrementar la cantidad ofertada con más producción.

 Su producción est  por debajo del 5 23607el costo mínimo por unidad,
 del nivel de producción. Puede incrementar la producción o reducir su inversión 
 de capital para lograr un costo mínimo por unidad.

