            Reporte de la Compañía INTERMIT for Período 1

Estado de Ingresos         % Ventas  Reporte de Operaciones
------------------           ------  ----------------------
Ventas             $  14700    100%  Decisiones:Precio     $    35
CBV                $  -7560     51%             Producción     420 unid.
                  --------- -------             Marketing  $  8000
Margen Bruto       $   7140     49%             Inversión  $ 11840
Marketing          $  -8000     54%             I & D      $  9000
Depreciación       $  -1050      7%
I & D              $  -9000     61%
Carga Social       $      0      0%  Reporte de Producción:
Cargo Inventario   $      0      0%  Producción                420 unid.
Interés            $   -884      6%  Capacid. de Fábrica       525 unid.
                  --------- -------  Capacid. Utilizada        80%
Utilid.ant.de Imp. $ -11794    -79%  Produc.Costo/Unidad   $ 18.00
Impuestos          $      0      0%  Inventario                  0 unid.
                  --------- -------  Empleados                  84 trabaj.
Utilidad Neta      $ -11794    -79%

Hoja de Balance             % Total  Reporte de Marketing:
---------------             -------  Ordenes Recibidas        1429 unid.
Efectivo           $  15715     33%  Ventas Realizadas         420 unid.
Inventario         $      0      0%  Ordenes no Realizadas    1009 unid.
Inver. de Capital  $  31790     67%  Precio/Unid. Vendida  $ 35.00
                  --------- -------  Tot. Costo/Unid Vend. $ 63.08
Total Activo       $  47505    100%  Margen/Unid.Vendida   $-28.08

Préstamos          $  32129     68%  Reporte de Inversión:
Ganancias Reten.   $  -7462    -15%  Capacid.de Fabr. $  21000     525 unid.
Capital            $  22838     48%  Inversión Neta   $  10790     270 unid.
                  --------- -------                   --------- ------
Pasivo+Patrimonio  $  47505    100%  Próx. Capacidad  $  31790     795 unid.

Flujo de Caja
---------
Caja Inicial       $  11879
Utilidad Neta      $ -11794
Depreciación       $   1050
Invers. de Capital $ -11840
Cambio de Invent.  $      0
Préstamo Neto      $  23471
                  ---------
Caja Final         $  15715

 La cantidad demandada fue mayor que la producción (cantidad ofertada).
--Puede reducir la cantidad demandada con un precio m s alto.
--Puede reducir la demanda (la curva de la demanda cambiar a la izquierda)
 con menos marketing y/o menos I&D.
--Puede incrementar la cantidad ofertada con más producción.

