            Reporte de la Compañía WIPPED for Período 1

Estado de Ingresos         % Ventas  Reporte de Operaciones
------------------           ------  ----------------------
Ventas             $  12600    100%  Decisiones:Precio     $    30
CBV                $  -7560     60%             Producción     420 unid.
                  --------- -------             Marketing  $  1500
Margen Bruto       $   5040     40%             Inversión  $   882
Marketing          $  -1500     12%             I & D      $  1500
Depreciación       $  -1050      8%
I & D              $  -1500     12%
Carga Social       $      0      0%  Reporte de Producción:
Cargo Inventario   $      0      0%  Producción                420 unid.
Interés            $   -197      2%  Capacid. de Fábrica       525 unid.
                  --------- -------  Capacid. Utilizada        80%
Utilid.ant.de Imp. $    793      6%  Produc.Costo/Unidad   $ 18.00
Impuestos          $   -198      2%  Inventario                  0 unid.
                  --------- -------  Empleados                  84 trabaj.
Utilidad Neta      $    595      5%

Hoja de Balance             % Total  Reporte de Marketing:
---------------             -------  Ordenes Recibidas        1408 unid.
Efectivo           $  11155     35%  Ventas Realizadas         420 unid.
Inventario         $      0      0%  Ordenes no Realizadas     988 unid.
Inver. de Capital  $  20832     65%  Precio/Unid. Vendida  $ 30.00
                  --------- -------  Tot. Costo/Unid Vend. $ 28.11
Total Activo       $  31987    100%  Margen/Unid.Vendida   $  1.89

Préstamos          $   7171     22%  Reporte de Inversión:
Ganancias Reten.   $   1978      6%  Capacid.de Fabr. $  21000     525 unid.
Capital            $  22838     71%  Inversión Neta   $   -168      -4 unid.
                  --------- -------                   --------- ------
Pasivo+Patrimonio  $  31987    100%  Próx. Capacidad  $  20832     521 unid.

Flujo de Caja
---------
Caja Inicial       $  11879
Utilidad Neta      $    595
Depreciación       $   1050
Invers. de Capital $   -882
Cambio de Invent.  $      0
Préstamo Neto      $  -1487
                  ---------
Caja Final         $  11155

 La cantidad demandada fue mayor que la producción (cantidad ofertada).
--Puede reducir la cantidad demandada con un precio m s alto.
--Puede reducir la demanda (la curva de la demanda cambiar a la izquierda)
 con menos marketing y/o menos I&D.
--Puede incrementar la cantidad ofertada con más producción.

