            Reporte de la Compañía ARTEMISA for Período 1

Estado de Ingresos         % Ventas  Reporte de Operaciones
------------------           ------  ----------------------
Ventas             $  19565    100%  Decisiones:Precio     $    65
CBV                $  -6267     32%             Producción     345 unid.
                  --------- -------             Marketing  $  8000
Margen Bruto       $  13298     68%             Inversión  $  5000
Marketing          $  -8000     41%             I & D      $  9500
Depreciación       $  -1050      5%
I & D              $  -9500     49%
Carga Social       $   -100      1%  Reporte de Producción:
Cargo Inventario   $      0      0%  Producción                345 unid.
Interés            $   -699      4%  Capacid. de Fábrica       525 unid.
                  --------- -------  Capacid. Utilizada        66%
Utilid.ant.de Imp. $  -6051    -30%  Produc.Costo/Unidad   $ 20.82
Impuestos          $      0      0%  Inventario                 44 unid.
                  --------- -------  Empleados                  69 trabaj.
Utilidad Neta      $  -6051    -30%

Hoja de Balance             % Total  Reporte de Marketing:
---------------             -------  Ordenes Recibidas         301 unid.
Efectivo           $  19229     43%  Ventas Realizadas         301 unid.
Inventario         $    916      2%  Ordenes no Realizadas       0 unid.
Inver. de Capital  $  24950     55%  Precio/Unid. Vendida  $ 65.00
                  --------- -------  Tot. Costo/Unid Vend. $ 84.77
Total Activo       $  45095    100%  Margen/Unid.Vendida   $-19.77

Préstamos          $  25412     56%  Reporte de Inversión:
Ganancias Reten.   $  -3155     -6%  Capacid.de Fabr. $  21000     525 unid.
Capital            $  22838     51%  Inversión Neta   $   3950      99 unid.
                  --------- -------                   --------- ------
Pasivo+Patrimonio  $  45095    100%  Próx. Capacidad  $  24950     624 unid.

Flujo de Caja
---------
Caja Inicial       $  11879
Utilidad Neta      $  -6051
Depreciación       $   1050
Invers. de Capital $  -5000
Cambio de Invent.  $   -916
Préstamo Neto      $  16754
                  ---------
Caja Final         $  19229

 La producción (cantidad ofertada) fue mayor que la demanda.
--Puede incrementar la cantidad demandada con un precio m s bajo.
--Puede incrementar la demanda (la curva de la demanda cambia a la derecha) 
 inviertiendo m s en el marketing e I & D.
--Puede reducir la cantidad ofertada produciendo menos.

 En este período su inventario excede 10 23607e su producción. Remember
there is an opportunity cost to carrying inventory. 
¿Es esto parte de su estrategia a largo plazo?

 Su producción est  por debajo del 5 23607el costo mínimo por unidad,
 del nivel de producción. Puede incrementar la producción o reducir su inversión 
 de capital para lograr un costo mínimo por unidad.

