                  Reporte Industrial    Período 1

Unidades                    Cambio    Dolares                         Cambio
--------                    ------    -------                         ------
Total Ordenes         3634     15%    Ventas Industr.        $106325     13%
Total Produc.         3445     10%    Precio Promedio        $ 38.71     29%
Total Vendido         2747    -12%    Total Producción       $ 66266     15%
Capac. Total          4200      0%    Costo Prom Pdun        $ 19.24      5%
Inventario             698      0%    Total Costo Prom       $ 35.26     39%

Productividad               Cambio    Dolares                         Cambio
-------------               ------    -------                         ------
Empleo                 689     10%    Tasa Prima                 10%      0%
Ventas/Empleado   $    154      3%    Préstamo Límite        $ 50000      0%
Unid./Empleado        5.00      0%    Tasa del Impuesto          25%      0%
Invers. de Cap.   $ 172622      3%    Imp. Pag. Período      $  2345    -35%
Capacid. Utiliz.       82%      7%    Imp. Pag. Fecha        $120361      2%

          CHAMO  BONEO4A    EXODO      OMH BAJOCERO   IMBATI FROZONOY SOCRATIC
       -------- -------- -------- -------- -------- -------- -------- --------
Ventas  $ 11790  $  6958  $ 13440  $ 13755  $ 11520  $ 22800  $ 11790  $ 14272
Util.   $  1449  $  1146  $   431  $  2902  $  -752  $ -1759  $  1449  $  1542
Precio  $    30  $    49  $    32  $    35  $    64  $    60  $    30  $    32
GanRet  $  2832  $  2529  $  1814  $  4285  $   819  $    64  $  2832  $  2925
UnRepa      14%       5%      15%      14%       7%      14%      14%      16%
MPI          96       76       83      122       57       68       96      102

Industry Notes
--------------
 Las compañías compensan sus costos altos con precios altos. 
¿Qué efecto tuvo esto en las ordenes?

 Las ordenes excedieron a la producción aún cuando los precios se incrementaron.
 Algunas compañías deben tener inversiones fuertes en Marketing o en I&D.

 La Capacidad Utilizada est  sobre el 80%, el m s eficiente nivel.
 Desde que el inventario fue incrementado este per¡odo, ¨en qu‚
 nivel esperas que la Capacidad estar  el pr¢ximo per¡odo?

 Con una Inversi¢n de Capital alto, habr  m s capacidad en la industria el 
 pr¢ximo per¡odo. Para las compa¤¡as que invirtieron, operaciones eficientes 
 que requer¡an una producción m s alta pero con un costo m s bajo por unidad.

