                  Reporte Industrial    Período 1

Unidades                    Cambio    Dolares                         Cambio
--------                    ------    -------                         ------
Total Ordenes         3960     26%    Ventas Industr.        $108630     15%
Total Produc.         3102      0%    Precio Promedio        $ 39.56     32%
Total Vendido         2746    -12%    Total Producción       $ 60991      6%
Capac. Total          4200      0%    Costo Prom Pdun        $ 19.66      7%
Inventario             356      0%    Total Costo Prom       $ 35.90     42%

Productividad               Cambio    Dolares                         Cambio
-------------               ------    -------                         ------
Empleo                 620      0%    Tasa Prima                 10%      0%
Ventas/Empleado   $    175     17%    Préstamo Límite        $ 50000      0%
Unid./Empleado        5.00      0%    Tasa del Impuesto          25%      0%
Invers. de Cap.   $ 202320     20%    Imp. Pag. Período      $  2417    -33%
Capacid. Utiliz.       74%     -1%    Imp. Pag. Fecha        $ 65113      4%

          RAGNA     MACH   ADORA5      ECA   ZAFIRO    TOPOS   KAIROS    CRONO
       -------- -------- -------- -------- -------- -------- -------- --------
Ventas  $ 14150  $ 14400  $ 18060  $ 11760  $ 11790  $  8000  $ 15210  $ 15260
Util.   $  1076  $  3374  $   903  $  1475  $  1449  $ -3957  $  -850  $  2576
Precio  $    50  $    40  $    43  $    28  $    30  $    40  $    65  $    35
GanRet  $  2458  $  4756  $  2286  $  2858  $  2832  $ -1585  $   746  $  3958
UnRepa      10%      13%      15%      15%      14%       7%       9%      16%
MPI          91      129       99       96       96        4       66      121

Industry Notes
--------------
 Las compañías compensan sus costos altos con precios altos. 
¿Qué efecto tuvo esto en las ordenes?

 Las ordenes excedieron a la producción aún cuando los precios se incrementaron.
 Algunas compañías deben tener inversiones fuertes en Marketing o en I&D.

 El inventario es alto aunque la Capacidad Utilizada est  debajo del 80%, el m s 
 eficiente nivel. Las compa¤¡as encuentran dificultades para vender suficientes 
 Ecopens para que sus f bricas funcionen eficientemente.

 Con una Inversi¢n de Capital alto, habr  m s capacidad en la industria el 
 pr¢ximo per¡odo. Para las compa¤¡as que invirtieron, operaciones eficientes 
 que requer¡an una producción m s alta pero con un costo m s bajo por unidad.

