                  Reporte Industrial    Período 1

Unidades                    Cambio    Dolares                         Cambio
--------                    ------    -------                         ------
Total Ordenes         6530    107%    Ventas Industr.        $125703     33%
Total Produc.         3138      0%    Precio Promedio        $ 43.32     44%
Total Vendido         2902     -7%    Total Producción       $ 59761      4%
Capac. Total          4200      0%    Costo Prom Pdun        $ 19.04      4%
Inventario             236      0%    Total Costo Prom       $ 53.13    110%

Productividad               Cambio    Dolares                         Cambio
-------------               ------    -------                         ------
Empleo                 627      0%    Tasa Prima                 10%      0%
Ventas/Empleado   $    200     33%    Préstamo Límite        $ 50000      0%
Unid./Empleado        5.00      0%    Tasa del Impuesto          25%      0%
Invers. de Cap.   $ 209472     25%    Imp. Pag. Período      $ -7191   -294%
Capacid. Utiliz.       75%      0%    Imp. Pag. Fecha        $ 29689    -18%

       BROSWINE    BLIXT PRENEURS      3XJ LAMGRUP2 INTERMIT   WIPPED ARTEMISA
       -------- -------- -------- -------- -------- -------- -------- --------
Ventas  $ 11790  $ 20648  $ 14600  $ 16800  $ 15000  $ 14700  $ 12600  $ 19565
Util.   $  1449  $ -3533  $  3028  $ -7589  $ -6554  $-11794  $   595  $ -6051
Precio  $    30  $    58  $    50  $    40  $    50  $    35  $    30  $    65
GanRet  $  2832  $ -1267  $  4411  $ -4309  $ -3532  $ -7462  $  1978  $ -3155
UnRepa      14%      12%      10%      14%      10%      14%      14%      10%
MPI          92       28      117      -24      -20      -79       79       -8

Industry Notes
--------------
 Las compañías compensan sus costos altos con precios altos. 
¿Qué efecto tuvo esto en las ordenes?

 Las ordenes excedieron a la producción aún cuando los precios se incrementaron.
 Algunas compañías deben tener inversiones fuertes en Marketing o en I&D.

 El inventario es alto aunque la Capacidad Utilizada est  debajo del 80%, el m s 
 eficiente nivel. Las compa¤¡as encuentran dificultades para vender suficientes 
 Ecopens para que sus f bricas funcionen eficientemente.

 Con una Inversi¢n de Capital alto, habr  m s capacidad en la industria el 
 pr¢ximo per¡odo. Para las compa¤¡as que invirtieron, operaciones eficientes 
 que requer¡an una producción m s alta pero con un costo m s bajo por unidad.

