            Reporte de la Compañía IFEI3 for Período 1

Estado de Ingresos         % Ventas  Reporte de Operaciones
------------------           ------  ----------------------
Ventas             $  18900    100%  Decisiones:Precio     $    45
CBV                $  -7560     40%             Producción     420 unid.
                  --------- -------             Marketing  $  4500
Margen Bruto       $  11340     60%             Inversión  $ 12000
Marketing          $  -4500     24%             I & D      $  4500
Depreciación       $  -1050      6%
I & D              $  -4500     24%
Carga Social       $      0      0%  Reporte de Producción:
Cargo Inventario   $      0      0%  Producción                420 unid.
Interés            $   -668      4%  Capacid. de Fábrica       525 unid.
                  --------- -------  Capacid. Utilizada        80%
Utilid.ant.de Imp. $    622      3%  Produc.Costo/Unidad   $ 18.00
Impuestos          $   -156      1%  Inventario                  0 unid.
                  --------- -------  Empleados                  84 trabaj.
Utilidad Neta      $    466      2%

Hoja de Balance             % Total  Reporte de Marketing:
---------------             -------  Ordenes Recibidas         607 unid.
Efectivo           $  17026     35%  Ventas Realizadas         420 unid.
Inventario         $      0      0%  Ordenes no Realizadas     187 unid.
Inver. de Capital  $  31950     65%  Precio/Unid. Vendida  $ 45.00
                  --------- -------  Tot. Costo/Unid Vend. $ 43.52
Total Activo       $  48976    100%  Margen/Unid.Vendida   $  1.48

Préstamos          $  24289     50%  Reporte de Inversión:
Ganancias Reten.   $   1849      4%  Capacid.de Fabr. $  21000     525 unid.
Capital            $  22838     47%  Inversión Neta   $  10950     274 unid.
                  --------- -------                   --------- ------
Pasivo+Patrimonio  $  48976    100%  Próx. Capacidad  $  31950     799 unid.

Flujo de Caja
---------
Caja Inicial       $  11879
Utilidad Neta      $    466
Depreciación       $   1050
Invers. de Capital $ -12000
Cambio de Invent.  $      0
Préstamo Neto      $  15631
                  ---------
Caja Final         $  17026

 La cantidad demandada fue mayor que la producción (cantidad ofertada).
--Puede reducir la cantidad demandada con un precio m s alto.
--Puede reducir la demanda (la curva de la demanda cambiar a la izquierda)
 con menos marketing y/o menos I&D.
--Puede incrementar la cantidad ofertada con más producción.

