            Reporte de la Compañía GITANOS for Período 1

Estado de Ingresos         % Ventas  Reporte de Operaciones
------------------           ------  ----------------------
Ventas             $  20433    100%  Decisiones:Precio     $    49
CBV                $  -8173     40%             Producción     500 unid.
                  --------- -------             Marketing  $  1850
Margen Bruto       $  12260     60%             Inversión  $  7500
Marketing          $  -1850      9%             I & D      $  6000
Depreciación       $  -1050      5%
I & D              $  -6000     29%
Carga Social       $      0      0%  Reporte de Producción:
Cargo Inventario   $      0      0%  Producción                500 unid.
Interés            $   -574      3%  Capacid. de Fábrica       525 unid.
                  --------- -------  Capacid. Utilizada        95%
Utilid.ant.de Imp. $   2786     14%  Produc.Costo/Unidad   $ 19.60
Impuestos          $   -697      3%  Inventario                 83 unid.
                  --------- -------  Empleados                 100 trabaj.
Utilidad Neta      $   2089     10%

Hoja de Balance             % Total  Reporte de Marketing:
---------------             -------  Ordenes Recibidas         417 unid.
Efectivo           $  18112     38%  Ventas Realizadas         417 unid.
Inventario         $   1627      3%  Ordenes no Realizadas       0 unid.
Inver. de Capital  $  27450     58%  Precio/Unid. Vendida  $ 49.00
                  --------- -------  Tot. Costo/Unid Vend. $ 42.32
Total Activo       $  47189    100%  Margen/Unid.Vendida   $  6.68

Préstamos          $  20879     44%  Reporte de Inversión:
Ganancias Reten.   $   3472      7%  Capacid.de Fabr. $  21000     525 unid.
Capital            $  22838     48%  Inversión Neta   $   6450     161 unid.
                  --------- -------                   --------- ------
Pasivo+Patrimonio  $  47189    100%  Próx. Capacidad  $  27450     686 unid.

Flujo de Caja
---------
Caja Inicial       $  11879
Utilidad Neta      $   2089
Depreciación       $   1050
Invers. de Capital $  -7500
Cambio de Invent.  $  -1627
Préstamo Neto      $  12221
                  ---------
Caja Final         $  18112

 La producción (cantidad ofertada) fue mayor que la demanda.
--Puede incrementar la cantidad demandada con un precio m s bajo.
--Puede incrementar la demanda (la curva de la demanda cambia a la derecha) 
 inviertiendo m s en el marketing e I & D.
--Puede reducir la cantidad ofertada produciendo menos.

 En este período su inventario excede 10 23607e su producción. Remember
there is an opportunity cost to carrying inventory. 
¿Es esto parte de su estrategia a largo plazo?

 Su producción est  por encima del 5 23607el costo mínimo por unidad, del nivel 
 de producción. Ud. podría reducir la producción o incrementar la capacidad 
 para lograr un costo mínimo por unidad.

