            Reporte de la Compañía DAVERIO for Período 1

Estado de Ingresos         % Ventas  Reporte de Operaciones
------------------           ------  ----------------------
Ventas             $  14560    100%  Decisiones:Precio     $    40
CBV                $  -7123     49%             Producción     364 unid.
                  --------- -------             Marketing  $  1500
Margen Bruto       $   7437     51%             Inversión  $  1050
Marketing          $  -1500     10%             I & D      $   600
Depreciación       $  -1050      7%
I & D              $   -600      4%
Carga Social       $    -60      0%  Reporte de Producción:
Cargo Inventario   $      0      0%  Producción                364 unid.
Interés            $   -165      1%  Capacid. de Fábrica       525 unid.
                  --------- -------  Capacid. Utilizada        69%
Utilid.ant.de Imp. $   4062     28%  Produc.Costo/Unidad   $ 19.57
Impuestos          $  -1016      7%  Inventario                  0 unid.
                  --------- -------  Empleados                  73 trabaj.
Utilidad Neta      $   3046     21%

Hoja de Balance             % Total  Reporte de Marketing:
---------------             -------  Ordenes Recibidas         673 unid.
Efectivo           $  12270     37%  Ventas Realizadas         364 unid.
Inventario         $      0      0%  Ordenes no Realizadas     309 unid.
Inver. de Capital  $  21000     63%  Precio/Unid. Vendida  $ 40.00
                  --------- -------  Tot. Costo/Unid Vend. $ 28.68
Total Activo       $  33270    100%  Margen/Unid.Vendida   $ 11.32

Préstamos          $   6002     18%  Reporte de Inversión:
Ganancias Reten.   $   4429     13%  Capacid.de Fabr. $  21000     525 unid.
Capital            $  22838     69%  Inversión Neta   $      0       0 unid.
                  --------- -------                   --------- ------
Pasivo+Patrimonio  $  33269    100%  Próx. Capacidad  $  21000     525 unid.

Flujo de Caja
---------
Caja Inicial       $  11879
Utilidad Neta      $   3046
Depreciación       $   1050
Invers. de Capital $  -1050
Cambio de Invent.  $      0
Préstamo Neto      $  -2656
                  ---------
Caja Final         $  12270

 La cantidad demandada fue mayor que la producción (cantidad ofertada).
--Puede reducir la cantidad demandada con un precio m s alto.
--Puede reducir la demanda (la curva de la demanda cambiar a la izquierda)
 con menos marketing y/o menos I&D.
--Puede incrementar la cantidad ofertada con más producción.

 Su producción est  por debajo del 5 23607el costo mínimo por unidad,
 del nivel de producción. Puede incrementar la producción o reducir su inversión 
 de capital para lograr un costo mínimo por unidad.

