            Reporte de la Compañía DIANA for Período 1

Estado de Ingresos         % Ventas  Reporte de Operaciones
------------------           ------  ----------------------
Ventas             $  21000    100%  Decisiones:Precio     $    50
CBV                $  -7560     36%             Producción     420 unid.
                  --------- -------             Marketing  $  6000
Margen Bruto       $  13440     64%             Inversión  $  8500
Marketing          $  -6000     29%             I & D      $  4000
Depreciación       $  -1050      5%
I & D              $  -4000     19%
Carga Social       $      0      0%  Reporte de Producción:
Cargo Inventario   $      0      0%  Producción                420 unid.
Interés            $   -599      3%  Capacid. de Fábrica       525 unid.
                  --------- -------  Capacid. Utilizada        80%
Utilid.ant.de Imp. $   1791      9%  Produc.Costo/Unidad   $ 18.00
Impuestos          $   -448      2%  Inventario                  0 unid.
                  --------- -------  Empleados                  84 trabaj.
Utilidad Neta      $   1343      6%

Hoja de Balance             % Total  Reporte de Marketing:
---------------             -------  Ordenes Recibidas         478 unid.
Efectivo           $  18903     40%  Ventas Realizadas         420 unid.
Inventario         $      0      0%  Ordenes no Realizadas      58 unid.
Inver. de Capital  $  28450     60%  Precio/Unid. Vendida  $ 50.00
                  --------- -------  Tot. Costo/Unid Vend. $ 45.74
Total Activo       $  47353    100%  Margen/Unid.Vendida   $  4.26

Préstamos          $  21789     46%  Reporte de Inversión:
Ganancias Reten.   $   2726      6%  Capacid.de Fabr. $  21000     525 unid.
Capital            $  22838     48%  Inversión Neta   $   7450     186 unid.
                  --------- -------                   --------- ------
Pasivo+Patrimonio  $  47353    100%  Próx. Capacidad  $  28450     711 unid.

Flujo de Caja
---------
Caja Inicial       $  11879
Utilidad Neta      $   1343
Depreciación       $   1050
Invers. de Capital $  -8500
Cambio de Invent.  $      0
Préstamo Neto      $  13131
                  ---------
Caja Final         $  18903

 La cantidad demandada fue mayor que la producción (cantidad ofertada).
--Puede reducir la cantidad demandada con un precio m s alto.
--Puede reducir la demanda (la curva de la demanda cambiar a la izquierda)
 con menos marketing y/o menos I&D.
--Puede incrementar la cantidad ofertada con más producción.

