            Reporte de la Compañía SUB21 for Período 1

Estado de Ingresos         % Ventas  Reporte de Operaciones
------------------           ------  ----------------------
Ventas             $  18900    100%  Decisiones:Precio     $    45
CBV                $  -7560     40%             Producción     420 unid.
                  --------- -------             Marketing  $  2500
Margen Bruto       $  11340     60%             Inversión  $ 12050
Marketing          $  -2500     13%             I & D      $  7500
Depreciación       $  -1050      6%
I & D              $  -7500     40%
Carga Social       $      0      0%  Reporte de Producción:
Cargo Inventario   $      0      0%  Producción                420 unid.
Interés            $   -697      4%  Capacid. de Fábrica       525 unid.
                  --------- -------  Capacid. Utilizada        80%
Utilid.ant.de Imp. $   -407     -1%  Produc.Costo/Unidad   $ 18.00
Impuestos          $      0      0%  Inventario                  0 unid.
                  --------- -------  Empleados                  84 trabaj.
Utilidad Neta      $   -407     -1%

Hoja de Balance             % Total  Reporte de Marketing:
---------------             -------  Ordenes Recibidas         472 unid.
Efectivo           $  17255     35%  Ventas Realizadas         420 unid.
Inventario         $      0      0%  Ordenes no Realizadas      52 unid.
Inver. de Capital  $  32000     65%  Precio/Unid. Vendida  $ 45.00
                  --------- -------  Tot. Costo/Unid Vend. $ 45.97
Total Activo       $  49255    100%  Margen/Unid.Vendida   $ -0.97

Préstamos          $  25339     51%  Reporte de Inversión:
Ganancias Reten.   $   1078      2%  Capacid.de Fabr. $  21000     525 unid.
Capital            $  22838     46%  Inversión Neta   $  11000     275 unid.
                  --------- -------                   --------- ------
Pasivo+Patrimonio  $  49255    100%  Próx. Capacidad  $  32000     800 unid.

Flujo de Caja
---------
Caja Inicial       $  11879
Utilidad Neta      $   -407
Depreciación       $   1050
Invers. de Capital $ -12050
Cambio de Invent.  $      0
Préstamo Neto      $  16681
                  ---------
Caja Final         $  17255

 La cantidad demandada fue mayor que la producción (cantidad ofertada).
--Puede reducir la cantidad demandada con un precio m s alto.
--Puede reducir la demanda (la curva de la demanda cambiar a la izquierda)
 con menos marketing y/o menos I&D.
--Puede incrementar la cantidad ofertada con más producción.

