            Reporte de la Compañía MARINETA for Período 1

Estado de Ingresos         % Ventas  Reporte de Operaciones
------------------           ------  ----------------------
Ventas             $  13440    100%  Decisiones:Precio     $    32
CBV                $  -7560     56%             Producción     420 unid.
                  --------- -------             Marketing  $  1200
Margen Bruto       $   5880     44%             Inversión  $  1000
Marketing          $  -1200      9%             I & D      $   420
Depreciación       $  -1050      8%
I & D              $   -420      3%
Carga Social       $      0      0%  Reporte de Producción:
Cargo Inventario   $      0      0%  Producción                420 unid.
Interés            $   -162      1%  Capacid. de Fábrica       525 unid.
                  --------- -------  Capacid. Utilizada        80%
Utilid.ant.de Imp. $   3048     23%  Produc.Costo/Unidad   $ 18.00
Impuestos          $   -762      6%  Inventario                  0 unid.
                  --------- -------  Empleados                  84 trabaj.
Utilidad Neta      $   2286     17%

Hoja de Balance             % Total  Reporte de Marketing:
---------------             -------  Ordenes Recibidas         574 unid.
Efectivo           $  11466     35%  Ventas Realizadas         420 unid.
Inventario         $      0      0%  Ordenes no Realizadas     154 unid.
Inver. de Capital  $  20950     65%  Precio/Unid. Vendida  $ 32.00
                  --------- -------  Tot. Costo/Unid Vend. $ 24.74
Total Activo       $  32416    100%  Margen/Unid.Vendida   $  7.26

Préstamos          $   5909     18%  Reporte de Inversión:
Ganancias Reten.   $   3669     11%  Capacid.de Fabr. $  21000     525 unid.
Capital            $  22838     70%  Inversión Neta   $    -50      -1 unid.
                  --------- -------                   --------- ------
Pasivo+Patrimonio  $  32416    100%  Próx. Capacidad  $  20950     524 unid.

Flujo de Caja
---------
Caja Inicial       $  11879
Utilidad Neta      $   2286
Depreciación       $   1050
Invers. de Capital $  -1000
Cambio de Invent.  $      0
Préstamo Neto      $  -2749
                  ---------
Caja Final         $  11466

 La cantidad demandada fue mayor que la producción (cantidad ofertada).
--Puede reducir la cantidad demandada con un precio m s alto.
--Puede reducir la demanda (la curva de la demanda cambiar a la izquierda)
 con menos marketing y/o menos I&D.
--Puede incrementar la cantidad ofertada con más producción.

