            Reporte de la Compañía STORM for Período 1

Estado de Ingresos         % Ventas  Reporte de Operaciones
------------------           ------  ----------------------
Ventas             $  16800    100%  Decisiones:Precio     $    40
CBV                $  -7560     45%             Producción     420 unid.
                  --------- -------             Marketing  $  4000
Margen Bruto       $   9240     55%             Inversión  $ 10500
Marketing          $  -4000     24%             I & D      $  4300
Depreciación       $  -1050      6%
I & D              $  -4300     26%
Carga Social       $      0      0%  Reporte de Producción:
Cargo Inventario   $      0      0%  Producción                420 unid.
Interés            $   -607      4%  Capacid. de Fábrica       525 unid.
                  --------- -------  Capacid. Utilizada        80%
Utilid.ant.de Imp. $   -717     -3%  Produc.Costo/Unidad   $ 18.00
Impuestos          $      0      0%  Inventario                  0 unid.
                  --------- -------  Empleados                  84 trabaj.
Utilidad Neta      $   -717     -3%

Hoja de Balance             % Total  Reporte de Marketing:
---------------             -------  Ordenes Recibidas         573 unid.
Efectivo           $  15322     33%  Ventas Realizadas         420 unid.
Inventario         $      0      0%  Ordenes no Realizadas     153 unid.
Inver. de Capital  $  30450     67%  Precio/Unid. Vendida  $ 40.00
                  --------- -------  Tot. Costo/Unid Vend. $ 41.71
Total Activo       $  45772    100%  Margen/Unid.Vendida   $ -1.71

Préstamos          $  22089     48%  Reporte de Inversión:
Ganancias Reten.   $    845      2%  Capacid.de Fabr. $  21000     525 unid.
Capital            $  22838     50%  Inversión Neta   $   9450     236 unid.
                  --------- -------                   --------- ------
Pasivo+Patrimonio  $  45772    100%  Próx. Capacidad  $  30450     761 unid.

Flujo de Caja
---------
Caja Inicial       $  11879
Utilidad Neta      $   -717
Depreciación       $   1050
Invers. de Capital $ -10500
Cambio de Invent.  $      0
Préstamo Neto      $  13431
                  ---------
Caja Final         $  15322

 La cantidad demandada fue mayor que la producción (cantidad ofertada).
--Puede reducir la cantidad demandada con un precio m s alto.
--Puede reducir la demanda (la curva de la demanda cambiar a la izquierda)
 con menos marketing y/o menos I&D.
--Puede incrementar la cantidad ofertada con más producción.

