            Reporte de la Compañía VASKEROS for Período 1

Estado de Ingresos         % Ventas  Reporte de Operaciones
------------------           ------  ----------------------
Ventas             $   7480    100%  Decisiones:Precio     $    40
CBV                $  -8449    113%             Producción     187 unid.
                  --------- -------             Marketing  $  7500
Margen Bruto       $   -969    -12%             Inversión  $  5000
Marketing          $  -7500    100%             I & D      $  1000
Depreciación       $  -1050     14%
I & D              $  -1000     13%
Carga Social       $   -420      6%  Reporte de Producción:
Cargo Inventario   $      0      0%  Producción                187 unid.
Interés            $   -486      6%  Capacid. de Fábrica       525 unid.
                  --------- -------  Capacid. Utilizada        36%
Utilid.ant.de Imp. $ -11425    -152%  Produc.Costo/Unidad   $ 45.18
Impuestos          $      0      0%  Inventario                  0 unid.
                  --------- -------  Empleados                  37 trabaj.
Utilidad Neta      $ -11425    -152%

Hoja de Balance             % Total  Reporte de Marketing:
---------------             -------  Ordenes Recibidas         669 unid.
Efectivo           $   8380     25%  Ventas Realizadas         187 unid.
Inventario         $      0      0%  Ordenes no Realizadas     482 unid.
Inver. de Capital  $  24950     75%  Precio/Unid. Vendida  $ 40.00
                  --------- -------  Tot. Costo/Unid Vend. $ 98.85
Total Activo       $  33330    100%  Margen/Unid.Vendida   $-58.85

Préstamos          $  17678     53%  Reporte de Inversión:
Ganancias Reten.   $  -7186    -21%  Capacid.de Fabr. $  21000     525 unid.
Capital            $  22838     69%  Inversión Neta   $   3950      99 unid.
                  --------- -------                   --------- ------
Pasivo+Patrimonio  $  33330    100%  Próx. Capacidad  $  24950     624 unid.

Flujo de Caja
---------
Caja Inicial       $  11879
Utilidad Neta      $ -11425
Depreciación       $   1050
Invers. de Capital $  -5000
Cambio de Invent.  $      0
Préstamo Neto      $   9020
                  ---------
Caja Final         $   8380

 La cantidad demandada fue mayor que la producción (cantidad ofertada).
--Puede reducir la cantidad demandada con un precio m s alto.
--Puede reducir la demanda (la curva de la demanda cambiar a la izquierda)
 con menos marketing y/o menos I&D.
--Puede incrementar la cantidad ofertada con más producción.

 Su producción est  por debajo del 5 23607el costo mínimo por unidad,
 del nivel de producción. Puede incrementar la producción o reducir su inversión 
 de capital para lograr un costo mínimo por unidad.

