            Reporte de la Compañía JAGAC0LD for Período 1

Estado de Ingresos         % Ventas  Reporte de Operaciones
------------------           ------  ----------------------
Ventas             $  18354    100%  Decisiones:Precio     $    42
CBV                $  -8163     44%             Producción     472 unid.
                  --------- -------             Marketing  $  2380
Margen Bruto       $  10191     56%             Inversión  $ 10050
Marketing          $  -2380     13%             I & D      $  1190
Depreciación       $  -1050      6%
I & D              $  -1190      6%
Carga Social       $      0      0%  Reporte de Producción:
Cargo Inventario   $      0      0%  Producción                472 unid.
Interés            $   -500      3%  Capacid. de Fábrica       525 unid.
                  --------- -------  Capacid. Utilizada        90%
Utilid.ant.de Imp. $   5071     28%  Produc.Costo/Unidad   $ 18.68
Impuestos          $  -1268      7%  Inventario                 35 unid.
                  --------- -------  Empleados                  94 trabaj.
Utilidad Neta      $   3803     21%

Hoja de Balance             % Total  Reporte de Marketing:
---------------             -------  Ordenes Recibidas         437 unid.
Efectivo           $  15537     34%  Ventas Realizadas         437 unid.
Inventario         $    653      1%  Ordenes no Realizadas       0 unid.
Inver. de Capital  $  30000     65%  Precio/Unid. Vendida  $ 42.00
                  --------- -------  Tot. Costo/Unid Vend. $ 30.40
Total Activo       $  46190    100%  Margen/Unid.Vendida   $ 11.60

Préstamos          $  18166     39%  Reporte de Inversión:
Ganancias Reten.   $   5186     11%  Capacid.de Fabr. $  21000     525 unid.
Capital            $  22838     49%  Inversión Neta   $   9000     225 unid.
                  --------- -------                   --------- ------
Pasivo+Patrimonio  $  46190    100%  Próx. Capacidad  $  30000     750 unid.

Flujo de Caja
---------
Caja Inicial       $  11879
Utilidad Neta      $   3803
Depreciación       $   1050
Invers. de Capital $ -10050
Cambio de Invent.  $   -653
Préstamo Neto      $   9508
                  ---------
Caja Final         $  15537

 La producción (cantidad ofertada) fue mayor que la demanda.
--Puede incrementar la cantidad demandada con un precio m s bajo.
--Puede incrementar la demanda (la curva de la demanda cambia a la derecha) 
 inviertiendo m s en el marketing e I & D.
--Puede reducir la cantidad ofertada produciendo menos.

 Su producción est  por encima del 5 23607el costo mínimo por unidad, del nivel 
 de producción. Ud. podría reducir la producción o incrementar la capacidad 
 para lograr un costo mínimo por unidad.

