            Reporte de la Compañía ATENEAS for Período 1

Estado de Ingresos         % Ventas  Reporte de Operaciones
------------------           ------  ----------------------
Ventas             $  24360    100%  Decisiones:Precio     $    58
CBV                $  -7560     31%             Producción     420 unid.
                  --------- -------             Marketing  $  8000
Margen Bruto       $  16800     69%             Inversión  $ 10050
Marketing          $  -8000     33%             I & D      $  9000
Depreciación       $  -1050      4%
I & D              $  -9000     37%
Carga Social       $      0      0%  Reporte de Producción:
Cargo Inventario   $      0      0%  Producción                420 unid.
Interés            $   -834      3%  Capacid. de Fábrica       525 unid.
                  --------- -------  Capacid. Utilizada        80%
Utilid.ant.de Imp. $  -2084     -8%  Produc.Costo/Unidad   $ 18.00
Impuestos          $      0      0%  Inventario                  0 unid.
                  --------- -------  Empleados                  84 trabaj.
Utilidad Neta      $  -2084     -8%

Hoja de Balance             % Total  Reporte de Marketing:
---------------             -------  Ordenes Recibidas         433 unid.
Efectivo           $  22997     43%  Ventas Realizadas         420 unid.
Inventario         $      0      0%  Ordenes no Realizadas      13 unid.
Inver. de Capital  $  30000     57%  Precio/Unid. Vendida  $ 58.00
                  --------- -------  Tot. Costo/Unid Vend. $ 62.96
Total Activo       $  52997    100%  Margen/Unid.Vendida   $ -4.96

Préstamos          $  30339     57%  Reporte de Inversión:
Ganancias Reten.   $   -180      0%  Capacid.de Fabr. $  21000     525 unid.
Capital            $  22838     43%  Inversión Neta   $   9000     225 unid.
                  --------- -------                   --------- ------
Pasivo+Patrimonio  $  52997    100%  Próx. Capacidad  $  30000     750 unid.

Flujo de Caja
---------
Caja Inicial       $  11879
Utilidad Neta      $  -2084
Depreciación       $   1050
Invers. de Capital $ -10050
Cambio de Invent.  $      0
Préstamo Neto      $  21681
                  ---------
Caja Final         $  22997

 Felicitaciones! Ud. ha logrado balancear su producción (cantidad ofertada) y 
 ordenes (cantidad demandada) con un margen del 5%.

