            Reporte de la Compañía TAG for Período 1

Estado de Ingresos         % Ventas  Reporte de Operaciones
------------------           ------  ----------------------
Ventas             $  21000    100%  Decisiones:Precio     $    40
CBV                $ -10899     52%             Producción     525 unid.
                  --------- -------             Marketing  $  3600
Margen Bruto       $  10101     48%             Inversión  $ 11000
Marketing          $  -3600     17%             I & D      $  5000
Depreciación       $  -1050      5%
I & D              $  -5000     24%
Carga Social       $      0      0%  Reporte de Producción:
Cargo Inventario   $      0      0%  Producción                525 unid.
Interés            $   -721      3%  Capacid. de Fábrica       525 unid.
                  --------- -------  Capacid. Utilizada       100%
Utilid.ant.de Imp. $   -270      0%  Produc.Costo/Unidad   $ 20.76
Impuestos          $      0      0%  Inventario                  0 unid.
                  --------- -------  Empleados                 105 trabaj.
Utilidad Neta      $   -270      0%

Hoja de Balance             % Total  Reporte de Marketing:
---------------             -------  Ordenes Recibidas         680 unid.
Efectivo           $  19297     38%  Ventas Realizadas         525 unid.
Inventario         $      0      0%  Ordenes no Realizadas     155 unid.
Inver. de Capital  $  30950     62%  Precio/Unid. Vendida  $ 40.00
                  --------- -------  Tot. Costo/Unid Vend. $ 40.51
Total Activo       $  50247    100%  Margen/Unid.Vendida   $ -0.51

Préstamos          $  26228     52%  Reporte de Inversión:
Ganancias Reten.   $   1181      2%  Capacid.de Fabr. $  21000     525 unid.
Capital            $  22838     45%  Inversión Neta   $   9950     249 unid.
                  --------- -------                   --------- ------
Pasivo+Patrimonio  $  50247    100%  Próx. Capacidad  $  30950     774 unid.

Flujo de Caja
---------
Caja Inicial       $  11879
Utilidad Neta      $   -270
Depreciación       $   1050
Invers. de Capital $ -11000
Cambio de Invent.  $      0
Préstamo Neto      $  17570
                  ---------
Caja Final         $  19297

 La cantidad demandada fue mayor que la producción (cantidad ofertada).
--Puede reducir la cantidad demandada con un precio m s alto.
--Puede reducir la demanda (la curva de la demanda cambiar a la izquierda)
 con menos marketing y/o menos I&D.
--Puede incrementar la cantidad ofertada con más producción.

 Su producción est  por encima del 5 23607el costo mínimo por unidad, del nivel 
 de producción. Ud. podría reducir la producción o incrementar la capacidad 
 para lograr un costo mínimo por unidad.

