            Reporte de la Compañía MISURI for Período 1

Estado de Ingresos         % Ventas  Reporte de Operaciones
------------------           ------  ----------------------
Ventas             $  15000    100%  Decisiones:Precio     $    50
CBV                $  -7563     50%             Producción     300 unid.
                  --------- -------             Marketing  $  3000
Margen Bruto       $   7437     50%             Inversión  $  4000
Marketing          $  -3000     20%             I & D      $  6000
Depreciación       $  -1050      7%
I & D              $  -6000     40%
Carga Social       $   -190      1%  Reporte de Producción:
Cargo Inventario   $      0      0%  Producción                300 unid.
Interés            $   -448      3%  Capacid. de Fábrica       525 unid.
                  --------- -------  Capacid. Utilizada        57%
Utilid.ant.de Imp. $  -3251    -21%  Produc.Costo/Unidad   $ 25.21
Impuestos          $      0      0%  Inventario                  0 unid.
                  --------- -------  Empleados                  60 trabaj.
Utilidad Neta      $  -3251    -21%

Hoja de Balance             % Total  Reporte de Marketing:
---------------             -------  Ordenes Recibidas         413 unid.
Efectivo           $  14125     37%  Ventas Realizadas         300 unid.
Inventario         $      0      0%  Ordenes no Realizadas     113 unid.
Inver. de Capital  $  23950     63%  Precio/Unid. Vendida  $ 50.00
                  --------- -------  Tot. Costo/Unid Vend. $ 60.20
Total Activo       $  38075    100%  Margen/Unid.Vendida   $-10.20

Préstamos          $  16292     43%  Reporte de Inversión:
Ganancias Reten.   $  -1055     -2%  Capacid.de Fabr. $  21000     525 unid.
Capital            $  22838     60%  Inversión Neta   $   2950      74 unid.
                  --------- -------                   --------- ------
Pasivo+Patrimonio  $  38075    100%  Próx. Capacidad  $  23950     599 unid.

Flujo de Caja
---------
Caja Inicial       $  11879
Utilidad Neta      $  -3251
Depreciación       $   1050
Invers. de Capital $  -4000
Cambio de Invent.  $      0
Préstamo Neto      $   7634
                  ---------
Caja Final         $  14125

 La cantidad demandada fue mayor que la producción (cantidad ofertada).
--Puede reducir la cantidad demandada con un precio m s alto.
--Puede reducir la demanda (la curva de la demanda cambiar a la izquierda)
 con menos marketing y/o menos I&D.
--Puede incrementar la cantidad ofertada con más producción.

 Su producción est  por debajo del 5 23607el costo mínimo por unidad,
 del nivel de producción. Puede incrementar la producción o reducir su inversión 
 de capital para lograr un costo mínimo por unidad.

