            Reporte de la Compañía CORDER for Período 1

Estado de Ingresos         % Ventas  Reporte de Operaciones
------------------           ------  ----------------------
Ventas             $  20475    100%  Decisiones:Precio     $    39
CBV                $ -10899     53%             Producción     525 unid.
                  --------- -------             Marketing  $  2500
Margen Bruto       $   9576     47%             Inversión  $  1569
Marketing          $  -2500     12%             I & D      $  2777
Depreciación       $  -1050      5%
I & D              $  -2777     14%
Carga Social       $      0      0%  Reporte de Producción:
Cargo Inventario   $      0      0%  Producción                525 unid.
Interés            $   -371      2%  Capacid. de Fábrica       525 unid.
                  --------- -------  Capacid. Utilizada       100%
Utilid.ant.de Imp. $   2878     14%  Produc.Costo/Unidad   $ 20.76
Impuestos          $   -720      4%  Inventario                  0 unid.
                  --------- -------  Empleados                 105 trabaj.
Utilidad Neta      $   2158     11%

Hoja de Balance             % Total  Reporte de Marketing:
---------------             -------  Ordenes Recibidas         759 unid.
Efectivo           $  18334     46%  Ventas Realizadas         525 unid.
Inventario         $      0      0%  Ordenes no Realizadas     234 unid.
Inver. de Capital  $  21519     54%  Precio/Unid. Vendida  $ 39.00
                  --------- -------  Tot. Costo/Unid Vend. $ 33.52
Total Activo       $  39853    100%  Margen/Unid.Vendida   $  5.48

Préstamos          $  13474     34%  Reporte de Inversión:
Ganancias Reten.   $   3541      9%  Capacid.de Fabr. $  21000     525 unid.
Capital            $  22838     57%  Inversión Neta   $    519      13 unid.
                  --------- -------                   --------- ------
Pasivo+Patrimonio  $  39853    100%  Próx. Capacidad  $  21519     538 unid.

Flujo de Caja
---------
Caja Inicial       $  11879
Utilidad Neta      $   2158
Depreciación       $   1050
Invers. de Capital $  -1569
Cambio de Invent.  $      0
Préstamo Neto      $   4816
                  ---------
Caja Final         $  18334

 La cantidad demandada fue mayor que la producción (cantidad ofertada).
--Puede reducir la cantidad demandada con un precio m s alto.
--Puede reducir la demanda (la curva de la demanda cambiar a la izquierda)
 con menos marketing y/o menos I&D.
--Puede incrementar la cantidad ofertada con más producción.

 Su producción est  por encima del 5 23607el costo mínimo por unidad, del nivel 
 de producción. Ud. podría reducir la producción o incrementar la capacidad 
 para lograr un costo mínimo por unidad.

