            Reporte de la Compañía CHILPLEX for Período 1

Estado de Ingresos         % Ventas  Reporte de Operaciones
------------------           ------  ----------------------
Ventas             $  16275    100%  Decisiones:Precio     $    31
CBV                $ -10899     67%             Producción     525 unid.
                  --------- -------             Marketing  $  2100
Margen Bruto       $   5376     33%             Inversión  $  2000
Marketing          $  -2100     13%             I & D      $  7000
Depreciación       $  -1050      6%
I & D              $  -7000     43%
Carga Social       $      0      0%  Reporte de Producción:
Cargo Inventario   $      0      0%  Producción                525 unid.
Interés            $   -488      3%  Capacid. de Fábrica       525 unid.
                  --------- -------  Capacid. Utilizada       100%
Utilid.ant.de Imp. $  -5262    -31%  Produc.Costo/Unidad   $ 20.76
Impuestos          $      0      0%  Inventario                  0 unid.
                  --------- -------  Empleados                 105 trabaj.
Utilidad Neta      $  -5262    -31%

Hoja de Balance             % Total  Reporte de Marketing:
---------------             -------  Ordenes Recibidas        1440 unid.
Efectivo           $  16053     42%  Ventas Realizadas         525 unid.
Inventario         $      0      0%  Ordenes no Realizadas     915 unid.
Inver. de Capital  $  21950     58%  Precio/Unid. Vendida  $ 31.00
                  --------- -------  Tot. Costo/Unid Vend. $ 41.02
Total Activo       $  38003    100%  Margen/Unid.Vendida   $-10.02

Préstamos          $  17728     47%  Reporte de Inversión:
Ganancias Reten.   $  -2563     -6%  Capacid.de Fabr. $  21000     525 unid.
Capital            $  22838     60%  Inversión Neta   $    950      24 unid.
                  --------- -------                   --------- ------
Pasivo+Patrimonio  $  38003    100%  Próx. Capacidad  $  21950     549 unid.

Flujo de Caja
---------
Caja Inicial       $  11879
Utilidad Neta      $  -5262
Depreciación       $   1050
Invers. de Capital $  -2000
Cambio de Invent.  $      0
Préstamo Neto      $   9070
                  ---------
Caja Final         $  16053

 La cantidad demandada fue mayor que la producción (cantidad ofertada).
--Puede reducir la cantidad demandada con un precio m s alto.
--Puede reducir la demanda (la curva de la demanda cambiar a la izquierda)
 con menos marketing y/o menos I&D.
--Puede incrementar la cantidad ofertada con más producción.

 Su producción est  por encima del 5 23607el costo mínimo por unidad, del nivel 
 de producción. Ud. podría reducir la producción o incrementar la capacidad 
 para lograr un costo mínimo por unidad.

