            Reporte de la Compañía MICROEST for Período 1

Estado de Ingresos         % Ventas  Reporte de Operaciones
------------------           ------  ----------------------
Ventas             $  15120    100%  Decisiones:Precio     $    36
CBV                $  -7560     50%             Producción     420 unid.
                  --------- -------             Marketing  $  1500
Margen Bruto       $   7560     50%             Inversión  $  1500
Marketing          $  -1500     10%             I & D      $   600
Depreciación       $  -1050      7%
I & D              $   -600      4%
Carga Social       $      0      0%  Reporte de Producción:
Cargo Inventario   $      0      0%  Producción                420 unid.
Interés            $   -189      1%  Capacid. de Fábrica       525 unid.
                  --------- -------  Capacid. Utilizada        80%
Utilid.ant.de Imp. $   4221     28%  Produc.Costo/Unidad   $ 18.00
Impuestos          $  -1055      7%  Inventario                  0 unid.
                  --------- -------  Empleados                  84 trabaj.
Utilidad Neta      $   3166     21%

Hoja de Balance             % Total  Reporte de Marketing:
---------------             -------  Ordenes Recibidas         818 unid.
Efectivo           $  12826     37%  Ventas Realizadas         420 unid.
Inventario         $      0      0%  Ordenes no Realizadas     398 unid.
Inver. de Capital  $  21450     63%  Precio/Unid. Vendida  $ 36.00
                  --------- -------  Tot. Costo/Unid Vend. $ 25.95
Total Activo       $  34276    100%  Margen/Unid.Vendida   $ 10.05

Préstamos          $   6889     20%  Reporte de Inversión:
Ganancias Reten.   $   4549     13%  Capacid.de Fabr. $  21000     525 unid.
Capital            $  22838     67%  Inversión Neta   $    450      11 unid.
                  --------- -------                   --------- ------
Pasivo+Patrimonio  $  34276    100%  Próx. Capacidad  $  21450     536 unid.

Flujo de Caja
---------
Caja Inicial       $  11879
Utilidad Neta      $   3166
Depreciación       $   1050
Invers. de Capital $  -1500
Cambio de Invent.  $      0
Préstamo Neto      $  -1769
                  ---------
Caja Final         $  12826

 La cantidad demandada fue mayor que la producción (cantidad ofertada).
--Puede reducir la cantidad demandada con un precio m s alto.
--Puede reducir la demanda (la curva de la demanda cambiar a la izquierda)
 con menos marketing y/o menos I&D.
--Puede incrementar la cantidad ofertada con más producción.

