            Reporte de la Compañía ECODA22 for Período 1

Estado de Ingresos         % Ventas  Reporte de Operaciones
------------------           ------  ----------------------
Ventas             $  19824    100%  Decisiones:Precio     $    42
CBV                $  -8817     44%             Producción     472 unid.
                  --------- -------             Marketing  $  2380
Margen Bruto       $  11007     56%             Inversión  $ 10050
Marketing          $  -2380     12%             I & D      $  1190
Depreciación       $  -1050      5%
I & D              $  -1190      6%
Carga Social       $      0      0%  Reporte de Producción:
Cargo Inventario   $      0      0%  Producción                472 unid.
Interés            $   -500      3%  Capacid. de Fábrica       525 unid.
                  --------- -------  Capacid. Utilizada        90%
Utilid.ant.de Imp. $   5887     30%  Produc.Costo/Unidad   $ 18.68
Impuestos          $  -1472      7%  Inventario                  0 unid.
                  --------- -------  Empleados                  94 trabaj.
Utilidad Neta      $   4415     22%

Hoja de Balance             % Total  Reporte de Marketing:
---------------             -------  Ordenes Recibidas         562 unid.
Efectivo           $  16802     36%  Ventas Realizadas         472 unid.
Inventario         $      0      0%  Ordenes no Realizadas      90 unid.
Inver. de Capital  $  30000     64%  Precio/Unid. Vendida  $ 42.00
                  --------- -------  Tot. Costo/Unid Vend. $ 29.53
Total Activo       $  46802    100%  Margen/Unid.Vendida   $ 12.47

Préstamos          $  18166     39%  Reporte de Inversión:
Ganancias Reten.   $   5798     12%  Capacid.de Fabr. $  21000     525 unid.
Capital            $  22838     49%  Inversión Neta   $   9000     225 unid.
                  --------- -------                   --------- ------
Pasivo+Patrimonio  $  46802    100%  Próx. Capacidad  $  30000     750 unid.

Flujo de Caja
---------
Caja Inicial       $  11879
Utilidad Neta      $   4415
Depreciación       $   1050
Invers. de Capital $ -10050
Cambio de Invent.  $      0
Préstamo Neto      $   9508
                  ---------
Caja Final         $  16802

 La cantidad demandada fue mayor que la producción (cantidad ofertada).
--Puede reducir la cantidad demandada con un precio m s alto.
--Puede reducir la demanda (la curva de la demanda cambiar a la izquierda)
 con menos marketing y/o menos I&D.
--Puede incrementar la cantidad ofertada con más producción.

 Su producción est  por encima del 5 23607el costo mínimo por unidad, del nivel 
 de producción. Ud. podría reducir la producción o incrementar la capacidad 
 para lograr un costo mínimo por unidad.

