            Reporte de la Compañía MMVJ for Período 1

Estado de Ingresos         % Ventas  Reporte de Operaciones
------------------           ------  ----------------------
Ventas             $  20070    100%  Decisiones:Precio     $    45
CBV                $  -8104     40%             Producción     446 unid.
                  --------- -------             Marketing  $  4300
Margen Bruto       $  11966     60%             Inversión  $  1050
Marketing          $  -4300     21%             I & D      $  2000
Depreciación       $  -1050      5%
I & D              $  -2000     10%
Carga Social       $      0      0%  Reporte de Producción:
Cargo Inventario   $      0      0%  Producción                446 unid.
Interés            $   -308      2%  Capacid. de Fábrica       525 unid.
                  --------- -------  Capacid. Utilizada        85%
Utilid.ant.de Imp. $   4308     21%  Produc.Costo/Unidad   $ 18.17
Impuestos          $  -1077      5%  Inventario                  0 unid.
                  --------- -------  Empleados                  89 trabaj.
Utilidad Neta      $   3231     16%

Hoja de Balance             % Total  Reporte de Marketing:
---------------             -------  Ordenes Recibidas         570 unid.
Efectivo           $  17635     46%  Ventas Realizadas         446 unid.
Inventario         $      0      0%  Ordenes no Realizadas     124 unid.
Inver. de Capital  $  21000     54%  Precio/Unid. Vendida  $ 45.00
                  --------- -------  Tot. Costo/Unid Vend. $ 35.34
Total Activo       $  38635    100%  Margen/Unid.Vendida   $  9.66

Préstamos          $  11183     29%  Reporte de Inversión:
Ganancias Reten.   $   4614     12%  Capacid.de Fabr. $  21000     525 unid.
Capital            $  22838     59%  Inversión Neta   $      0       0 unid.
                  --------- -------                   --------- ------
Pasivo+Patrimonio  $  38635    100%  Próx. Capacidad  $  21000     525 unid.

Flujo de Caja
---------
Caja Inicial       $  11879
Utilidad Neta      $   3231
Depreciación       $   1050
Invers. de Capital $  -1050
Cambio de Invent.  $      0
Préstamo Neto      $   2525
                  ---------
Caja Final         $  17635

 La cantidad demandada fue mayor que la producción (cantidad ofertada).
--Puede reducir la cantidad demandada con un precio m s alto.
--Puede reducir la demanda (la curva de la demanda cambiar a la izquierda)
 con menos marketing y/o menos I&D.
--Puede incrementar la cantidad ofertada con más producción.

