            Reporte de la Compañía MERCURIO for Período 1

Estado de Ingresos         % Ventas  Reporte de Operaciones
------------------           ------  ----------------------
Ventas             $  18031    100%  Decisiones:Precio     $    73
CBV                $  -5809     32%             Producción     315 unid.
                  --------- -------             Marketing  $  7000
Margen Bruto       $  12222     68%             Inversión  $  8000
Marketing          $  -7000     39%             I & D      $  9000
Depreciación       $  -1050      6%
I & D              $  -9000     50%
Carga Social       $   -160      1%  Reporte de Producción:
Cargo Inventario   $      0      0%  Producción                315 unid.
Interés            $   -746      4%  Capacid. de Fábrica       525 unid.
                  --------- -------  Capacid. Utilizada        60%
Utilid.ant.de Imp. $  -5734    -31%  Produc.Costo/Unidad   $ 23.52
Impuestos          $      0      0%  Inventario                 68 unid.
                  --------- -------  Empleados                  63 trabaj.
Utilidad Neta      $  -5734    -31%

Hoja de Balance             % Total  Reporte de Marketing:
---------------             -------  Ordenes Recibidas         247 unid.
Efectivo           $  17510     37%  Ventas Realizadas         247 unid.
Inventario         $   1599      3%  Ordenes no Realizadas       0 unid.
Inver. de Capital  $  27950     59%  Precio/Unid. Vendida  $ 73.00
                  --------- -------  Tot. Costo/Unid Vend. $ 95.57
Total Activo       $  47059    100%  Margen/Unid.Vendida   $-22.57

Préstamos          $  27138     58%  Reporte de Inversión:
Ganancias Reten.   $  -2917     -5%  Capacid.de Fabr. $  21000     525 unid.
Capital            $  22838     49%  Inversión Neta   $   6950     174 unid.
                  --------- -------                   --------- ------
Pasivo+Patrimonio  $  47059    100%  Próx. Capacidad  $  27950     699 unid.

Flujo de Caja
---------
Caja Inicial       $  11879
Utilidad Neta      $  -5734
Depreciación       $   1050
Invers. de Capital $  -8000
Cambio de Invent.  $  -1599
Préstamo Neto      $  18480
                  ---------
Caja Final         $  17510

 La producción (cantidad ofertada) fue mayor que la demanda.
--Puede incrementar la cantidad demandada con un precio m s bajo.
--Puede incrementar la demanda (la curva de la demanda cambia a la derecha) 
 inviertiendo m s en el marketing e I & D.
--Puede reducir la cantidad ofertada produciendo menos.

 En este período su inventario excede 10 23607e su producción. Remember
there is an opportunity cost to carrying inventory. 
¿Es esto parte de su estrategia a largo plazo?

 Su producción est  por debajo del 5 23607el costo mínimo por unidad,
 del nivel de producción. Puede incrementar la producción o reducir su inversión 
 de capital para lograr un costo mínimo por unidad.

